
           ####      G N O M              Version 5.0 (r8972)      ####
                                               Tue Sep 22 01:43:42 2020

           ####      Configuration                                 ####

    System Type:                   arbitrary monodisperse (job = 0)
    Minimum characteristic size:         0.0000
    Maximum characteristic size:       140.0000
    rad56:                               0.0000
    Force 0.0 at r = rmin:                  yes
    Force 0.0 at r = rmax:                  yes
    Initial alpha:                       0.0000
    Initial random seed:    3448703696077324981
    Points in real space:                   180

    Input  1:                      BjPutA1_protein6.0015.dat
    First data point used:                    1
    Last data point used:                   507
    Scaling coefficient:             0.1000E+01
    Experimental setup:            point collimation


           ####      Results                                       ####

    Parameter    DISCRP  OSCILL  STABIL  SYSDEV  POSITV  VALCEN  SMOOTH
    Weight        1.000   3.000   3.000   3.000   1.000   1.000   2.000
    Sigma         0.300   0.600   0.120   0.120   0.120   0.120   0.600
    Ideal         0.700   1.100   0.000   1.000   1.000   0.950   0.000
    Current       0.670   1.164   0.004   0.917   1.000   0.950   0.441
               --------------------------------------------------------
    Estimate      0.990   0.989   0.999   0.620   1.000   1.000   0.583

    Angular range:                       0.0119 to       0.3195
    Reciprocal space Rg:             0.5172E+02
    Reciprocal space I(0):           0.2142E+04

    Real space range:                    0.0000 to     140.0000
    Real space Rg:                   0.5156E+02 +-   0.3725E-01
    Real space I(0):                 0.2142E+04 +-   0.4027E+01

    Highest ALPHA (theor):           0.1631E+08
    Current ALPHA:                   0.2311E+02

    Total Estimate:                      0.8556 (a GOOD solution)



           ####      Experimental Data and Fit                     ####

      S          J EXP       ERROR       J REG       I REG

   0.000000E+00                                                0.214189E+04
   0.592900E-03                                                0.214121E+04
   0.118580E-02                                                0.213921E+04
   0.177870E-02                                                0.213588E+04
   0.237160E-02                                                0.213123E+04
   0.296450E-02                                                0.212525E+04
   0.355740E-02                                                0.211798E+04
   0.415030E-02                                                0.210940E+04
   0.474320E-02                                                0.209955E+04
   0.533610E-02                                                0.208842E+04
   0.592900E-02                                                0.207606E+04
   0.652190E-02                                                0.206246E+04
   0.711480E-02                                                0.204766E+04
   0.770770E-02                                                0.203168E+04
   0.830060E-02                                                0.201454E+04
   0.889350E-02                                                0.199627E+04
   0.948640E-02                                                0.197691E+04
   0.100793E-01                                                0.195647E+04
   0.106722E-01                                                0.193500E+04
   0.112651E-01                                                0.191253E+04
   0.118580E-01   0.185634E+04   0.725921E+01   0.188909E+04   0.188909E+04
   0.124670E-01   0.183709E+04   0.721469E+01   0.186404E+04   0.186404E+04
   0.130750E-01   0.180281E+04   0.123708E+03   0.183810E+04   0.183810E+04
   0.136830E-01   0.177960E+04   0.301428E+02   0.181126E+04   0.181126E+04
   0.142910E-01   0.176797E+04   0.805463E+02   0.178357E+04   0.178357E+04
   0.148990E-01   0.174977E+04   0.859980E+02   0.175507E+04   0.175507E+04
   0.155070E-01   0.175081E+04   0.140041E+02   0.172581E+04   0.172581E+04
   0.161150E-01   0.169331E+04   0.497345E+02   0.169583E+04   0.169583E+04
   0.167240E-01   0.167070E+04   0.297769E+02   0.166514E+04   0.166514E+04
   0.173320E-01   0.167468E+04   0.173618E+02   0.163387E+04   0.163387E+04
   0.179400E-01   0.160748E+04   0.253428E+02   0.160202E+04   0.160202E+04
   0.185480E-01   0.157845E+04   0.127447E+02   0.156965E+04   0.156965E+04
   0.191560E-01   0.156756E+04   0.295157E+02   0.153681E+04   0.153681E+04
   0.197640E-01   0.151617E+04   0.120627E+02   0.150354E+04   0.150354E+04
   0.203720E-01   0.146921E+04   0.277803E+02   0.146989E+04   0.146989E+04
   0.209800E-01   0.145954E+04   0.136639E+02   0.143591E+04   0.143591E+04
   0.215890E-01   0.141334E+04   0.179368E+02   0.140160E+04   0.140160E+04
   0.221970E-01   0.138156E+04   0.132530E+02   0.136711E+04   0.136711E+04
   0.228050E-01   0.135322E+04   0.162520E+02   0.133245E+04   0.133245E+04
   0.234130E-01   0.131622E+04   0.118127E+02   0.129765E+04   0.129765E+04
   0.240210E-01   0.127049E+04   0.140653E+02   0.126276E+04   0.126276E+04
   0.246290E-01   0.125446E+04   0.126495E+02   0.122784E+04   0.122784E+04
   0.252370E-01   0.120740E+04   0.122993E+02   0.119293E+04   0.119293E+04
   0.258450E-01   0.117930E+04   0.124936E+02   0.115807E+04   0.115807E+04
   0.264540E-01   0.113473E+04   0.135778E+02   0.112325E+04   0.112325E+04
   0.270620E-01   0.109897E+04   0.125445E+02   0.108863E+04   0.108863E+04
   0.276700E-01   0.106841E+04   0.133082E+02   0.105420E+04   0.105420E+04
   0.282780E-01   0.103161E+04   0.127913E+02   0.102000E+04   0.102000E+04
   0.288860E-01   0.987419E+03   0.101742E+02   0.986063E+03   0.986063E+03
   0.294940E-01   0.960905E+03   0.124612E+02   0.952435E+03   0.952435E+03
   0.301020E-01   0.928469E+03   0.101692E+02   0.919152E+03   0.919152E+03
   0.307100E-01   0.876321E+03   0.107503E+02   0.886250E+03   0.886250E+03
   0.313190E-01   0.860751E+03   0.992670E+01   0.853712E+03   0.853712E+03
   0.319270E-01   0.828302E+03   0.111036E+02   0.821677E+03   0.821677E+03
   0.325350E-01   0.792421E+03   0.932166E+01   0.790124E+03   0.790124E+03
   0.331430E-01   0.763969E+03   0.995818E+01   0.759083E+03   0.759083E+03
   0.337510E-01   0.742755E+03   0.927924E+01   0.728582E+03   0.728582E+03
   0.343590E-01   0.685992E+03   0.886332E+01   0.698649E+03   0.698649E+03
   0.349670E-01   0.683760E+03   0.943884E+01   0.669309E+03   0.669309E+03
   0.355750E-01   0.641196E+03   0.869732E+01   0.640586E+03   0.640586E+03
   0.361840E-01   0.610273E+03   0.875746E+01   0.612455E+03   0.612455E+03
   0.367920E-01   0.590186E+03   0.817166E+01   0.585029E+03   0.585029E+03
   0.374000E-01   0.565325E+03   0.839073E+01   0.558279E+03   0.558279E+03
   0.380080E-01   0.527931E+03   0.708781E+01   0.532222E+03   0.532222E+03
   0.386160E-01   0.516149E+03   0.826997E+01   0.506873E+03   0.506873E+03
   0.392240E-01   0.488847E+03   0.665882E+01   0.482245E+03   0.482245E+03
   0.398320E-01   0.451818E+03   0.745429E+01   0.458349E+03   0.458349E+03
   0.404400E-01   0.442999E+03   0.644770E+01   0.435194E+03   0.435194E+03
   0.410490E-01   0.416730E+03   0.683565E+01   0.412751E+03   0.412751E+03
   0.416570E-01   0.391431E+03   0.596117E+01   0.391101E+03   0.391101E+03
   0.422650E-01   0.372026E+03   0.619856E+01   0.370210E+03   0.370210E+03
   0.428730E-01   0.355844E+03   0.559734E+01   0.350081E+03   0.350081E+03
   0.434810E-01   0.325551E+03   0.532233E+01   0.330716E+03   0.330716E+03
   0.440890E-01   0.320731E+03   0.526481E+01   0.312112E+03   0.312112E+03
   0.446970E-01   0.293754E+03   0.484231E+01   0.294270E+03   0.294270E+03
   0.453050E-01   0.275555E+03   0.489643E+01   0.277184E+03   0.277184E+03
   0.459140E-01   0.265644E+03   0.453932E+01   0.260824E+03   0.260824E+03
   0.465220E-01   0.249502E+03   0.444967E+01   0.245237E+03   0.245237E+03
   0.471300E-01   0.229734E+03   0.378321E+01   0.230389E+03   0.230389E+03
   0.477380E-01   0.219783E+03   0.426834E+01   0.216269E+03   0.216269E+03
   0.483460E-01   0.202711E+03   0.330816E+01   0.202868E+03   0.202868E+03
   0.489540E-01   0.191453E+03   0.350736E+01   0.190174E+03   0.190174E+03
   0.495620E-01   0.180611E+03   0.311923E+01   0.178176E+03   0.178176E+03
   0.501700E-01   0.167510E+03   0.287215E+01   0.166859E+03   0.166859E+03
   0.507790E-01   0.156714E+03   0.273540E+01   0.156192E+03   0.156192E+03
   0.513870E-01   0.148452E+03   0.265450E+01   0.146194E+03   0.146194E+03
   0.519950E-01   0.136500E+03   0.225125E+01   0.136833E+03   0.136833E+03
   0.526030E-01   0.127174E+03   0.227146E+01   0.128089E+03   0.128089E+03
   0.532110E-01   0.121639E+03   0.207394E+01   0.119946E+03   0.119946E+03
   0.538190E-01   0.110741E+03   0.189953E+01   0.112386E+03   0.112386E+03
   0.544270E-01   0.104609E+03   0.181892E+01   0.105389E+03   0.105389E+03
   0.550350E-01   0.998006E+02   0.164057E+01   0.989361E+02   0.989361E+02
   0.556430E-01   0.920485E+02   0.147517E+01   0.930072E+02   0.930072E+02
   0.562520E-01   0.866218E+02   0.128000E+01   0.875736E+02   0.875736E+02
   0.568600E-01   0.837429E+02   0.140019E+01   0.826327E+02   0.826327E+02
   0.574680E-01   0.772419E+02   0.100554E+01   0.781540E+02   0.781540E+02
   0.580760E-01   0.732976E+02   0.106832E+01   0.741173E+02   0.741173E+02
   0.586840E-01   0.709618E+02   0.936995E+00   0.705007E+02   0.705007E+02
   0.592920E-01   0.661175E+02   0.806673E+00   0.672834E+02   0.672834E+02
   0.599000E-01   0.639805E+02   0.679261E+00   0.644442E+02   0.644442E+02
   0.605080E-01   0.615620E+02   0.654628E+00   0.619621E+02   0.619621E+02
   0.611170E-01   0.603059E+02   0.492055E+00   0.598126E+02   0.598126E+02
   0.617250E-01   0.577162E+02   0.471852E+00   0.579822E+02   0.579822E+02
   0.623330E-01   0.571493E+02   0.445555E+00   0.564464E+02   0.564464E+02
   0.629410E-01   0.548503E+02   0.399429E+00   0.551848E+02   0.551848E+02
   0.635490E-01   0.543337E+02   0.310449E+00   0.541775E+02   0.541775E+02
   0.641570E-01   0.530969E+02   0.330411E+00   0.534048E+02   0.534048E+02
   0.647650E-01   0.526638E+02   0.326152E+00   0.528475E+02   0.528475E+02
   0.653730E-01   0.523440E+02   0.276032E+00   0.524866E+02   0.524866E+02
   0.659820E-01   0.519704E+02   0.293758E+00   0.523038E+02   0.523038E+02
   0.665900E-01   0.522990E+02   0.279492E+00   0.522818E+02   0.522818E+02
   0.671980E-01   0.520260E+02   0.290435E+00   0.524027E+02   0.524027E+02
   0.678060E-01   0.521687E+02   0.304704E+00   0.526500E+02   0.526500E+02
   0.684140E-01   0.528055E+02   0.301374E+00   0.530074E+02   0.530074E+02
   0.690220E-01   0.535823E+02   0.309203E+00   0.534596E+02   0.534596E+02
   0.696300E-01   0.543476E+02   0.299228E+00   0.539913E+02   0.539913E+02
   0.702380E-01   0.548030E+02   0.305697E+00   0.545886E+02   0.545886E+02
   0.708460E-01   0.558034E+02   0.311928E+00   0.552380E+02   0.552380E+02
   0.714550E-01   0.559164E+02   0.294194E+00   0.559276E+02   0.559276E+02
   0.720630E-01   0.568354E+02   0.296618E+00   0.566429E+02   0.566429E+02
   0.726710E-01   0.573789E+02   0.278340E+00   0.573737E+02   0.573737E+02
   0.732790E-01   0.587455E+02   0.326913E+00   0.581090E+02   0.581090E+02
   0.738870E-01   0.594285E+02   0.276378E+00   0.588388E+02   0.588388E+02
   0.744950E-01   0.601531E+02   0.339732E+00   0.595536E+02   0.595536E+02
   0.751030E-01   0.600419E+02   0.282380E+00   0.602450E+02   0.602450E+02
   0.757110E-01   0.609032E+02   0.285211E+00   0.609047E+02   0.609047E+02
   0.763200E-01   0.616097E+02   0.307317E+00   0.615265E+02   0.615265E+02
   0.769280E-01   0.621481E+02   0.295450E+00   0.621016E+02   0.621016E+02
   0.775360E-01   0.628769E+02   0.318461E+00   0.626254E+02   0.626254E+02
   0.781440E-01   0.632829E+02   0.266855E+00   0.630923E+02   0.630923E+02
   0.787520E-01   0.631569E+02   0.285272E+00   0.634977E+02   0.634977E+02
   0.793600E-01   0.633116E+02   0.261704E+00   0.638375E+02   0.638375E+02
   0.799680E-01   0.636502E+02   0.248256E+00   0.641085E+02   0.641085E+02
   0.805760E-01   0.642570E+02   0.236995E+00   0.643076E+02   0.643076E+02
   0.811840E-01   0.639768E+02   0.261073E+00   0.644326E+02   0.644326E+02
   0.817930E-01   0.643756E+02   0.226120E+00   0.644817E+02   0.644817E+02
   0.824010E-01   0.642345E+02   0.239626E+00   0.644537E+02   0.644537E+02
   0.830090E-01   0.641261E+02   0.234538E+00   0.643478E+02   0.643478E+02
   0.836170E-01   0.642753E+02   0.245399E+00   0.641641E+02   0.641641E+02
   0.842250E-01   0.636401E+02   0.245086E+00   0.639024E+02   0.639024E+02
   0.848330E-01   0.638744E+02   0.237006E+00   0.635636E+02   0.635636E+02
   0.854410E-01   0.629731E+02   0.300714E+00   0.631487E+02   0.631487E+02
   0.860490E-01   0.629797E+02   0.230014E+00   0.626590E+02   0.626590E+02
   0.866570E-01   0.618802E+02   0.259451E+00   0.620963E+02   0.620963E+02
   0.872660E-01   0.619949E+02   0.241496E+00   0.614617E+02   0.614617E+02
   0.878740E-01   0.608157E+02   0.250236E+00   0.607595E+02   0.607595E+02
   0.884820E-01   0.601872E+02   0.265231E+00   0.599915E+02   0.599915E+02
   0.890900E-01   0.591832E+02   0.294048E+00   0.591604E+02   0.591604E+02
   0.896980E-01   0.582204E+02   0.271310E+00   0.582690E+02   0.582690E+02
   0.903060E-01   0.570676E+02   0.285872E+00   0.573218E+02   0.573218E+02
   0.909140E-01   0.565757E+02   0.268912E+00   0.563210E+02   0.563210E+02
   0.915220E-01   0.556080E+02   0.264304E+00   0.552707E+02   0.552707E+02
   0.921300E-01   0.545666E+02   0.308391E+00   0.541745E+02   0.541745E+02
   0.927390E-01   0.534074E+02   0.292602E+00   0.530342E+02   0.530342E+02
   0.933470E-01   0.522679E+02   0.290873E+00   0.518577E+02   0.518577E+02
   0.939550E-01   0.505451E+02   0.301298E+00   0.506469E+02   0.506469E+02
   0.945630E-01   0.496159E+02   0.345632E+00   0.494057E+02   0.494057E+02
   0.951710E-01   0.483516E+02   0.281217E+00   0.481381E+02   0.481381E+02
   0.957790E-01   0.464228E+02   0.343153E+00   0.468481E+02   0.468481E+02
   0.963870E-01   0.458144E+02   0.285501E+00   0.455396E+02   0.455396E+02
   0.969950E-01   0.441141E+02   0.303519E+00   0.442164E+02   0.442164E+02
   0.976030E-01   0.425660E+02   0.316241E+00   0.428824E+02   0.428824E+02
   0.982120E-01   0.414787E+02   0.322309E+00   0.415390E+02   0.415390E+02
   0.988200E-01   0.398179E+02   0.319293E+00   0.401942E+02   0.401942E+02
   0.994280E-01   0.387236E+02   0.316339E+00   0.388496E+02   0.388496E+02
   0.100036E+00   0.375776E+02   0.342654E+00   0.375083E+02   0.375083E+02
   0.100644E+00   0.364798E+02   0.286747E+00   0.361737E+02   0.361737E+02
   0.101252E+00   0.348246E+02   0.329603E+00   0.348489E+02   0.348489E+02
   0.101860E+00   0.338156E+02   0.287917E+00   0.335369E+02   0.335369E+02
   0.102468E+00   0.320770E+02   0.308821E+00   0.322405E+02   0.322405E+02
   0.103076E+00   0.303991E+02   0.294962E+00   0.309627E+02   0.309627E+02
   0.103685E+00   0.297763E+02   0.325050E+00   0.297036E+02   0.297036E+02
   0.104293E+00   0.282065E+02   0.286188E+00   0.284697E+02   0.284697E+02
   0.104901E+00   0.270190E+02   0.279120E+00   0.272612E+02   0.272612E+02
   0.105509E+00   0.263724E+02   0.293535E+00   0.260801E+02   0.260801E+02
   0.106117E+00   0.245686E+02   0.286080E+00   0.249281E+02   0.249281E+02
   0.106725E+00   0.239617E+02   0.268935E+00   0.238069E+02   0.238069E+02
   0.107333E+00   0.225730E+02   0.271173E+00   0.227179E+02   0.227179E+02
   0.107941E+00   0.215942E+02   0.244875E+00   0.216625E+02   0.216625E+02
   0.108549E+00   0.207038E+02   0.248573E+00   0.206418E+02   0.206418E+02
   0.109157E+00   0.198787E+02   0.249987E+00   0.196566E+02   0.196566E+02
   0.109766E+00   0.183600E+02   0.206855E+00   0.187062E+02   0.187062E+02
   0.110374E+00   0.175625E+02   0.217209E+00   0.177943E+02   0.177943E+02
   0.110982E+00   0.163754E+02   0.209265E+00   0.169198E+02   0.169198E+02
   0.111590E+00   0.158700E+02   0.214668E+00   0.160830E+02   0.160830E+02
   0.112198E+00   0.153149E+02   0.209786E+00   0.152839E+02   0.152839E+02
   0.112806E+00   0.148993E+02   0.221229E+00   0.145226E+02   0.145226E+02
   0.113414E+00   0.136220E+02   0.206516E+00   0.137989E+02   0.137989E+02
   0.114022E+00   0.133718E+02   0.218395E+00   0.131125E+02   0.131125E+02
   0.114630E+00   0.124543E+02   0.203539E+00   0.124631E+02   0.124631E+02
   0.115238E+00   0.115735E+02   0.196632E+00   0.118507E+02   0.118507E+02
   0.115847E+00   0.113410E+02   0.189898E+00   0.112718E+02   0.112718E+02
   0.116455E+00   0.105699E+02   0.193944E+00   0.107296E+02   0.107296E+02
   0.117063E+00   0.103956E+02   0.185900E+00   0.102216E+02   0.102216E+02
   0.117671E+00   0.978700E+01   0.167341E+00   0.974683E+01   0.974683E+01
   0.118279E+00   0.910119E+01   0.168082E+00   0.930441E+01   0.930441E+01
   0.118887E+00   0.870629E+01   0.157234E+00   0.889324E+01   0.889324E+01
   0.119495E+00   0.866039E+01   0.153694E+00   0.851218E+01   0.851218E+01
   0.120103E+00   0.820335E+01   0.162641E+00   0.816006E+01   0.816006E+01
   0.120711E+00   0.794919E+01   0.196502E+00   0.783568E+01   0.783568E+01
   0.121319E+00   0.779719E+01   0.167742E+00   0.753776E+01   0.753776E+01
   0.121928E+00   0.734619E+01   0.233065E+00   0.726460E+01   0.726460E+01
   0.122536E+00   0.735931E+01   0.151393E+00   0.701577E+01   0.701577E+01
   0.123144E+00   0.707597E+01   0.144851E+00   0.678949E+01   0.678949E+01
   0.123752E+00   0.664380E+01   0.146142E+00   0.658442E+01   0.658442E+01
   0.124360E+00   0.628997E+01   0.158186E+00   0.639921E+01   0.639921E+01
   0.124968E+00   0.616030E+01   0.154274E+00   0.623253E+01   0.623253E+01
   0.125576E+00   0.614343E+01   0.167072E+00   0.608305E+01   0.608305E+01
   0.126184E+00   0.569595E+01   0.144843E+00   0.594947E+01   0.594947E+01
   0.126792E+00   0.603376E+01   0.157214E+00   0.583048E+01   0.583048E+01
   0.127400E+00   0.593235E+01   0.148557E+00   0.572483E+01   0.572483E+01
   0.128009E+00   0.585674E+01   0.161875E+00   0.563163E+01   0.563163E+01
   0.128617E+00   0.578152E+01   0.154676E+00   0.554851E+01   0.554851E+01
   0.129225E+00   0.547802E+01   0.151908E+00   0.547560E+01   0.547560E+01
   0.129833E+00   0.576122E+01   0.144343E+00   0.541130E+01   0.541130E+01
   0.130441E+00   0.510441E+01   0.142142E+00   0.535453E+01   0.535453E+01
   0.131049E+00   0.502283E+01   0.154302E+00   0.530424E+01   0.530424E+01
   0.131657E+00   0.513814E+01   0.150262E+00   0.525949E+01   0.525949E+01
   0.132265E+00   0.491428E+01   0.161407E+00   0.521931E+01   0.521931E+01
   0.132873E+00   0.509279E+01   0.147095E+00   0.518283E+01   0.518283E+01
   0.133481E+00   0.525186E+01   0.145159E+00   0.514923E+01   0.514923E+01
   0.134089E+00   0.530987E+01   0.151926E+00   0.511774E+01   0.511774E+01
   0.134698E+00   0.511740E+01   0.231750E+00   0.508761E+01   0.508761E+01
   0.135306E+00   0.520346E+01   0.232092E+00   0.505827E+01   0.505827E+01
   0.135914E+00   0.490648E+01   0.170762E+00   0.502906E+01   0.502906E+01
   0.136522E+00   0.490648E+01   0.141815E+00   0.499946E+01   0.499946E+01
   0.137130E+00   0.471738E+01   0.148581E+00   0.496896E+01   0.496896E+01
   0.137738E+00   0.509754E+01   0.153609E+00   0.493715E+01   0.493715E+01
   0.138346E+00   0.483176E+01   0.135348E+00   0.490362E+01   0.490362E+01
   0.138954E+00   0.476423E+01   0.148680E+00   0.486807E+01   0.486807E+01
   0.139562E+00   0.484000E+01   0.141188E+00   0.483021E+01   0.483021E+01
   0.140170E+00   0.471685E+01   0.134574E+00   0.478980E+01   0.478980E+01
   0.140778E+00   0.456673E+01   0.135711E+00   0.474658E+01   0.474658E+01
   0.141387E+00   0.473424E+01   0.146409E+00   0.470063E+01   0.470063E+01
   0.141995E+00   0.462240E+01   0.153436E+00   0.465171E+01   0.465171E+01
   0.142603E+00   0.474794E+01   0.140340E+00   0.459980E+01   0.459980E+01
   0.143211E+00   0.452872E+01   0.139902E+00   0.454486E+01   0.454486E+01
   0.143819E+00   0.435195E+01   0.143620E+00   0.448695E+01   0.448695E+01
   0.144427E+00   0.426307E+01   0.141948E+00   0.442611E+01   0.442611E+01
   0.145035E+00   0.407856E+01   0.138025E+00   0.436242E+01   0.436242E+01
   0.145643E+00   0.418275E+01   0.150709E+00   0.429602E+01   0.429602E+01
   0.146251E+00   0.412784E+01   0.138380E+00   0.422704E+01   0.422704E+01
   0.146859E+00   0.373399E+01   0.150510E+00   0.415562E+01   0.415562E+01
   0.147467E+00   0.431960E+01   0.132210E+00   0.408199E+01   0.408199E+01
   0.148075E+00   0.389932E+01   0.130081E+00   0.400633E+01   0.400633E+01
   0.148684E+00   0.405402E+01   0.137456E+00   0.392872E+01   0.392872E+01
   0.149292E+00   0.367152E+01   0.145113E+00   0.384967E+01   0.384967E+01
   0.149900E+00   0.388305E+01   0.137232E+00   0.376929E+01   0.376929E+01
   0.150508E+00   0.362882E+01   0.137697E+00   0.368782E+01   0.368782E+01
   0.151116E+00   0.356499E+01   0.137878E+00   0.360552E+01   0.360552E+01
   0.151724E+00   0.348831E+01   0.141610E+00   0.352266E+01   0.352266E+01
   0.152332E+00   0.359422E+01   0.126294E+00   0.343948E+01   0.343948E+01
   0.152940E+00   0.358359E+01   0.135469E+00   0.335626E+01   0.335626E+01
   0.153548E+00   0.343125E+01   0.130740E+00   0.327332E+01   0.327332E+01
   0.154156E+00   0.334674E+01   0.132923E+00   0.319071E+01   0.319071E+01
   0.154764E+00   0.325523E+01   0.117816E+00   0.310888E+01   0.310888E+01
   0.155372E+00   0.306120E+01   0.134377E+00   0.302800E+01   0.302800E+01
   0.155980E+00   0.295261E+01   0.120563E+00   0.294829E+01   0.294829E+01
   0.156589E+00   0.260031E+01   0.137731E+00   0.286987E+01   0.286987E+01
   0.157197E+00   0.284603E+01   0.124279E+00   0.279319E+01   0.279319E+01
   0.157805E+00   0.271727E+01   0.119524E+00   0.271831E+01   0.271831E+01
   0.158413E+00   0.274070E+01   0.133258E+00   0.264543E+01   0.264543E+01
   0.159021E+00   0.270774E+01   0.123166E+00   0.257471E+01   0.257471E+01
   0.159629E+00   0.270840E+01   0.134986E+00   0.250628E+01   0.250628E+01
   0.160237E+00   0.255340E+01   0.133922E+00   0.244034E+01   0.244034E+01
   0.160845E+00   0.252426E+01   0.133756E+00   0.237697E+01   0.237697E+01
   0.161453E+00   0.222639E+01   0.123839E+00   0.231627E+01   0.231627E+01
   0.162061E+00   0.227395E+01   0.117540E+00   0.225834E+01   0.225834E+01
   0.162669E+00   0.224067E+01   0.119285E+00   0.220329E+01   0.220329E+01
   0.163277E+00   0.238451E+01   0.120058E+00   0.215114E+01   0.215114E+01
   0.163885E+00   0.216616E+01   0.113119E+00   0.210194E+01   0.210194E+01
   0.164494E+00   0.223293E+01   0.120057E+00   0.205565E+01   0.205565E+01
   0.165102E+00   0.181072E+01   0.124869E+00   0.201243E+01   0.201243E+01
   0.165710E+00   0.188077E+01   0.118189E+00   0.197220E+01   0.197220E+01
   0.166318E+00   0.194911E+01   0.117931E+00   0.193494E+01   0.193494E+01
   0.166926E+00   0.195993E+01   0.113504E+00   0.190063E+01   0.190063E+01
   0.167534E+00   0.206577E+01   0.117644E+00   0.186921E+01   0.186921E+01
   0.168142E+00   0.194745E+01   0.120328E+00   0.184063E+01   0.184063E+01
   0.168750E+00   0.175746E+01   0.128306E+00   0.181483E+01   0.181483E+01
   0.169358E+00   0.156287E+01   0.113524E+00   0.179173E+01   0.179173E+01
   0.169966E+00   0.165200E+01   0.123928E+00   0.177120E+01   0.177120E+01
   0.170574E+00   0.179168E+01   0.122417E+00   0.175316E+01   0.175316E+01
   0.171182E+00   0.155534E+01   0.129643E+00   0.173756E+01   0.173756E+01
   0.171790E+00   0.158221E+01   0.118524E+00   0.172422E+01   0.172422E+01
   0.172398E+00   0.152470E+01   0.123304E+00   0.171302E+01   0.171302E+01
   0.173006E+00   0.177922E+01   0.127585E+00   0.170387E+01   0.170387E+01
   0.173615E+00   0.159895E+01   0.116059E+00   0.169659E+01   0.169659E+01
   0.174223E+00   0.159723E+01   0.115732E+00   0.169108E+01   0.169108E+01
   0.174831E+00   0.172594E+01   0.109959E+00   0.168721E+01   0.168721E+01
   0.175439E+00   0.152681E+01   0.121988E+00   0.168477E+01   0.168477E+01
   0.176047E+00   0.170674E+01   0.124344E+00   0.168368E+01   0.168368E+01
   0.176655E+00   0.152314E+01   0.122511E+00   0.168377E+01   0.168377E+01
   0.177263E+00   0.184207E+01   0.123668E+00   0.168490E+01   0.168490E+01
   0.177871E+00   0.153739E+01   0.122043E+00   0.168694E+01   0.168694E+01
   0.178479E+00   0.163998E+01   0.120216E+00   0.168972E+01   0.168972E+01
   0.179087E+00   0.164906E+01   0.128442E+00   0.169310E+01   0.169310E+01
   0.179695E+00   0.152826E+01   0.117226E+00   0.169702E+01   0.169702E+01
   0.180303E+00   0.160615E+01   0.112074E+00   0.170126E+01   0.170126E+01
   0.180911E+00   0.177327E+01   0.111602E+00   0.170572E+01   0.170572E+01
   0.181519E+00   0.166995E+01   0.118638E+00   0.171029E+01   0.171029E+01
   0.182127E+00   0.188469E+01   0.118644E+00   0.171486E+01   0.171486E+01
   0.182735E+00   0.195795E+01   0.122010E+00   0.171926E+01   0.171926E+01
   0.183344E+00   0.187238E+01   0.114009E+00   0.172350E+01   0.172350E+01
   0.183952E+00   0.168932E+01   0.118804E+00   0.172731E+01   0.172731E+01
   0.184560E+00   0.167812E+01   0.119205E+00   0.173075E+01   0.173075E+01
   0.185168E+00   0.143801E+01   0.118945E+00   0.173367E+01   0.173367E+01
   0.185776E+00   0.156183E+01   0.122965E+00   0.173602E+01   0.173602E+01
   0.186384E+00   0.176253E+01   0.117018E+00   0.173772E+01   0.173772E+01
   0.186992E+00   0.170735E+01   0.120329E+00   0.173870E+01   0.173870E+01
   0.187600E+00   0.169293E+01   0.106365E+00   0.173892E+01   0.173892E+01
   0.188208E+00   0.174250E+01   0.116186E+00   0.173830E+01   0.173830E+01
   0.188816E+00   0.166258E+01   0.115888E+00   0.173684E+01   0.173684E+01
   0.189424E+00   0.163386E+01   0.113375E+00   0.173448E+01   0.173448E+01
   0.190032E+00   0.163910E+01   0.119365E+00   0.173122E+01   0.173122E+01
   0.190640E+00   0.183704E+01   0.116918E+00   0.172703E+01   0.172703E+01
   0.191248E+00   0.165022E+01   0.115646E+00   0.172189E+01   0.172189E+01
   0.191856E+00   0.185350E+01   0.112893E+00   0.171576E+01   0.171576E+01
   0.192464E+00   0.192552E+01   0.110091E+00   0.170880E+01   0.170880E+01
   0.193072E+00   0.198658E+01   0.114823E+00   0.170085E+01   0.170085E+01
   0.193680E+00   0.194356E+01   0.110107E+00   0.169199E+01   0.169199E+01
   0.194289E+00   0.175074E+01   0.113149E+00   0.168224E+01   0.168224E+01
   0.194897E+00   0.175315E+01   0.109196E+00   0.167158E+01   0.167158E+01
   0.195505E+00   0.171219E+01   0.109462E+00   0.166014E+01   0.166014E+01
   0.196113E+00   0.165575E+01   0.111342E+00   0.164788E+01   0.164788E+01
   0.196721E+00   0.159725E+01   0.109336E+00   0.163486E+01   0.163486E+01
   0.197329E+00   0.154786E+01   0.110120E+00   0.162113E+01   0.162113E+01
   0.197937E+00   0.155529E+01   0.111658E+00   0.160673E+01   0.160673E+01
   0.198545E+00   0.150625E+01   0.112608E+00   0.159173E+01   0.159173E+01
   0.199153E+00   0.169267E+01   0.105297E+00   0.157616E+01   0.157616E+01
   0.199761E+00   0.176863E+01   0.119159E+00   0.156008E+01   0.156008E+01
   0.200369E+00   0.156783E+01   0.104887E+00   0.154356E+01   0.154356E+01
   0.200977E+00   0.175726E+01   0.112882E+00   0.152665E+01   0.152665E+01
   0.201585E+00   0.146200E+01   0.108584E+00   0.150942E+01   0.150942E+01
   0.202193E+00   0.154697E+01   0.106989E+00   0.149192E+01   0.149192E+01
   0.202801E+00   0.137198E+01   0.112455E+00   0.147422E+01   0.147422E+01
   0.203409E+00   0.141340E+01   0.113079E+00   0.145638E+01   0.145638E+01
   0.204017E+00   0.142549E+01   0.110506E+00   0.143845E+01   0.143845E+01
   0.204625E+00   0.143457E+01   0.105179E+00   0.142046E+01   0.142046E+01
   0.205233E+00   0.147511E+01   0.114822E+00   0.140262E+01   0.140262E+01
   0.205841E+00   0.133693E+01   0.996370E-01   0.138482E+01   0.138482E+01
   0.206449E+00   0.123731E+01   0.107739E+00   0.136718E+01   0.136718E+01
   0.207057E+00   0.123819E+01   0.109463E+00   0.134975E+01   0.134975E+01
   0.207666E+00   0.125189E+01   0.106912E+00   0.133257E+01   0.133257E+01
   0.208274E+00   0.126746E+01   0.104332E+00   0.131574E+01   0.131574E+01
   0.208882E+00   0.131168E+01   0.105537E+00   0.129928E+01   0.129928E+01
   0.209490E+00   0.133291E+01   0.107014E+00   0.128322E+01   0.128322E+01
   0.210098E+00   0.128272E+01   0.105835E+00   0.126763E+01   0.126763E+01
   0.210706E+00   0.129575E+01   0.111228E+00   0.125252E+01   0.125252E+01
   0.211314E+00   0.110882E+01   0.109018E+00   0.123796E+01   0.123796E+01
   0.211922E+00   0.115896E+01   0.102434E+00   0.122398E+01   0.122398E+01
   0.212530E+00   0.105415E+01   0.113945E+00   0.121059E+01   0.121059E+01
   0.213138E+00   0.125891E+01   0.111004E+00   0.119782E+01   0.119782E+01
   0.213746E+00   0.111615E+01   0.104848E+00   0.118574E+01   0.118574E+01
   0.214354E+00   0.132346E+01   0.107859E+00   0.117430E+01   0.117430E+01
   0.214962E+00   0.124938E+01   0.948000E-01   0.116357E+01   0.116357E+01
   0.215570E+00   0.119317E+01   0.102260E+00   0.115356E+01   0.115356E+01
   0.216178E+00   0.106935E+01   0.103345E+00   0.114426E+01   0.114426E+01
   0.216786E+00   0.113639E+01   0.105396E+00   0.113569E+01   0.113569E+01
   0.217394E+00   0.106247E+01   0.104392E+00   0.112780E+01   0.112780E+01
   0.218002E+00   0.105350E+01   0.108775E+00   0.112076E+01   0.112076E+01
   0.218610E+00   0.119702E+01   0.103497E+00   0.111441E+01   0.111441E+01
   0.219218E+00   0.931539E+00   0.110820E+00   0.110878E+01   0.110878E+01
   0.219826E+00   0.125729E+01   0.100022E+00   0.110388E+01   0.110388E+01
   0.220434E+00   0.921331E+00   0.998100E-01   0.109970E+01   0.109970E+01
   0.221042E+00   0.867787E+00   0.109712E+00   0.109622E+01   0.109622E+01
   0.221650E+00   0.104204E+01   0.105953E+00   0.109343E+01   0.109343E+01
   0.222258E+00   0.971586E+00   0.104954E+00   0.109133E+01   0.109133E+01
   0.222866E+00   0.115628E+01   0.104039E+00   0.108987E+01   0.108987E+01
   0.223474E+00   0.114261E+01   0.104422E+00   0.108905E+01   0.108905E+01
   0.224082E+00   0.926984E+00   0.109686E+00   0.108885E+01   0.108885E+01
   0.224690E+00   0.125468E+01   0.130413E+00   0.108923E+01   0.108923E+01
   0.225298E+00   0.111619E+01   0.112081E+00   0.109017E+01   0.109017E+01
   0.225906E+00   0.992634E+00   0.187817E+00   0.109166E+01   0.109166E+01
   0.226514E+00   0.112552E+01   0.103253E+00   0.109365E+01   0.109365E+01
   0.227122E+00   0.115341E+01   0.101956E+00   0.109612E+01   0.109612E+01
   0.227731E+00   0.104700E+01   0.987930E-01   0.109905E+01   0.109905E+01
   0.228339E+00   0.115740E+01   0.102785E+00   0.110239E+01   0.110239E+01
   0.228947E+00   0.910037E+00   0.987170E-01   0.110612E+01   0.110612E+01
   0.229555E+00   0.114054E+01   0.995280E-01   0.111020E+01   0.111020E+01
   0.230163E+00   0.103235E+01   0.984170E-01   0.111456E+01   0.111456E+01
   0.230771E+00   0.107664E+01   0.104331E+00   0.111932E+01   0.111932E+01
   0.231379E+00   0.123924E+01   0.101292E+00   0.112428E+01   0.112428E+01
   0.231987E+00   0.130299E+01   0.975730E-01   0.112948E+01   0.112948E+01
   0.232595E+00   0.127368E+01   0.997170E-01   0.113487E+01   0.113487E+01
   0.233203E+00   0.134832E+01   0.100606E+00   0.114043E+01   0.114043E+01
   0.233811E+00   0.125483E+01   0.107325E+00   0.114613E+01   0.114613E+01
   0.234419E+00   0.122782E+01   0.991980E-01   0.115194E+01   0.115194E+01
   0.235027E+00   0.132882E+01   0.105861E+00   0.115783E+01   0.115783E+01
   0.235635E+00   0.120440E+01   0.999420E-01   0.116376E+01   0.116376E+01
   0.236243E+00   0.117931E+01   0.105308E+00   0.116972E+01   0.116972E+01
   0.236851E+00   0.101676E+01   0.970270E-01   0.117568E+01   0.117568E+01
   0.237459E+00   0.106841E+01   0.103827E+00   0.118161E+01   0.118161E+01
   0.238067E+00   0.105345E+01   0.945850E-01   0.118749E+01   0.118749E+01
   0.238675E+00   0.119063E+01   0.102038E+00   0.119329E+01   0.119329E+01
   0.239283E+00   0.121888E+01   0.967480E-01   0.119901E+01   0.119901E+01
   0.239891E+00   0.128787E+01   0.954360E-01   0.120460E+01   0.120460E+01
   0.240499E+00   0.119267E+01   0.971410E-01   0.121006E+01   0.121006E+01
   0.241107E+00   0.134235E+01   0.966390E-01   0.121536E+01   0.121536E+01
   0.241715E+00   0.123972E+01   0.920040E-01   0.122049E+01   0.122049E+01
   0.242323E+00   0.130264E+01   0.958690E-01   0.122544E+01   0.122544E+01
   0.242931E+00   0.110714E+01   0.999160E-01   0.123013E+01   0.123013E+01
   0.243539E+00   0.127262E+01   0.105036E+00   0.123472E+01   0.123472E+01
   0.244147E+00   0.105149E+01   0.101207E+00   0.123903E+01   0.123903E+01
   0.244755E+00   0.126809E+01   0.937090E-01   0.124310E+01   0.124310E+01
   0.245363E+00   0.128784E+01   0.955720E-01   0.124693E+01   0.124693E+01
   0.245971E+00   0.132245E+01   0.954320E-01   0.125051E+01   0.125051E+01
   0.246579E+00   0.134132E+01   0.999260E-01   0.125383E+01   0.125383E+01
   0.247187E+00   0.133898E+01   0.908250E-01   0.125688E+01   0.125688E+01
   0.247795E+00   0.142721E+01   0.102915E+00   0.125967E+01   0.125967E+01
   0.248403E+00   0.133028E+01   0.971600E-01   0.126218E+01   0.126218E+01
   0.249011E+00   0.126093E+01   0.936160E-01   0.126442E+01   0.126442E+01
   0.249619E+00   0.121888E+01   0.951320E-01   0.126638E+01   0.126638E+01
   0.250227E+00   0.139973E+01   0.100135E+00   0.126807E+01   0.126807E+01
   0.250835E+00   0.124195E+01   0.975200E-01   0.126948E+01   0.126948E+01
   0.251443E+00   0.112795E+01   0.998310E-01   0.127061E+01   0.127061E+01
   0.252051E+00   0.121023E+01   0.972990E-01   0.127147E+01   0.127147E+01
   0.252659E+00   0.112581E+01   0.100613E+00   0.127206E+01   0.127206E+01
   0.253267E+00   0.122200E+01   0.102212E+00   0.127238E+01   0.127238E+01
   0.253875E+00   0.120348E+01   0.983460E-01   0.127244E+01   0.127244E+01
   0.254483E+00   0.122448E+01   0.102221E+00   0.127223E+01   0.127223E+01
   0.255091E+00   0.106261E+01   0.956090E-01   0.127177E+01   0.127177E+01
   0.255699E+00   0.110564E+01   0.961360E-01   0.127102E+01   0.127102E+01
   0.256307E+00   0.118088E+01   0.952870E-01   0.127010E+01   0.127010E+01
   0.256915E+00   0.123602E+01   0.995450E-01   0.126892E+01   0.126892E+01
   0.257523E+00   0.105448E+01   0.103436E+00   0.126749E+01   0.126749E+01
   0.258131E+00   0.131471E+01   0.991010E-01   0.126584E+01   0.126584E+01
   0.258739E+00   0.123926E+01   0.926340E-01   0.126397E+01   0.126397E+01
   0.259347E+00   0.134662E+01   0.946750E-01   0.126189E+01   0.126189E+01
   0.259955E+00   0.134234E+01   0.962680E-01   0.125960E+01   0.125960E+01
   0.260563E+00   0.118884E+01   0.942490E-01   0.125711E+01   0.125711E+01
   0.261171E+00   0.129433E+01   0.975470E-01   0.125443E+01   0.125443E+01
   0.261779E+00   0.121984E+01   0.936740E-01   0.125157E+01   0.125157E+01
   0.262387E+00   0.138107E+01   0.965920E-01   0.124852E+01   0.124852E+01
   0.262995E+00   0.132145E+01   0.106934E+00   0.124532E+01   0.124532E+01
   0.263603E+00   0.117892E+01   0.939290E-01   0.124195E+01   0.124195E+01
   0.264211E+00   0.127612E+01   0.947010E-01   0.123842E+01   0.123842E+01
   0.264819E+00   0.126956E+01   0.990590E-01   0.123475E+01   0.123475E+01
   0.265427E+00   0.125765E+01   0.916520E-01   0.123092E+01   0.123092E+01
   0.266035E+00   0.106835E+01   0.979550E-01   0.122696E+01   0.122696E+01
   0.266643E+00   0.112380E+01   0.943650E-01   0.122289E+01   0.122289E+01
   0.267251E+00   0.130630E+01   0.977020E-01   0.121869E+01   0.121869E+01
   0.267859E+00   0.117514E+01   0.923290E-01   0.121436E+01   0.121436E+01
   0.268467E+00   0.130709E+01   0.978250E-01   0.120990E+01   0.120990E+01
   0.269075E+00   0.124570E+01   0.913560E-01   0.120536E+01   0.120536E+01
   0.269683E+00   0.133617E+01   0.938520E-01   0.120077E+01   0.120077E+01
   0.270291E+00   0.104321E+01   0.952830E-01   0.119605E+01   0.119605E+01
   0.270898E+00   0.116887E+01   0.934970E-01   0.119125E+01   0.119125E+01
   0.271506E+00   0.125452E+01   0.927120E-01   0.118636E+01   0.118636E+01
   0.272114E+00   0.109209E+01   0.890560E-01   0.118140E+01   0.118140E+01
   0.272722E+00   0.132727E+01   0.923120E-01   0.117637E+01   0.117637E+01
   0.273330E+00   0.129321E+01   0.866380E-01   0.117128E+01   0.117128E+01
   0.273938E+00   0.139955E+01   0.924360E-01   0.116613E+01   0.116613E+01
   0.274546E+00   0.121589E+01   0.916580E-01   0.116092E+01   0.116092E+01
   0.275154E+00   0.112633E+01   0.916700E-01   0.115566E+01   0.115566E+01
   0.275762E+00   0.108574E+01   0.955760E-01   0.115038E+01   0.115038E+01
   0.276370E+00   0.130727E+01   0.931580E-01   0.114504E+01   0.114504E+01
   0.276978E+00   0.111955E+01   0.887870E-01   0.113968E+01   0.113968E+01
   0.277586E+00   0.115807E+01   0.927470E-01   0.113428E+01   0.113428E+01
   0.278194E+00   0.107202E+01   0.914950E-01   0.112888E+01   0.112888E+01
   0.278802E+00   0.126150E+01   0.903120E-01   0.112343E+01   0.112343E+01
   0.279410E+00   0.113258E+01   0.893550E-01   0.111797E+01   0.111797E+01
   0.280018E+00   0.939317E+00   0.923960E-01   0.111251E+01   0.111251E+01
   0.280626E+00   0.123267E+01   0.961300E-01   0.110704E+01   0.110704E+01
   0.281234E+00   0.112407E+01   0.937180E-01   0.110155E+01   0.110155E+01
   0.281842E+00   0.925323E+00   0.899400E-01   0.109610E+01   0.109610E+01
   0.282450E+00   0.103132E+01   0.929850E-01   0.109066E+01   0.109066E+01
   0.283058E+00   0.974498E+00   0.913220E-01   0.108523E+01   0.108523E+01
   0.283666E+00   0.117544E+01   0.112389E+00   0.107980E+01   0.107980E+01
   0.284274E+00   0.982508E+00   0.951860E-01   0.107440E+01   0.107440E+01
   0.284882E+00   0.111126E+01   0.963590E-01   0.106903E+01   0.106903E+01
   0.285490E+00   0.110601E+01   0.918240E-01   0.106368E+01   0.106368E+01
   0.286098E+00   0.104455E+01   0.891510E-01   0.105837E+01   0.105837E+01
   0.286706E+00   0.131060E+01   0.917570E-01   0.105311E+01   0.105311E+01
   0.287314E+00   0.102761E+01   0.859390E-01   0.104787E+01   0.104787E+01
   0.287922E+00   0.104264E+01   0.878150E-01   0.104264E+01   0.104264E+01
   0.288530E+00   0.101411E+01   0.862400E-01   0.103756E+01   0.103756E+01
   0.289137E+00   0.105280E+01   0.873210E-01   0.103248E+01   0.103248E+01
   0.289745E+00   0.959635E+00   0.851760E-01   0.102745E+01   0.102745E+01
   0.290353E+00   0.108188E+01   0.869500E-01   0.102249E+01   0.102249E+01
   0.290961E+00   0.103479E+01   0.902960E-01   0.101758E+01   0.101758E+01
   0.291569E+00   0.102266E+01   0.879220E-01   0.101274E+01   0.101274E+01
   0.292177E+00   0.112563E+01   0.117468E+00   0.100796E+01   0.100796E+01
   0.292785E+00   0.861400E+00   0.852520E-01   0.100325E+01   0.100325E+01
   0.293393E+00   0.880609E+00   0.970810E-01   0.998614E+00   0.998614E+00
   0.294001E+00   0.820529E+00   0.871490E-01   0.994029E+00   0.994029E+00
   0.294609E+00   0.947209E+00   0.848360E-01   0.989451E+00   0.989451E+00
   0.295217E+00   0.100683E+01   0.853090E-01   0.985136E+00   0.985136E+00
   0.295825E+00   0.837190E+00   0.875240E-01   0.980784E+00   0.980784E+00
   0.296433E+00   0.812942E+00   0.866150E-01   0.976514E+00   0.976514E+00
   0.297041E+00   0.888741E+00   0.770200E-01   0.972311E+00   0.972311E+00
   0.297649E+00   0.984878E+00   0.838980E-01   0.968177E+00   0.968177E+00
   0.298257E+00   0.874314E+00   0.874230E-01   0.964124E+00   0.964124E+00
   0.298865E+00   0.979696E+00   0.856140E-01   0.960127E+00   0.960127E+00
   0.299473E+00   0.994298E+00   0.838210E-01   0.956200E+00   0.956200E+00
   0.300081E+00   0.989838E+00   0.830360E-01   0.952339E+00   0.952339E+00
   0.300689E+00   0.993248E+00   0.776560E-01   0.948610E+00   0.948610E+00
   0.301296E+00   0.895286E+00   0.829870E-01   0.944798E+00   0.944798E+00
   0.301904E+00   0.103832E+01   0.798650E-01   0.941109E+00   0.941109E+00
   0.302512E+00   0.903490E+00   0.789160E-01   0.937460E+00   0.937460E+00
   0.303120E+00   0.106450E+01   0.833250E-01   0.933865E+00   0.933865E+00
   0.303728E+00   0.942243E+00   0.844350E-01   0.930302E+00   0.930302E+00
   0.304336E+00   0.102601E+01   0.812610E-01   0.926776E+00   0.926776E+00
   0.304944E+00   0.912327E+00   0.835110E-01   0.923276E+00   0.923276E+00
   0.305552E+00   0.823962E+00   0.800840E-01   0.919796E+00   0.919796E+00
   0.306160E+00   0.928776E+00   0.848040E-01   0.916329E+00   0.916329E+00
   0.306768E+00   0.911711E+00   0.836720E-01   0.912856E+00   0.912856E+00
   0.307376E+00   0.929342E+00   0.826660E-01   0.909221E+00   0.909221E+00
   0.307984E+00   0.100595E+01   0.815300E-01   0.905945E+00   0.905945E+00
   0.308592E+00   0.951927E+00   0.781110E-01   0.902462E+00   0.902462E+00
   0.309200E+00   0.100809E+01   0.813650E-01   0.898955E+00   0.898955E+00
   0.309808E+00   0.105067E+01   0.808470E-01   0.895416E+00   0.895416E+00
   0.310415E+00   0.998126E+00   0.796250E-01   0.891842E+00   0.891842E+00
   0.311023E+00   0.838161E+00   0.808960E-01   0.888213E+00   0.888213E+00
   0.311631E+00   0.864787E+00   0.804070E-01   0.884531E+00   0.884531E+00
   0.312239E+00   0.827539E+00   0.704690E-01   0.880781E+00   0.880781E+00
   0.312847E+00   0.931790E+00   0.796670E-01   0.876960E+00   0.876960E+00
   0.313455E+00   0.909979E+00   0.774500E-01   0.873065E+00   0.873065E+00
   0.314063E+00   0.744432E+00   0.843560E-01   0.869061E+00   0.869061E+00
   0.314671E+00   0.902354E+00   0.762960E-01   0.864969E+00   0.864969E+00
   0.315279E+00   0.876730E+00   0.827090E-01   0.860771E+00   0.860771E+00
   0.315887E+00   0.815407E+00   0.760820E-01   0.856463E+00   0.856463E+00
   0.316495E+00   0.800162E+00   0.829650E-01   0.852034E+00   0.852034E+00
   0.317103E+00   0.777510E+00   0.903350E-01   0.847480E+00   0.847480E+00
   0.317711E+00   0.821737E+00   0.102694E+00   0.842796E+00   0.842796E+00
   0.318318E+00   0.869774E+00   0.119158E+00   0.837981E+00   0.837981E+00
   0.318926E+00   0.599028E+00   0.141561E+00   0.833010E+00   0.833010E+00
   0.319534E+00   0.490248E+00   0.196934E+00   0.827877E+00   0.827877E+00

           ####      Real Space Data                               ####

           Distance distribution  function of particle  


      R          P(R)      ERROR

  0.0000E+00  0.0000E+00  0.0000E+00
  0.7821E+00  0.5360E-02  0.5721E-03
  0.1564E+01  0.1334E-01  0.9319E-03
  0.2346E+01  0.2391E-01  0.1093E-02
  0.3128E+01  0.3701E-01  0.1077E-02
  0.3911E+01  0.5257E-01  0.9121E-03
  0.4693E+01  0.7050E-01  0.6339E-03
  0.5475E+01  0.9071E-01  0.2872E-03
  0.6257E+01  0.1131E+00  0.1796E-03
  0.7039E+01  0.1375E+00  0.5534E-03
  0.7821E+01  0.1638E+00  0.9205E-03
  0.8603E+01  0.1920E+00  0.1229E-02
  0.9385E+01  0.2218E+00  0.1453E-02
  0.1017E+02  0.2533E+00  0.1577E-02
  0.1095E+02  0.2862E+00  0.1592E-02
  0.1173E+02  0.3205E+00  0.1499E-02
  0.1251E+02  0.3561E+00  0.1309E-02
  0.1330E+02  0.3929E+00  0.1043E-02
  0.1408E+02  0.4308E+00  0.7451E-03
  0.1486E+02  0.4697E+00  0.5191E-03
  0.1564E+02  0.5094E+00  0.5672E-03
  0.1642E+02  0.5500E+00  0.8441E-03
  0.1721E+02  0.5912E+00  0.1163E-02
  0.1799E+02  0.6330E+00  0.1446E-02
  0.1877E+02  0.6752E+00  0.1659E-02
  0.1955E+02  0.7177E+00  0.1782E-02
  0.2034E+02  0.7602E+00  0.1811E-02
  0.2112E+02  0.8026E+00  0.1749E-02
  0.2190E+02  0.8448E+00  0.1611E-02
  0.2268E+02  0.8865E+00  0.1428E-02
  0.2346E+02  0.9275E+00  0.1252E-02
  0.2425E+02  0.9677E+00  0.1156E-02
  0.2503E+02  0.1007E+01  0.1200E-02
  0.2581E+02  0.1045E+01  0.1374E-02
  0.2659E+02  0.1082E+01  0.1615E-02
  0.2737E+02  0.1118E+01  0.1859E-02
  0.2816E+02  0.1152E+01  0.2062E-02
  0.2894E+02  0.1184E+01  0.2199E-02
  0.2972E+02  0.1216E+01  0.2260E-02
  0.3050E+02  0.1245E+01  0.2244E-02
  0.3128E+02  0.1274E+01  0.2166E-02
  0.3207E+02  0.1301E+01  0.2052E-02
  0.3285E+02  0.1327E+01  0.1939E-02
  0.3363E+02  0.1351E+01  0.1874E-02
  0.3441E+02  0.1375E+01  0.1893E-02
  0.3520E+02  0.1398E+01  0.2003E-02
  0.3598E+02  0.1420E+01  0.2179E-02
  0.3676E+02  0.1442E+01  0.2381E-02
  0.3754E+02  0.1464E+01  0.2571E-02
  0.3832E+02  0.1485E+01  0.2720E-02
  0.3911E+02  0.1505E+01  0.2815E-02
  0.3989E+02  0.1526E+01  0.2851E-02
  0.4067E+02  0.1546E+01  0.2839E-02
  0.4145E+02  0.1567E+01  0.2797E-02
  0.4223E+02  0.1587E+01  0.2753E-02
  0.4302E+02  0.1607E+01  0.2739E-02
  0.4380E+02  0.1627E+01  0.2776E-02
  0.4458E+02  0.1647E+01  0.2872E-02
  0.4536E+02  0.1667E+01  0.3016E-02
  0.4615E+02  0.1686E+01  0.3181E-02
  0.4693E+02  0.1705E+01  0.3339E-02
  0.4771E+02  0.1724E+01  0.3466E-02
  0.4849E+02  0.1743E+01  0.3543E-02
  0.4927E+02  0.1761E+01  0.3563E-02
  0.5006E+02  0.1779E+01  0.3529E-02
  0.5084E+02  0.1797E+01  0.3455E-02
  0.5162E+02  0.1815E+01  0.3365E-02
  0.5240E+02  0.1833E+01  0.3286E-02
  0.5318E+02  0.1850E+01  0.3246E-02
  0.5397E+02  0.1868E+01  0.3262E-02
  0.5475E+02  0.1886E+01  0.3338E-02
  0.5553E+02  0.1904E+01  0.3457E-02
  0.5631E+02  0.1923E+01  0.3596E-02
  0.5709E+02  0.1941E+01  0.3728E-02
  0.5788E+02  0.1960E+01  0.3832E-02
  0.5866E+02  0.1980E+01  0.3896E-02
  0.5944E+02  0.1999E+01  0.3917E-02
  0.6022E+02  0.2019E+01  0.3902E-02
  0.6101E+02  0.2039E+01  0.3869E-02
  0.6179E+02  0.2059E+01  0.3837E-02
  0.6257E+02  0.2080E+01  0.3829E-02
  0.6335E+02  0.2100E+01  0.3859E-02
  0.6413E+02  0.2120E+01  0.3929E-02
  0.6492E+02  0.2139E+01  0.4030E-02
  0.6570E+02  0.2158E+01  0.4144E-02
  0.6648E+02  0.2177E+01  0.4249E-02
  0.6726E+02  0.2195E+01  0.4324E-02
  0.6804E+02  0.2212E+01  0.4357E-02
  0.6883E+02  0.2228E+01  0.4342E-02
  0.6961E+02  0.2244E+01  0.4285E-02
  0.7039E+02  0.2258E+01  0.4198E-02
  0.7117E+02  0.2271E+01  0.4103E-02
  0.7196E+02  0.2283E+01  0.4024E-02
  0.7274E+02  0.2293E+01  0.3984E-02
  0.7352E+02  0.2303E+01  0.3994E-02
  0.7430E+02  0.2311E+01  0.4055E-02
  0.7508E+02  0.2318E+01  0.4154E-02
  0.7587E+02  0.2323E+01  0.4270E-02
  0.7665E+02  0.2327E+01  0.4382E-02
  0.7743E+02  0.2329E+01  0.4474E-02
  0.7821E+02  0.2329E+01  0.4534E-02
  0.7899E+02  0.2328E+01  0.4563E-02
  0.7978E+02  0.2324E+01  0.4566E-02
  0.8056E+02  0.2319E+01  0.4557E-02
  0.8134E+02  0.2312E+01  0.4550E-02
  0.8212E+02  0.2302E+01  0.4558E-02
  0.8291E+02  0.2291E+01  0.4585E-02
  0.8369E+02  0.2277E+01  0.4631E-02
  0.8447E+02  0.2261E+01  0.4684E-02
  0.8525E+02  0.2243E+01  0.4728E-02
  0.8603E+02  0.2222E+01  0.4748E-02
  0.8682E+02  0.2199E+01  0.4731E-02
  0.8760E+02  0.2174E+01  0.4670E-02
  0.8838E+02  0.2147E+01  0.4568E-02
  0.8916E+02  0.2118E+01  0.4436E-02
  0.8994E+02  0.2087E+01  0.4294E-02
  0.9073E+02  0.2054E+01  0.4169E-02
  0.9151E+02  0.2020E+01  0.4086E-02
  0.9229E+02  0.1984E+01  0.4064E-02
  0.9307E+02  0.1946E+01  0.4108E-02
  0.9385E+02  0.1907E+01  0.4209E-02
  0.9464E+02  0.1867E+01  0.4345E-02
  0.9542E+02  0.1826E+01  0.4493E-02
  0.9620E+02  0.1783E+01  0.4631E-02
  0.9698E+02  0.1740E+01  0.4741E-02
  0.9777E+02  0.1695E+01  0.4819E-02
  0.9855E+02  0.1649E+01  0.4864E-02
  0.9933E+02  0.1602E+01  0.4884E-02
  0.1001E+03  0.1554E+01  0.4888E-02
  0.1009E+03  0.1505E+01  0.4885E-02
  0.1017E+03  0.1455E+01  0.4881E-02
  0.1025E+03  0.1404E+01  0.4875E-02
  0.1032E+03  0.1352E+01  0.4859E-02
  0.1040E+03  0.1299E+01  0.4823E-02
  0.1048E+03  0.1245E+01  0.4753E-02
  0.1056E+03  0.1190E+01  0.4643E-02
  0.1064E+03  0.1136E+01  0.4489E-02
  0.1072E+03  0.1081E+01  0.4297E-02
  0.1079E+03  0.1026E+01  0.4085E-02
  0.1087E+03  0.9711E+00  0.3877E-02
  0.1095E+03  0.9170E+00  0.3706E-02
  0.1103E+03  0.8638E+00  0.3603E-02
  0.1111E+03  0.8115E+00  0.3587E-02
  0.1118E+03  0.7606E+00  0.3657E-02
  0.1126E+03  0.7111E+00  0.3791E-02
  0.1134E+03  0.6633E+00  0.3959E-02
  0.1142E+03  0.6172E+00  0.4129E-02
  0.1150E+03  0.5731E+00  0.4279E-02
  0.1158E+03  0.5308E+00  0.4396E-02
  0.1165E+03  0.4905E+00  0.4478E-02
  0.1173E+03  0.4521E+00  0.4531E-02
  0.1181E+03  0.4155E+00  0.4563E-02
  0.1189E+03  0.3808E+00  0.4584E-02
  0.1197E+03  0.3478E+00  0.4598E-02
  0.1204E+03  0.3164E+00  0.4601E-02
  0.1212E+03  0.2866E+00  0.4585E-02
  0.1220E+03  0.2583E+00  0.4536E-02
  0.1228E+03  0.2315E+00  0.4442E-02
  0.1236E+03  0.2062E+00  0.4298E-02
  0.1244E+03  0.1824E+00  0.4108E-02
  0.1251E+03  0.1601E+00  0.3891E-02
  0.1259E+03  0.1394E+00  0.3678E-02
  0.1267E+03  0.1204E+00  0.3507E-02
  0.1275E+03  0.1032E+00  0.3410E-02
  0.1283E+03  0.8780E-01  0.3396E-02
  0.1291E+03  0.7431E-01  0.3448E-02
  0.1298E+03  0.6273E-01  0.3525E-02
  0.1306E+03  0.5305E-01  0.3590E-02
  0.1314E+03  0.4517E-01  0.3624E-02
  0.1322E+03  0.3895E-01  0.3646E-02
  0.1330E+03  0.3418E-01  0.3706E-02
  0.1337E+03  0.3058E-01  0.3873E-02
  0.1345E+03  0.2782E-01  0.4184E-02
  0.1353E+03  0.2552E-01  0.4604E-02
  0.1361E+03  0.2328E-01  0.5015E-02
  0.1369E+03  0.2068E-01  0.5245E-02
  0.1377E+03  0.1734E-01  0.5091E-02
  0.1384E+03  0.1292E-01  0.4326E-02
  0.1392E+03  0.7186E-02  0.2712E-02
  0.1400E+03  0.0000E+00  0.0000E+00
