
           ####      G N O M              Version 5.0 (r8972)      ####
                                               Fri Sep  4 11:27:08 2020

           ####      Configuration                                 ####

    System Type:                   arbitrary monodisperse (job = 0)
    Minimum characteristic size:         0.0000
    Maximum characteristic size:        95.0000
    rad56:                               0.0000
    Force 0.0 at r = rmin:                  yes
    Force 0.0 at r = rmax:                  yes
    Initial alpha:                       0.0000
    Initial random seed:    3349076795102653499
    Points in real space:                   148

    Input  1:                      p1205.dat
    First data point used:                    1
    Last data point used:                   344
    Scaling coefficient:             0.1000E+01
    Experimental setup:            point collimation


           ####      Results                                       ####

    Parameter    DISCRP  OSCILL  STABIL  SYSDEV  POSITV  VALCEN  SMOOTH
    Weight        1.000   3.000   3.000   3.000   1.000   1.000   2.000
    Sigma         0.300   0.600   0.120   0.120   0.120   0.120   0.600
    Ideal         0.700   1.100   0.000   1.000   1.000   0.950   0.000
    Current       3.464   1.530   0.010   0.327   1.000   0.808   0.120
               --------------------------------------------------------
    Estimate      0.000   0.599   0.994   0.000   1.000   0.246   0.961

    Angular range:                       0.0219 to       0.3382
    Reciprocal space Rg:             0.2487E+02
    Reciprocal space I(0):           0.3448E+04

    Real space range:                    0.0000 to      95.0000
    Real space Rg:                   0.2495E+02 +-   0.1739E-01
    Real space I(0):                 0.3448E+04 +-   0.1721E+01

    Highest ALPHA (theor):           0.4376E+07
    Current ALPHA:                   0.1424E+04

    Total Estimate:                      0.5674 (a REASONABLE solution)



           ####      Experimental Data and Fit                     ####

      S          J EXP       ERROR       J REG       I REG

   0.000000E+00                                                0.344839E+04
   0.912917E-03                                                0.344778E+04
   0.182583E-02                                                0.344599E+04
   0.273875E-02                                                0.344301E+04
   0.365167E-02                                                0.343885E+04
   0.456458E-02                                                0.343350E+04
   0.547750E-02                                                0.342698E+04
   0.639042E-02                                                0.341929E+04
   0.730333E-02                                                0.341045E+04
   0.821625E-02                                                0.340045E+04
   0.912917E-02                                                0.338932E+04
   0.100421E-01                                                0.337707E+04
   0.109550E-01                                                0.336372E+04
   0.118679E-01                                                0.334927E+04
   0.127808E-01                                                0.333375E+04
   0.136937E-01                                                0.331717E+04
   0.146067E-01                                                0.329955E+04
   0.155196E-01                                                0.328092E+04
   0.164325E-01                                                0.326130E+04
   0.173454E-01                                                0.324070E+04
   0.182583E-01                                                0.321916E+04
   0.191712E-01                                                0.319669E+04
   0.200842E-01                                                0.317333E+04
   0.209971E-01                                                0.314909E+04
   0.219100E-01   0.312800E+04   0.281900E+01   0.312401E+04   0.312401E+04
   0.228300E-01   0.310800E+04   0.183900E+01   0.309791E+04   0.309791E+04
   0.237500E-01   0.309100E+04   0.221000E+01   0.307102E+04   0.307102E+04
   0.246700E-01   0.307600E+04   0.361400E+01   0.304335E+04   0.304335E+04
   0.255900E-01   0.303900E+04   0.575900E+01   0.301494E+04   0.301494E+04
   0.265200E-01   0.300700E+04   0.836600E+01   0.298551E+04   0.298551E+04
   0.274400E-01   0.297900E+04   0.111600E+02   0.295571E+04   0.295571E+04
   0.283600E-01   0.297100E+04   0.135900E+02   0.292526E+04   0.292526E+04
   0.292800E-01   0.294800E+04   0.156700E+02   0.289421E+04   0.289421E+04
   0.302100E-01   0.291200E+04   0.171300E+02   0.286223E+04   0.286223E+04
   0.311300E-01   0.284000E+04   0.174900E+02   0.283004E+04   0.283004E+04
   0.320500E-01   0.278600E+04   0.175000E+02   0.279734E+04   0.279734E+04
   0.329700E-01   0.271200E+04   0.172200E+02   0.276415E+04   0.276415E+04
   0.339000E-01   0.269200E+04   0.152100E+02   0.273016E+04   0.273016E+04
   0.348200E-01   0.265400E+04   0.124600E+02   0.269611E+04   0.269611E+04
   0.357400E-01   0.261300E+04   0.105500E+02   0.266168E+04   0.266168E+04
   0.366600E-01   0.257500E+04   0.976100E+01   0.262690E+04   0.262690E+04
   0.375900E-01   0.254100E+04   0.827000E+01   0.259142E+04   0.259142E+04
   0.385100E-01   0.252100E+04   0.527200E+01   0.255604E+04   0.255604E+04
   0.394300E-01   0.249000E+04   0.379800E+01   0.252040E+04   0.252040E+04
   0.403500E-01   0.245400E+04   0.281100E+01   0.248455E+04   0.248455E+04
   0.412700E-01   0.242100E+04   0.176800E+01   0.244851E+04   0.244851E+04
   0.422000E-01   0.238600E+04   0.150700E+01   0.241192E+04   0.241192E+04
   0.431200E-01   0.235500E+04   0.238700E+01   0.237560E+04   0.237560E+04
   0.440400E-01   0.232700E+04   0.413000E+01   0.233918E+04   0.233918E+04
   0.449600E-01   0.230100E+04   0.523200E+01   0.230269E+04   0.230269E+04
   0.458900E-01   0.227000E+04   0.565500E+01   0.226577E+04   0.226577E+04
   0.468100E-01   0.224700E+04   0.613300E+01   0.222924E+04   0.222924E+04
   0.477300E-01   0.221200E+04   0.628300E+01   0.219272E+04   0.219272E+04
   0.486500E-01   0.217800E+04   0.642800E+01   0.215625E+04   0.215625E+04
   0.495800E-01   0.213900E+04   0.607300E+01   0.211946E+04   0.211946E+04
   0.505000E-01   0.209600E+04   0.523700E+01   0.208316E+04   0.208316E+04
   0.514200E-01   0.205500E+04   0.418600E+01   0.204698E+04   0.204698E+04
   0.523400E-01   0.202000E+04   0.307000E+01   0.201095E+04   0.201095E+04
   0.532600E-01   0.198600E+04   0.232800E+01   0.197508E+04   0.197508E+04
   0.541900E-01   0.195200E+04   0.173800E+01   0.193902E+04   0.193902E+04
   0.551100E-01   0.191600E+04   0.162000E+01   0.190356E+04   0.190356E+04
   0.560300E-01   0.188300E+04   0.153000E+01   0.186833E+04   0.186833E+04
   0.569500E-01   0.184900E+04   0.111400E+01   0.183336E+04   0.183336E+04
   0.578800E-01   0.181300E+04   0.912700E+00   0.179828E+04   0.179828E+04
   0.588000E-01   0.177600E+04   0.103600E+01   0.176386E+04   0.176386E+04
   0.597200E-01   0.174100E+04   0.111600E+01   0.172976E+04   0.172976E+04
   0.606400E-01   0.170700E+04   0.128500E+01   0.169597E+04   0.169597E+04
   0.615600E-01   0.167200E+04   0.165700E+01   0.166252E+04   0.166252E+04
   0.624900E-01   0.163900E+04   0.200700E+01   0.162906E+04   0.162906E+04
   0.634100E-01   0.160600E+04   0.231500E+01   0.159633E+04   0.159633E+04
   0.643300E-01   0.157700E+04   0.252900E+01   0.156397E+04   0.156397E+04
   0.652500E-01   0.154800E+04   0.243400E+01   0.153200E+04   0.153200E+04
   0.661800E-01   0.151700E+04   0.208500E+01   0.150009E+04   0.150009E+04
   0.671000E-01   0.148300E+04   0.180500E+01   0.146893E+04   0.146893E+04
   0.680200E-01   0.144900E+04   0.168100E+01   0.143819E+04   0.143819E+04
   0.689400E-01   0.141800E+04   0.184700E+01   0.140788E+04   0.140788E+04
   0.698700E-01   0.138700E+04   0.205800E+01   0.137767E+04   0.137767E+04
   0.707900E-01   0.135600E+04   0.191000E+01   0.134823E+04   0.134823E+04
   0.717100E-01   0.132500E+04   0.187300E+01   0.131924E+04   0.131924E+04
   0.726300E-01   0.129300E+04   0.218800E+01   0.129069E+04   0.129069E+04
   0.735600E-01   0.126400E+04   0.260700E+01   0.126230E+04   0.126230E+04
   0.744800E-01   0.123900E+04   0.280700E+01   0.123467E+04   0.123467E+04
   0.754000E-01   0.121500E+04   0.279600E+01   0.120750E+04   0.120750E+04
   0.763200E-01   0.119200E+04   0.249000E+01   0.118080E+04   0.118080E+04
   0.772400E-01   0.116600E+04   0.196000E+01   0.115455E+04   0.115455E+04
   0.781700E-01   0.114000E+04   0.139700E+01   0.112850E+04   0.112850E+04
   0.790900E-01   0.111300E+04   0.118100E+01   0.110319E+04   0.110319E+04
   0.800100E-01   0.108600E+04   0.110500E+01   0.107835E+04   0.107835E+04
   0.809300E-01   0.106100E+04   0.109200E+01   0.105397E+04   0.105397E+04
   0.818600E-01   0.103800E+04   0.841700E+00   0.102980E+04   0.102980E+04
   0.827800E-01   0.101600E+04   0.555500E+00   0.100635E+04   0.100635E+04
   0.837000E-01   0.992500E+03   0.568300E+00   0.983363E+03   0.983363E+03
   0.846200E-01   0.968200E+03   0.849000E+00   0.960831E+03   0.960831E+03
   0.855500E-01   0.944500E+03   0.114900E+01   0.938514E+03   0.938514E+03
   0.864700E-01   0.921600E+03   0.128400E+01   0.916889E+03   0.916889E+03
   0.873900E-01   0.900000E+03   0.132700E+01   0.895710E+03   0.895710E+03
   0.883100E-01   0.877700E+03   0.122400E+01   0.874974E+03   0.874974E+03
   0.892300E-01   0.855900E+03   0.123800E+01   0.854674E+03   0.854674E+03
   0.901600E-01   0.836700E+03   0.146100E+01   0.834595E+03   0.834595E+03
   0.910800E-01   0.819600E+03   0.163400E+01   0.815161E+03   0.815161E+03
   0.920000E-01   0.801700E+03   0.155900E+01   0.796150E+03   0.796150E+03
   0.929200E-01   0.782800E+03   0.156800E+01   0.777558E+03   0.777558E+03
   0.938500E-01   0.765500E+03   0.162800E+01   0.759179E+03   0.759179E+03
   0.947700E-01   0.748500E+03   0.163000E+01   0.741408E+03   0.741408E+03
   0.956900E-01   0.729200E+03   0.165700E+01   0.724037E+03   0.724037E+03
   0.966100E-01   0.708700E+03   0.178300E+01   0.707060E+03   0.707060E+03
   0.975400E-01   0.688300E+03   0.185900E+01   0.690292E+03   0.690292E+03
   0.984600E-01   0.672200E+03   0.173900E+01   0.674089E+03   0.674089E+03
   0.993800E-01   0.657000E+03   0.149900E+01   0.658261E+03   0.658261E+03
   0.100300E+00   0.644200E+03   0.137900E+01   0.642802E+03   0.642802E+03
   0.101200E+00   0.630200E+03   0.165700E+01   0.628030E+03   0.628030E+03
   0.102100E+00   0.615500E+03   0.211500E+01   0.613600E+03   0.613600E+03
   0.103100E+00   0.599500E+03   0.221600E+01   0.597959E+03   0.597959E+03
   0.104000E+00   0.581400E+03   0.219300E+01   0.584228E+03   0.584228E+03
   0.104900E+00   0.565600E+03   0.230100E+01   0.570820E+03   0.570820E+03
   0.105800E+00   0.549900E+03   0.251600E+01   0.557729E+03   0.557729E+03
   0.106800E+00   0.538900E+03   0.280000E+01   0.543546E+03   0.543546E+03
   0.107700E+00   0.528100E+03   0.302500E+01   0.531103E+03   0.531103E+03
   0.108600E+00   0.519300E+03   0.312300E+01   0.518957E+03   0.518957E+03
   0.109500E+00   0.509600E+03   0.303700E+01   0.507105E+03   0.507105E+03
   0.110400E+00   0.499800E+03   0.283400E+01   0.495538E+03   0.495538E+03
   0.111400E+00   0.487600E+03   0.284100E+01   0.483015E+03   0.483015E+03
   0.112300E+00   0.473600E+03   0.305200E+01   0.472033E+03   0.472033E+03
   0.113200E+00   0.458700E+03   0.307300E+01   0.461321E+03   0.461321E+03
   0.114100E+00   0.445300E+03   0.282800E+01   0.450872E+03   0.450872E+03
   0.115100E+00   0.433700E+03   0.217900E+01   0.439563E+03   0.439563E+03
   0.116000E+00   0.423900E+03   0.159700E+01   0.429652E+03   0.429652E+03
   0.116900E+00   0.415500E+03   0.140200E+01   0.419987E+03   0.419987E+03
   0.117800E+00   0.408000E+03   0.147800E+01   0.410563E+03   0.410563E+03
   0.118700E+00   0.398600E+03   0.151900E+01   0.401376E+03   0.401376E+03
   0.119700E+00   0.389600E+03   0.126800E+01   0.391438E+03   0.391438E+03
   0.120600E+00   0.381600E+03   0.973100E+00   0.382733E+03   0.382733E+03
   0.121500E+00   0.374100E+03   0.849000E+00   0.374248E+03   0.374248E+03
   0.122400E+00   0.365200E+03   0.945700E+00   0.365979E+03   0.365979E+03
   0.123400E+00   0.356000E+03   0.125500E+01   0.357039E+03   0.357039E+03
   0.124300E+00   0.347000E+03   0.139900E+01   0.349211E+03   0.349211E+03
   0.125200E+00   0.338900E+03   0.138800E+01   0.341585E+03   0.341585E+03
   0.126100E+00   0.329800E+03   0.129400E+01   0.334155E+03   0.334155E+03
   0.127000E+00   0.321500E+03   0.114200E+01   0.326919E+03   0.326919E+03
   0.128000E+00   0.313700E+03   0.112600E+01   0.319098E+03   0.319098E+03
   0.128900E+00   0.308700E+03   0.125000E+01   0.312255E+03   0.312255E+03
   0.129800E+00   0.303200E+03   0.139300E+01   0.305590E+03   0.305590E+03
   0.130700E+00   0.298300E+03   0.135800E+01   0.299100E+03   0.299100E+03
   0.131700E+00   0.291300E+03   0.109600E+01   0.292091E+03   0.292091E+03
   0.132600E+00   0.286100E+03   0.868400E+00   0.285959E+03   0.285959E+03
   0.133500E+00   0.280600E+03   0.837300E+00   0.279989E+03   0.279989E+03
   0.134400E+00   0.274600E+03   0.101200E+01   0.274179E+03   0.274179E+03
   0.135300E+00   0.268200E+03   0.111900E+01   0.268524E+03   0.268524E+03
   0.136300E+00   0.262000E+03   0.105000E+01   0.262419E+03   0.262419E+03
   0.137200E+00   0.255000E+03   0.997500E+00   0.257080E+03   0.257080E+03
   0.138100E+00   0.249100E+03   0.945500E+00   0.251884E+03   0.251884E+03
   0.139000E+00   0.244200E+03   0.898300E+00   0.246829E+03   0.246829E+03
   0.140000E+00   0.240900E+03   0.893000E+00   0.241373E+03   0.241373E+03
   0.140900E+00   0.237000E+03   0.903000E+00   0.236602E+03   0.236602E+03
   0.141800E+00   0.233200E+03   0.830200E+00   0.231962E+03   0.231962E+03
   0.142700E+00   0.228400E+03   0.613400E+00   0.227447E+03   0.227447E+03
   0.143600E+00   0.223500E+03   0.456400E+00   0.223055E+03   0.223055E+03
   0.144600E+00   0.217900E+03   0.443500E+00   0.218315E+03   0.218315E+03
   0.145500E+00   0.214000E+03   0.423500E+00   0.214171E+03   0.214171E+03
   0.146400E+00   0.210300E+03   0.414900E+00   0.210140E+03   0.210140E+03
   0.147300E+00   0.206200E+03   0.331300E+00   0.206219E+03   0.206219E+03
   0.148300E+00   0.202000E+03   0.307600E+00   0.201987E+03   0.201987E+03
   0.149200E+00   0.198000E+03   0.292200E+00   0.198287E+03   0.198287E+03
   0.150100E+00   0.195300E+03   0.386400E+00   0.194687E+03   0.194687E+03
   0.151000E+00   0.192300E+03   0.438800E+00   0.191184E+03   0.191184E+03
   0.151900E+00   0.188100E+03   0.510800E+00   0.187776E+03   0.187776E+03
   0.152900E+00   0.184600E+03   0.519300E+00   0.184096E+03   0.184096E+03
   0.153800E+00   0.180300E+03   0.503200E+00   0.180877E+03   0.180877E+03
   0.154700E+00   0.178400E+03   0.437600E+00   0.177743E+03   0.177743E+03
   0.155600E+00   0.173900E+03   0.408500E+00   0.174693E+03   0.174693E+03
   0.156600E+00   0.170900E+03   0.381400E+00   0.171398E+03   0.171398E+03
   0.157500E+00   0.166700E+03   0.422000E+00   0.168514E+03   0.168514E+03
   0.158400E+00   0.163800E+03   0.477700E+00   0.165704E+03   0.165704E+03
   0.159300E+00   0.160800E+03   0.477900E+00   0.162967E+03   0.162967E+03
   0.160300E+00   0.157600E+03   0.442000E+00   0.160008E+03   0.160008E+03
   0.161200E+00   0.153900E+03   0.479900E+00   0.157415E+03   0.157415E+03
   0.162100E+00   0.151500E+03   0.522300E+00   0.154888E+03   0.154888E+03
   0.163000E+00   0.149600E+03   0.555100E+00   0.152423E+03   0.152423E+03
   0.163900E+00   0.148500E+03   0.579700E+00   0.150018E+03   0.150018E+03
   0.164900E+00   0.145300E+03   0.597800E+00   0.147414E+03   0.147414E+03
   0.165800E+00   0.142500E+03   0.588400E+00   0.145130E+03   0.145130E+03
   0.166700E+00   0.140400E+03   0.538400E+00   0.142900E+03   0.142900E+03
   0.167600E+00   0.139900E+03   0.524500E+00   0.140722E+03   0.140722E+03
   0.168600E+00   0.138300E+03   0.534800E+00   0.138360E+03   0.138360E+03
   0.169500E+00   0.136300E+03   0.527000E+00   0.136286E+03   0.136286E+03
   0.170400E+00   0.134000E+03   0.491000E+00   0.134258E+03   0.134258E+03
   0.171300E+00   0.132000E+03   0.395600E+00   0.132273E+03   0.132273E+03
   0.172200E+00   0.130000E+03   0.312200E+00   0.130332E+03   0.130332E+03
   0.173200E+00   0.127700E+03   0.263200E+00   0.128223E+03   0.128223E+03
   0.174100E+00   0.125900E+03   0.187500E+00   0.126367E+03   0.126367E+03
   0.175000E+00   0.123900E+03   0.161400E+00   0.124550E+03   0.124550E+03
   0.175900E+00   0.122300E+03   0.160700E+00   0.122768E+03   0.122768E+03
   0.176900E+00   0.120400E+03   0.185900E+00   0.120831E+03   0.120831E+03
   0.177800E+00   0.119300E+03   0.205200E+00   0.119123E+03   0.119123E+03
   0.178700E+00   0.117300E+03   0.226700E+00   0.117447E+03   0.117447E+03
   0.179600E+00   0.116000E+03   0.228400E+00   0.115804E+03   0.115804E+03
   0.180500E+00   0.113600E+03   0.259700E+00   0.114190E+03   0.114190E+03
   0.181500E+00   0.112500E+03   0.266700E+00   0.112432E+03   0.112432E+03
   0.182400E+00   0.110600E+03   0.253800E+00   0.110879E+03   0.110879E+03
   0.183300E+00   0.109600E+03   0.210900E+00   0.109354E+03   0.109354E+03
   0.184200E+00   0.107900E+03   0.241500E+00   0.107855E+03   0.107855E+03
   0.185200E+00   0.106600E+03   0.301600E+00   0.106220E+03   0.106220E+03
   0.186100E+00   0.105100E+03   0.396200E+00   0.104774E+03   0.104774E+03
   0.187000E+00   0.104200E+03   0.451900E+00   0.103353E+03   0.103353E+03
   0.187900E+00   0.103200E+03   0.453500E+00   0.101955E+03   0.101955E+03
   0.188800E+00   0.102300E+03   0.480500E+00   0.100579E+03   0.100579E+03
   0.189800E+00   0.101000E+03   0.535500E+00   0.990765E+02   0.990765E+02
   0.190700E+00   0.993300E+02   0.637400E+00   0.977467E+02   0.977467E+02
   0.191600E+00   0.976900E+02   0.702100E+00   0.964381E+02   0.964381E+02
   0.192500E+00   0.956500E+02   0.706300E+00   0.951498E+02   0.951498E+02
   0.193500E+00   0.937300E+02   0.660500E+00   0.937419E+02   0.937419E+02
   0.194400E+00   0.920800E+02   0.596400E+00   0.924952E+02   0.924952E+02
   0.195300E+00   0.911400E+02   0.472700E+00   0.912678E+02   0.912678E+02
   0.196200E+00   0.907100E+02   0.423700E+00   0.900592E+02   0.900592E+02
   0.197100E+00   0.897300E+02   0.475900E+00   0.888691E+02   0.888691E+02
   0.198100E+00   0.885100E+02   0.635900E+00   0.875680E+02   0.875680E+02
   0.199000E+00   0.871200E+02   0.702900E+00   0.864159E+02   0.864159E+02
   0.199900E+00   0.865900E+02   0.747700E+00   0.852814E+02   0.852814E+02
   0.200800E+00   0.867700E+02   0.840400E+00   0.841643E+02   0.841643E+02
   0.201800E+00   0.862500E+02   0.923500E+00   0.829431E+02   0.829431E+02
   0.202700E+00   0.851000E+02   0.911800E+00   0.818620E+02   0.818620E+02
   0.203600E+00   0.823300E+02   0.823300E+00   0.807976E+02   0.807976E+02
   0.204500E+00   0.801700E+02   0.726700E+00   0.797497E+02   0.797497E+02
   0.205400E+00   0.785500E+02   0.735300E+00   0.787182E+02   0.787182E+02
   0.206400E+00   0.779000E+02   0.769400E+00   0.775913E+02   0.775913E+02
   0.207300E+00   0.769400E+02   0.773800E+00   0.765938E+02   0.765938E+02
   0.208200E+00   0.755200E+02   0.838700E+00   0.756122E+02   0.756122E+02
   0.209100E+00   0.736600E+02   0.101300E+01   0.746463E+02   0.746463E+02
   0.210100E+00   0.722300E+02   0.115900E+01   0.735917E+02   0.735917E+02
   0.211000E+00   0.717300E+02   0.118400E+01   0.726588E+02   0.726588E+02
   0.211900E+00   0.721400E+02   0.128900E+01   0.717412E+02   0.717412E+02
   0.212800E+00   0.733600E+02   0.141600E+01   0.708389E+02   0.708389E+02
   0.213700E+00   0.731800E+02   0.141200E+01   0.699516E+02   0.699516E+02
   0.214700E+00   0.728700E+02   0.132000E+01   0.689832E+02   0.689832E+02
   0.215600E+00   0.715000E+02   0.125300E+01   0.681273E+02   0.681273E+02
   0.216500E+00   0.717800E+02   0.127700E+01   0.672861E+02   0.672861E+02
   0.217400E+00   0.703900E+02   0.136100E+01   0.664592E+02   0.664592E+02
   0.218400E+00   0.684500E+02   0.137500E+01   0.655575E+02   0.655575E+02
   0.219300E+00   0.653400E+02   0.121200E+01   0.647608E+02   0.647608E+02
   0.220200E+00   0.631700E+02   0.105400E+01   0.639782E+02   0.639782E+02
   0.221100E+00   0.620400E+02   0.911100E+00   0.632095E+02   0.632095E+02
   0.222000E+00   0.609300E+02   0.706100E+00   0.624544E+02   0.624544E+02
   0.223000E+00   0.602000E+02   0.613800E+00   0.616314E+02   0.616314E+02
   0.223900E+00   0.598600E+02   0.622300E+00   0.609047E+02   0.609047E+02
   0.224800E+00   0.595900E+02   0.584900E+00   0.601912E+02   0.601912E+02
   0.225700E+00   0.588400E+02   0.464100E+00   0.594907E+02   0.594907E+02
   0.226700E+00   0.569100E+02   0.394200E+00   0.587273E+02   0.587273E+02
   0.227600E+00   0.555200E+02   0.361100E+00   0.580536E+02   0.580536E+02
   0.228500E+00   0.548000E+02   0.353600E+00   0.573923E+02   0.573923E+02
   0.229400E+00   0.550000E+02   0.309800E+00   0.567431E+02   0.567431E+02
   0.230300E+00   0.549500E+02   0.293400E+00   0.561060E+02   0.561060E+02
   0.231300E+00   0.546200E+02   0.279900E+00   0.554119E+02   0.554119E+02
   0.232200E+00   0.539700E+02   0.273200E+00   0.547992E+02   0.547992E+02
   0.233100E+00   0.532700E+02   0.240900E+00   0.541983E+02   0.541983E+02
   0.234000E+00   0.526600E+02   0.274300E+00   0.536083E+02   0.536083E+02
   0.234900E+00   0.516100E+02   0.355200E+00   0.530293E+02   0.530293E+02
   0.235900E+00   0.512300E+02   0.417300E+00   0.523986E+02   0.523986E+02
   0.236800E+00   0.516200E+02   0.429000E+00   0.518420E+02   0.518420E+02
   0.237700E+00   0.518500E+02   0.465700E+00   0.512957E+02   0.512957E+02
   0.238600E+00   0.517500E+02   0.466300E+00   0.507595E+02   0.507595E+02
   0.239600E+00   0.507300E+02   0.422200E+00   0.501753E+02   0.501753E+02
   0.240500E+00   0.502900E+02   0.393000E+00   0.496599E+02   0.496599E+02
   0.241400E+00   0.493800E+02   0.377300E+00   0.491539E+02   0.491539E+02
   0.242300E+00   0.480700E+02   0.369300E+00   0.486573E+02   0.486573E+02
   0.243300E+00   0.476000E+02   0.324400E+00   0.481160E+02   0.481160E+02
   0.244200E+00   0.473700E+02   0.328800E+00   0.476383E+02   0.476383E+02
   0.245100E+00   0.478600E+02   0.424100E+00   0.471693E+02   0.471693E+02
   0.246000E+00   0.470200E+02   0.473700E+00   0.467089E+02   0.467089E+02
   0.246900E+00   0.460000E+02   0.498000E+00   0.462568E+02   0.462568E+02
   0.247900E+00   0.445300E+02   0.538200E+00   0.457654E+02   0.457654E+02
   0.248800E+00   0.436200E+02   0.619800E+00   0.453293E+02   0.453293E+02
   0.249700E+00   0.430300E+02   0.680900E+00   0.449022E+02   0.449022E+02
   0.250600E+00   0.431500E+02   0.677300E+00   0.444830E+02   0.444830E+02
   0.251500E+00   0.436100E+02   0.688000E+00   0.440712E+02   0.440712E+02
   0.252500E+00   0.442400E+02   0.666300E+00   0.436225E+02   0.436225E+02
   0.253400E+00   0.436100E+02   0.600000E+00   0.432263E+02   0.432263E+02
   0.254300E+00   0.425900E+02   0.519300E+00   0.428374E+02   0.428374E+02
   0.255200E+00   0.411400E+02   0.429600E+00   0.424555E+02   0.424555E+02
   0.256200E+00   0.404900E+02   0.433600E+00   0.420392E+02   0.420392E+02
   0.257100E+00   0.402600E+02   0.464600E+00   0.416718E+02   0.416718E+02
   0.258000E+00   0.406800E+02   0.437500E+00   0.413113E+02   0.413113E+02
   0.258900E+00   0.408400E+02   0.441700E+00   0.409572E+02   0.409572E+02
   0.259800E+00   0.395800E+02   0.453300E+00   0.406096E+02   0.406096E+02
   0.260800E+00   0.383800E+02   0.503200E+00   0.402311E+02   0.402311E+02
   0.261700E+00   0.380400E+02   0.492100E+00   0.398971E+02   0.398971E+02
   0.262600E+00   0.386400E+02   0.525300E+00   0.395692E+02   0.395692E+02
   0.263500E+00   0.390300E+02   0.520700E+00   0.392478E+02   0.392478E+02
   0.264500E+00   0.389700E+02   0.489800E+00   0.388977E+02   0.388977E+02
   0.265400E+00   0.393300E+02   0.453500E+00   0.385890E+02   0.385890E+02
   0.266300E+00   0.389500E+02   0.363500E+00   0.382862E+02   0.382862E+02
   0.267200E+00   0.387900E+02   0.324800E+00   0.379894E+02   0.379894E+02
   0.268100E+00   0.378900E+02   0.394000E+00   0.376985E+02   0.376985E+02
   0.269100E+00   0.378600E+02   0.418400E+00   0.373819E+02   0.373819E+02
   0.270000E+00   0.374000E+02   0.394500E+00   0.371031E+02   0.371031E+02
   0.270900E+00   0.367000E+02   0.338900E+00   0.368299E+02   0.368299E+02
   0.271800E+00   0.359500E+02   0.289800E+00   0.365624E+02   0.365624E+02
   0.272800E+00   0.355100E+02   0.273700E+00   0.362716E+02   0.362716E+02
   0.273700E+00   0.357800E+02   0.260600E+00   0.360157E+02   0.360157E+02
   0.274600E+00   0.359700E+02   0.224600E+00   0.357652E+02   0.357652E+02
   0.275500E+00   0.355100E+02   0.178400E+00   0.355201E+02   0.355201E+02
   0.276400E+00   0.350500E+02   0.149400E+00   0.352802E+02   0.352802E+02
   0.277400E+00   0.345300E+02   0.950500E-01   0.350199E+02   0.350199E+02
   0.278300E+00   0.346300E+02   0.103800E+00   0.347911E+02   0.347911E+02
   0.279200E+00   0.343800E+02   0.137400E+00   0.345671E+02   0.345671E+02
   0.280100E+00   0.338600E+02   0.181900E+00   0.343485E+02   0.343485E+02
   0.281100E+00   0.338400E+02   0.208400E+00   0.341113E+02   0.341113E+02
   0.282000E+00   0.341100E+02   0.199600E+00   0.339030E+02   0.339030E+02
   0.282900E+00   0.342200E+02   0.192300E+00   0.336994E+02   0.336994E+02
   0.283800E+00   0.336000E+02   0.215200E+00   0.335007E+02   0.335007E+02
   0.284700E+00   0.331800E+02   0.221200E+00   0.333063E+02   0.333063E+02
   0.285700E+00   0.329200E+02   0.224700E+00   0.330959E+02   0.330959E+02
   0.286600E+00   0.331100E+02   0.287600E+00   0.329111E+02   0.329111E+02
   0.287500E+00   0.323000E+02   0.405600E+00   0.327308E+02   0.327308E+02
   0.288400E+00   0.320500E+02   0.481900E+00   0.325546E+02   0.325546E+02
   0.289400E+00   0.319700E+02   0.539200E+00   0.323638E+02   0.323638E+02
   0.290300E+00   0.332000E+02   0.572000E+00   0.321963E+02   0.321963E+02
   0.291200E+00   0.335800E+02   0.588800E+00   0.320327E+02   0.320327E+02
   0.292100E+00   0.332500E+02   0.586400E+00   0.318729E+02   0.318729E+02
   0.293000E+00   0.321100E+02   0.522600E+00   0.317168E+02   0.317168E+02
   0.294000E+00   0.312800E+02   0.435000E+00   0.315472E+02   0.315472E+02
   0.294900E+00   0.310100E+02   0.358900E+00   0.313990E+02   0.313990E+02
   0.295800E+00   0.305100E+02   0.274900E+00   0.312537E+02   0.312537E+02
   0.296700E+00   0.305800E+02   0.200600E+00   0.311116E+02   0.311116E+02
   0.297700E+00   0.302900E+02   0.172500E+00   0.309573E+02   0.309573E+02
   0.298600E+00   0.305000E+02   0.201900E+00   0.308216E+02   0.308216E+02
   0.299500E+00   0.303000E+02   0.220400E+00   0.306886E+02   0.306886E+02
   0.300400E+00   0.301600E+02   0.194100E+00   0.305583E+02   0.305583E+02
   0.301300E+00   0.299900E+02   0.147200E+00   0.304306E+02   0.304306E+02
   0.302300E+00   0.297000E+02   0.183400E+00   0.302915E+02   0.302915E+02
   0.303200E+00   0.291400E+02   0.275400E+00   0.301687E+02   0.301687E+02
   0.304100E+00   0.291300E+02   0.336600E+00   0.300480E+02   0.300480E+02
   0.305000E+00   0.291700E+02   0.358200E+00   0.299294E+02   0.299294E+02
   0.306000E+00   0.293400E+02   0.363200E+00   0.297997E+02   0.297997E+02
   0.306900E+00   0.285100E+02   0.427300E+00   0.296849E+02   0.296849E+02
   0.307800E+00   0.285000E+02   0.560000E+00   0.295716E+02   0.295716E+02
   0.308700E+00   0.289700E+02   0.742400E+00   0.294597E+02   0.294597E+02
   0.309600E+00   0.299600E+02   0.841300E+00   0.293492E+02   0.293492E+02
   0.310600E+00   0.306100E+02   0.856200E+00   0.292280E+02   0.292280E+02
   0.311500E+00   0.310700E+02   0.854600E+00   0.291200E+02   0.291200E+02
   0.312400E+00   0.314500E+02   0.816100E+00   0.290129E+02   0.290129E+02
   0.313300E+00   0.309400E+02   0.869400E+00   0.289067E+02   0.289067E+02
   0.314300E+00   0.299800E+02   0.968500E+00   0.287895E+02   0.287895E+02
   0.315200E+00   0.292400E+02   0.101700E+01   0.286847E+02   0.286847E+02
   0.316100E+00   0.280500E+02   0.910200E+00   0.285804E+02   0.285804E+02
   0.317000E+00   0.277900E+02   0.792700E+00   0.284767E+02   0.284767E+02
   0.317900E+00   0.272000E+02   0.749400E+00   0.283729E+02   0.283729E+02
   0.318900E+00   0.278900E+02   0.831000E+00   0.282580E+02   0.282580E+02
   0.319800E+00   0.281300E+02   0.922100E+00   0.281547E+02   0.281547E+02
   0.320700E+00   0.289800E+02   0.948700E+00   0.280515E+02   0.280515E+02
   0.321600E+00   0.296000E+02   0.854800E+00   0.279483E+02   0.279483E+02
   0.322600E+00   0.303100E+02   0.716400E+00   0.278334E+02   0.278334E+02
   0.323500E+00   0.301100E+02   0.622100E+00   0.277298E+02   0.277298E+02
   0.324400E+00   0.294200E+02   0.629700E+00   0.276259E+02   0.276259E+02
   0.325300E+00   0.290200E+02   0.658700E+00   0.275221E+02   0.275221E+02
   0.326200E+00   0.287400E+02   0.628900E+00   0.274172E+02   0.274172E+02
   0.327200E+00   0.283100E+02   0.532400E+00   0.273005E+02   0.273005E+02
   0.328100E+00   0.272400E+02   0.425400E+00   0.271950E+02   0.271950E+02
   0.329000E+00   0.267400E+02   0.372200E+00   0.270890E+02   0.270890E+02
   0.329900E+00   0.269000E+02   0.358100E+00   0.269824E+02   0.269824E+02
   0.330900E+00   0.273600E+02   0.363600E+00   0.268634E+02   0.268634E+02
   0.331800E+00   0.273700E+02   0.340900E+00   0.267556E+02   0.267556E+02
   0.332700E+00   0.277800E+02   0.301700E+00   0.266471E+02   0.266471E+02
   0.333600E+00   0.272500E+02   0.232100E+00   0.265382E+02   0.265382E+02
   0.334500E+00   0.269900E+02   0.169900E+00   0.264285E+02   0.264285E+02
   0.335500E+00   0.263700E+02   0.124500E+00   0.263059E+02   0.263059E+02
   0.336400E+00   0.269100E+02   0.105500E+00   0.261948E+02   0.261948E+02
   0.337300E+00   0.270800E+02   0.122800E+00   0.260832E+02   0.260832E+02
   0.338200E+00   0.270300E+02   0.185800E+00   0.259709E+02   0.259709E+02

           ####      Real Space Data                               ####

           Distance distribution  function of particle  


      R          P(R)      ERROR

  0.0000E+00  0.0000E+00  0.0000E+00
  0.6463E+00  0.1603E+00  0.2626E-03
  0.1293E+01  0.3324E+00  0.4481E-03
  0.1939E+01  0.5161E+00  0.5608E-03
  0.2585E+01  0.7112E+00  0.6075E-03
  0.3231E+01  0.9174E+00  0.5978E-03
  0.3878E+01  0.1134E+01  0.5456E-03
  0.4524E+01  0.1361E+01  0.4715E-03
  0.5170E+01  0.1597E+01  0.4087E-03
  0.5816E+01  0.1842E+01  0.4021E-03
  0.6463E+01  0.2095E+01  0.4733E-03
  0.7109E+01  0.2354E+01  0.5971E-03
  0.7755E+01  0.2619E+01  0.7393E-03
  0.8401E+01  0.2888E+01  0.8777E-03
  0.9048E+01  0.3160E+01  0.9986E-03
  0.9694E+01  0.3434E+01  0.1094E-02
  0.1034E+02  0.3708E+01  0.1160E-02
  0.1099E+02  0.3981E+01  0.1196E-02
  0.1163E+02  0.4250E+01  0.1203E-02
  0.1228E+02  0.4515E+01  0.1186E-02
  0.1293E+02  0.4774E+01  0.1155E-02
  0.1357E+02  0.5025E+01  0.1120E-02
  0.1422E+02  0.5267E+01  0.1093E-02
  0.1486E+02  0.5498E+01  0.1085E-02
  0.1551E+02  0.5717E+01  0.1104E-02
  0.1616E+02  0.5922E+01  0.1149E-02
  0.1680E+02  0.6113E+01  0.1215E-02
  0.1745E+02  0.6288E+01  0.1292E-02
  0.1810E+02  0.6448E+01  0.1370E-02
  0.1874E+02  0.6590E+01  0.1440E-02
  0.1939E+02  0.6716E+01  0.1496E-02
  0.2003E+02  0.6825E+01  0.1534E-02
  0.2068E+02  0.6916E+01  0.1554E-02
  0.2133E+02  0.6990E+01  0.1557E-02
  0.2197E+02  0.7048E+01  0.1548E-02
  0.2262E+02  0.7090E+01  0.1533E-02
  0.2327E+02  0.7117E+01  0.1519E-02
  0.2391E+02  0.7130E+01  0.1513E-02
  0.2456E+02  0.7129E+01  0.1520E-02
  0.2520E+02  0.7115E+01  0.1545E-02
  0.2585E+02  0.7090E+01  0.1587E-02
  0.2650E+02  0.7055E+01  0.1642E-02
  0.2714E+02  0.7011E+01  0.1705E-02
  0.2779E+02  0.6958E+01  0.1772E-02
  0.2844E+02  0.6897E+01  0.1837E-02
  0.2908E+02  0.6830E+01  0.1899E-02
  0.2973E+02  0.6757E+01  0.1956E-02
  0.3037E+02  0.6679E+01  0.2008E-02
  0.3102E+02  0.6596E+01  0.2057E-02
  0.3167E+02  0.6509E+01  0.2108E-02
  0.3231E+02  0.6418E+01  0.2162E-02
  0.3296E+02  0.6323E+01  0.2222E-02
  0.3361E+02  0.6225E+01  0.2290E-02
  0.3425E+02  0.6123E+01  0.2365E-02
  0.3490E+02  0.6017E+01  0.2446E-02
  0.3554E+02  0.5907E+01  0.2530E-02
  0.3619E+02  0.5794E+01  0.2615E-02
  0.3684E+02  0.5677E+01  0.2696E-02
  0.3748E+02  0.5556E+01  0.2773E-02
  0.3813E+02  0.5431E+01  0.2844E-02
  0.3878E+02  0.5301E+01  0.2909E-02
  0.3942E+02  0.5168E+01  0.2970E-02
  0.4007E+02  0.5031E+01  0.3030E-02
  0.4071E+02  0.4891E+01  0.3092E-02
  0.4136E+02  0.4748E+01  0.3159E-02
  0.4201E+02  0.4601E+01  0.3233E-02
  0.4265E+02  0.4453E+01  0.3316E-02
  0.4330E+02  0.4302E+01  0.3406E-02
  0.4395E+02  0.4151E+01  0.3502E-02
  0.4459E+02  0.3999E+01  0.3599E-02
  0.4524E+02  0.3847E+01  0.3693E-02
  0.4588E+02  0.3696E+01  0.3779E-02
  0.4653E+02  0.3546E+01  0.3852E-02
  0.4718E+02  0.3399E+01  0.3909E-02
  0.4782E+02  0.3255E+01  0.3947E-02
  0.4847E+02  0.3114E+01  0.3966E-02
  0.4912E+02  0.2977E+01  0.3967E-02
  0.4976E+02  0.2844E+01  0.3952E-02
  0.5041E+02  0.2717E+01  0.3925E-02
  0.5105E+02  0.2594E+01  0.3890E-02
  0.5170E+02  0.2476E+01  0.3854E-02
  0.5235E+02  0.2364E+01  0.3820E-02
  0.5299E+02  0.2257E+01  0.3791E-02
  0.5364E+02  0.2155E+01  0.3770E-02
  0.5429E+02  0.2058E+01  0.3756E-02
  0.5493E+02  0.1965E+01  0.3747E-02
  0.5558E+02  0.1877E+01  0.3741E-02
  0.5622E+02  0.1793E+01  0.3734E-02
  0.5687E+02  0.1714E+01  0.3724E-02
  0.5752E+02  0.1637E+01  0.3707E-02
  0.5816E+02  0.1564E+01  0.3684E-02
  0.5881E+02  0.1494E+01  0.3657E-02
  0.5946E+02  0.1426E+01  0.3627E-02
  0.6010E+02  0.1360E+01  0.3602E-02
  0.6075E+02  0.1297E+01  0.3586E-02
  0.6139E+02  0.1236E+01  0.3586E-02
  0.6204E+02  0.1177E+01  0.3607E-02
  0.6269E+02  0.1120E+01  0.3651E-02
  0.6333E+02  0.1064E+01  0.3719E-02
  0.6398E+02  0.1011E+01  0.3806E-02
  0.6463E+02  0.9592E+00  0.3909E-02
  0.6527E+02  0.9096E+00  0.4019E-02
  0.6592E+02  0.8622E+00  0.4130E-02
  0.6656E+02  0.8169E+00  0.4233E-02
  0.6721E+02  0.7738E+00  0.4324E-02
  0.6786E+02  0.7330E+00  0.4397E-02
  0.6850E+02  0.6945E+00  0.4452E-02
  0.6915E+02  0.6583E+00  0.4486E-02
  0.6980E+02  0.6244E+00  0.4503E-02
  0.7044E+02  0.5927E+00  0.4504E-02
  0.7109E+02  0.5631E+00  0.4493E-02
  0.7173E+02  0.5355E+00  0.4476E-02
  0.7238E+02  0.5096E+00  0.4455E-02
  0.7303E+02  0.4853E+00  0.4436E-02
  0.7367E+02  0.4624E+00  0.4420E-02
  0.7432E+02  0.4407E+00  0.4408E-02
  0.7497E+02  0.4198E+00  0.4401E-02
  0.7561E+02  0.3997E+00  0.4397E-02
  0.7626E+02  0.3801E+00  0.4394E-02
  0.7690E+02  0.3608E+00  0.4391E-02
  0.7755E+02  0.3416E+00  0.4384E-02
  0.7820E+02  0.3225E+00  0.4372E-02
  0.7884E+02  0.3033E+00  0.4356E-02
  0.7949E+02  0.2841E+00  0.4334E-02
  0.8014E+02  0.2648E+00  0.4309E-02
  0.8078E+02  0.2455E+00  0.4281E-02
  0.8143E+02  0.2262E+00  0.4252E-02
  0.8207E+02  0.2071E+00  0.4223E-02
  0.8272E+02  0.1883E+00  0.4195E-02
  0.8337E+02  0.1700E+00  0.4167E-02
  0.8401E+02  0.1523E+00  0.4138E-02
  0.8466E+02  0.1354E+00  0.4105E-02
  0.8531E+02  0.1195E+00  0.4066E-02
  0.8595E+02  0.1047E+00  0.4016E-02
  0.8660E+02  0.9120E-01  0.3951E-02
  0.8724E+02  0.7896E-01  0.3868E-02
  0.8789E+02  0.6807E-01  0.3763E-02
  0.8854E+02  0.5851E-01  0.3632E-02
  0.8918E+02  0.5024E-01  0.3472E-02
  0.8983E+02  0.4313E-01  0.3279E-02
  0.9048E+02  0.3702E-01  0.3049E-02
  0.9112E+02  0.3171E-01  0.2779E-02
  0.9177E+02  0.2694E-01  0.2464E-02
  0.9241E+02  0.2241E-01  0.2098E-02
  0.9306E+02  0.1781E-01  0.1676E-02
  0.9371E+02  0.1278E-01  0.1190E-02
  0.9435E+02  0.6965E-02  0.6338E-03
  0.9500E+02  0.0000E+00  0.0000E+00
