
           ####      G N O M              Version 5.0 (r8972)      ####
                                               Fri Sep  4 09:51:01 2020

           ####      Configuration                                 ####

    System Type:                   arbitrary monodisperse (job = 0)
    Minimum characteristic size:         0.0000
    Maximum characteristic size:        74.0000
    rad56:                               0.0000
    Force 0.0 at r = rmin:                  yes
    Force 0.0 at r = rmax:                  yes
    Initial alpha:                       0.0000
    Initial random seed:    3348698884502114791
    Points in real space:                   178

    Input  1:                      PF0699ModGH.dat
    First data point used:                    1
    Last data point used:                   499
    Scaling coefficient:             0.1000E+01
    Experimental setup:            point collimation


           ####      Results                                       ####

    Parameter    DISCRP  OSCILL  STABIL  SYSDEV  POSITV  VALCEN  SMOOTH
    Weight        1.000   3.000   3.000   3.000   1.000   1.000   2.000
    Sigma         0.300   0.600   0.120   0.120   0.120   0.120   0.600
    Ideal         0.700   1.100   0.000   1.000   1.000   0.950   0.000
    Current       0.073   1.348   0.011   0.185   1.000   0.904   0.362
               --------------------------------------------------------
    Estimate      0.013   0.843   0.992   0.000   1.000   0.865   0.695

    Angular range:                       0.0175 to       0.2978
    Reciprocal space Rg:             0.2356E+02
    Reciprocal space I(0):           0.1158E+04

    Real space range:                    0.0000 to      74.0000
    Real space Rg:                   0.2358E+02 +-   0.3574E+01
    Real space I(0):                 0.1158E+04 +-   0.1927E+03

    Highest ALPHA (theor):           0.5177E+03
    Current ALPHA:                   0.6953E-02

    Total Estimate:                      0.6266 (a REASONABLE solution)



           ####      Experimental Data and Fit                     ####

      S          J EXP       ERROR       J REG       I REG

   0.000000E+00                                                0.115840E+04
   0.623411E-03                                                0.115832E+04
   0.124682E-02                                                0.115807E+04
   0.187023E-02                                                0.115765E+04
   0.249364E-02                                                0.115707E+04
   0.311705E-02                                                0.115632E+04
   0.374046E-02                                                0.115540E+04
   0.436387E-02                                                0.115432E+04
   0.498729E-02                                                0.115307E+04
   0.561070E-02                                                0.115166E+04
   0.623411E-02                                                0.115009E+04
   0.685752E-02                                                0.114835E+04
   0.748093E-02                                                0.114645E+04
   0.810434E-02                                                0.114439E+04
   0.872775E-02                                                0.114217E+04
   0.935116E-02                                                0.113979E+04
   0.997457E-02                                                0.113726E+04
   0.105980E-01                                                0.113456E+04
   0.112214E-01                                                0.113171E+04
   0.118448E-01                                                0.112870E+04
   0.124682E-01                                                0.112555E+04
   0.130916E-01                                                0.112224E+04
   0.137150E-01                                                0.111877E+04
   0.143384E-01                                                0.111517E+04
   0.149619E-01                                                0.111141E+04
   0.155853E-01                                                0.110751E+04
   0.162087E-01                                                0.110346E+04
   0.168321E-01                                                0.109928E+04
   0.174555E-01   0.109913E+04   0.109913E+04   0.109495E+04   0.109495E+04
   0.180185E-01   0.109904E+04   0.109904E+04   0.109092E+04   0.109092E+04
   0.185815E-01   0.109972E+04   0.109972E+04   0.108679E+04   0.108679E+04
   0.191445E-01   0.108580E+04   0.108580E+04   0.108254E+04   0.108254E+04
   0.197075E-01   0.108433E+04   0.108433E+04   0.107819E+04   0.107819E+04
   0.202705E-01   0.107110E+04   0.107110E+04   0.107372E+04   0.107372E+04
   0.208335E-01   0.107373E+04   0.107373E+04   0.106916E+04   0.106916E+04
   0.213970E-01   0.106260E+04   0.106260E+04   0.106449E+04   0.106449E+04
   0.219605E-01   0.105290E+04   0.105290E+04   0.105971E+04   0.105971E+04
   0.225235E-01   0.104878E+04   0.104878E+04   0.105484E+04   0.105484E+04
   0.230865E-01   0.104292E+04   0.104292E+04   0.104987E+04   0.104987E+04
   0.236495E-01   0.104648E+04   0.104648E+04   0.104481E+04   0.104481E+04
   0.242125E-01   0.104575E+04   0.104575E+04   0.103965E+04   0.103965E+04
   0.247755E-01   0.104884E+04   0.104884E+04   0.103440E+04   0.103440E+04
   0.253385E-01   0.104731E+04   0.104731E+04   0.102905E+04   0.102905E+04
   0.259015E-01   0.104603E+04   0.104603E+04   0.102362E+04   0.102362E+04
   0.264645E-01   0.104214E+04   0.104214E+04   0.101810E+04   0.101810E+04
   0.270275E-01   0.102869E+04   0.102869E+04   0.101250E+04   0.101250E+04
   0.275905E-01   0.101815E+04   0.101815E+04   0.100681E+04   0.100681E+04
   0.281540E-01   0.100875E+04   0.100875E+04   0.100104E+04   0.100104E+04
   0.287175E-01   0.100323E+04   0.100323E+04   0.995183E+03   0.995183E+03
   0.292805E-01   0.995177E+03   0.995177E+03   0.989257E+03   0.989257E+03
   0.298435E-01   0.986756E+03   0.986756E+03   0.983256E+03   0.983256E+03
   0.304065E-01   0.984266E+03   0.984266E+03   0.977182E+03   0.977182E+03
   0.309695E-01   0.975352E+03   0.975352E+03   0.971036E+03   0.971036E+03
   0.315325E-01   0.967639E+03   0.967639E+03   0.964821E+03   0.964821E+03
   0.320955E-01   0.957416E+03   0.957416E+03   0.958539E+03   0.958539E+03
   0.326585E-01   0.948969E+03   0.948969E+03   0.952192E+03   0.952192E+03
   0.332215E-01   0.940625E+03   0.940625E+03   0.945782E+03   0.945782E+03
   0.337845E-01   0.933043E+03   0.933043E+03   0.939311E+03   0.939311E+03
   0.343475E-01   0.926584E+03   0.926584E+03   0.932781E+03   0.932781E+03
   0.349105E-01   0.921662E+03   0.921662E+03   0.926194E+03   0.926194E+03
   0.354740E-01   0.915066E+03   0.915066E+03   0.919547E+03   0.919547E+03
   0.360375E-01   0.907967E+03   0.907967E+03   0.912847E+03   0.912847E+03
   0.366005E-01   0.900553E+03   0.900553E+03   0.906103E+03   0.906103E+03
   0.371635E-01   0.893605E+03   0.893605E+03   0.899311E+03   0.899311E+03
   0.377265E-01   0.886681E+03   0.886681E+03   0.892472E+03   0.892472E+03
   0.382895E-01   0.879531E+03   0.879531E+03   0.885590E+03   0.885590E+03
   0.388525E-01   0.874831E+03   0.874831E+03   0.878666E+03   0.878666E+03
   0.394155E-01   0.869600E+03   0.869600E+03   0.871702E+03   0.871702E+03
   0.399785E-01   0.865728E+03   0.865728E+03   0.864700E+03   0.864700E+03
   0.405415E-01   0.860758E+03   0.860758E+03   0.857663E+03   0.857663E+03
   0.411045E-01   0.853529E+03   0.853529E+03   0.850593E+03   0.850593E+03
   0.416675E-01   0.845854E+03   0.845854E+03   0.843491E+03   0.843491E+03
   0.422305E-01   0.837806E+03   0.837806E+03   0.836360E+03   0.836360E+03
   0.427940E-01   0.830342E+03   0.830342E+03   0.829196E+03   0.829196E+03
   0.433575E-01   0.822136E+03   0.822136E+03   0.822007E+03   0.822007E+03
   0.439205E-01   0.813195E+03   0.813195E+03   0.814801E+03   0.814801E+03
   0.444835E-01   0.806483E+03   0.806483E+03   0.807574E+03   0.807574E+03
   0.450465E-01   0.801054E+03   0.801054E+03   0.800329E+03   0.800329E+03
   0.456095E-01   0.792892E+03   0.792892E+03   0.793067E+03   0.793067E+03
   0.461725E-01   0.786408E+03   0.786408E+03   0.785790E+03   0.785790E+03
   0.467355E-01   0.778558E+03   0.778558E+03   0.778500E+03   0.778500E+03
   0.472985E-01   0.773519E+03   0.773519E+03   0.771200E+03   0.771200E+03
   0.478615E-01   0.769367E+03   0.769367E+03   0.763892E+03   0.763892E+03
   0.484245E-01   0.760174E+03   0.760174E+03   0.756575E+03   0.756575E+03
   0.489875E-01   0.754549E+03   0.754549E+03   0.749254E+03   0.749254E+03
   0.495505E-01   0.744526E+03   0.744526E+03   0.741930E+03   0.741930E+03
   0.501135E-01   0.738015E+03   0.738015E+03   0.734605E+03   0.734605E+03
   0.506770E-01   0.728845E+03   0.728845E+03   0.727274E+03   0.727274E+03
   0.512405E-01   0.717404E+03   0.717404E+03   0.719946E+03   0.719946E+03
   0.518035E-01   0.711880E+03   0.711880E+03   0.712629E+03   0.712629E+03
   0.523665E-01   0.702849E+03   0.702849E+03   0.705318E+03   0.705318E+03
   0.529295E-01   0.696594E+03   0.696594E+03   0.698015E+03   0.698015E+03
   0.534925E-01   0.690315E+03   0.690315E+03   0.690723E+03   0.690723E+03
   0.540555E-01   0.684109E+03   0.684109E+03   0.683441E+03   0.683441E+03
   0.546185E-01   0.679477E+03   0.679477E+03   0.676173E+03   0.676173E+03
   0.551815E-01   0.672008E+03   0.672008E+03   0.668920E+03   0.668920E+03
   0.557445E-01   0.667770E+03   0.667770E+03   0.661683E+03   0.661683E+03
   0.563075E-01   0.661563E+03   0.661563E+03   0.654465E+03   0.654465E+03
   0.568705E-01   0.654723E+03   0.654723E+03   0.647267E+03   0.647267E+03
   0.574335E-01   0.646679E+03   0.646679E+03   0.640089E+03   0.640089E+03
   0.579970E-01   0.638314E+03   0.638314E+03   0.632929E+03   0.632929E+03
   0.585605E-01   0.629318E+03   0.629318E+03   0.625793E+03   0.625793E+03
   0.591235E-01   0.619570E+03   0.619570E+03   0.618689E+03   0.618689E+03
   0.596865E-01   0.611453E+03   0.611453E+03   0.611612E+03   0.611612E+03
   0.602495E-01   0.602883E+03   0.602883E+03   0.604564E+03   0.604564E+03
   0.608125E-01   0.597148E+03   0.597148E+03   0.597547E+03   0.597547E+03
   0.613755E-01   0.590781E+03   0.590781E+03   0.590561E+03   0.590561E+03
   0.619385E-01   0.583824E+03   0.583824E+03   0.583607E+03   0.583607E+03
   0.625015E-01   0.576422E+03   0.576422E+03   0.576688E+03   0.576688E+03
   0.630645E-01   0.571985E+03   0.571985E+03   0.569804E+03   0.569804E+03
   0.636275E-01   0.565933E+03   0.565933E+03   0.562957E+03   0.562957E+03
   0.641905E-01   0.558538E+03   0.558538E+03   0.556147E+03   0.556147E+03
   0.647535E-01   0.551284E+03   0.551284E+03   0.549376E+03   0.549376E+03
   0.653165E-01   0.545807E+03   0.545807E+03   0.542645E+03   0.542645E+03
   0.658800E-01   0.541110E+03   0.541110E+03   0.535950E+03   0.535950E+03
   0.664435E-01   0.533920E+03   0.533920E+03   0.529296E+03   0.529296E+03
   0.670065E-01   0.526921E+03   0.526921E+03   0.522692E+03   0.522692E+03
   0.675695E-01   0.521581E+03   0.521581E+03   0.516132E+03   0.516132E+03
   0.681325E-01   0.516995E+03   0.516995E+03   0.509617E+03   0.509617E+03
   0.686955E-01   0.509676E+03   0.509676E+03   0.503148E+03   0.503148E+03
   0.692585E-01   0.502610E+03   0.502610E+03   0.496726E+03   0.496726E+03
   0.698215E-01   0.495200E+03   0.495200E+03   0.490351E+03   0.490351E+03
   0.703845E-01   0.489141E+03   0.489141E+03   0.484026E+03   0.484026E+03
   0.709475E-01   0.482678E+03   0.482678E+03   0.477749E+03   0.477749E+03
   0.715105E-01   0.475363E+03   0.475363E+03   0.471522E+03   0.471522E+03
   0.720735E-01   0.472159E+03   0.472159E+03   0.465346E+03   0.465346E+03
   0.726365E-01   0.467970E+03   0.467970E+03   0.459222E+03   0.459222E+03
   0.731995E-01   0.463317E+03   0.463317E+03   0.453150E+03   0.453150E+03
   0.737625E-01   0.457417E+03   0.457417E+03   0.447130E+03   0.447130E+03
   0.743260E-01   0.450575E+03   0.450575E+03   0.441159E+03   0.441159E+03
   0.748895E-01   0.443783E+03   0.443783E+03   0.435241E+03   0.435241E+03
   0.754525E-01   0.435022E+03   0.435022E+03   0.429382E+03   0.429382E+03
   0.760155E-01   0.427008E+03   0.427008E+03   0.423579E+03   0.423579E+03
   0.765785E-01   0.419877E+03   0.419877E+03   0.417831E+03   0.417831E+03
   0.771415E-01   0.413683E+03   0.413683E+03   0.412138E+03   0.412138E+03
   0.777045E-01   0.407998E+03   0.407998E+03   0.406501E+03   0.406501E+03
   0.782675E-01   0.402235E+03   0.402235E+03   0.400921E+03   0.400921E+03
   0.788305E-01   0.397623E+03   0.397623E+03   0.395397E+03   0.395397E+03
   0.793935E-01   0.391832E+03   0.391832E+03   0.389930E+03   0.389930E+03
   0.799565E-01   0.386060E+03   0.386060E+03   0.384520E+03   0.384520E+03
   0.805195E-01   0.382072E+03   0.382072E+03   0.379167E+03   0.379167E+03
   0.810825E-01   0.376227E+03   0.376227E+03   0.373873E+03   0.373873E+03
   0.816455E-01   0.372524E+03   0.372524E+03   0.368635E+03   0.368635E+03
   0.822085E-01   0.368103E+03   0.368103E+03   0.363456E+03   0.363456E+03
   0.827720E-01   0.364039E+03   0.364039E+03   0.358330E+03   0.358330E+03
   0.833355E-01   0.360119E+03   0.360119E+03   0.353262E+03   0.353262E+03
   0.838985E-01   0.353840E+03   0.353840E+03   0.348257E+03   0.348257E+03
   0.844615E-01   0.350207E+03   0.350207E+03   0.343310E+03   0.343310E+03
   0.850245E-01   0.345020E+03   0.345020E+03   0.338421E+03   0.338421E+03
   0.855875E-01   0.339588E+03   0.339588E+03   0.333590E+03   0.333590E+03
   0.861505E-01   0.335493E+03   0.335493E+03   0.328817E+03   0.328817E+03
   0.867135E-01   0.329350E+03   0.329350E+03   0.324102E+03   0.324102E+03
   0.872765E-01   0.325063E+03   0.325063E+03   0.319445E+03   0.319445E+03
   0.878395E-01   0.319644E+03   0.319644E+03   0.314846E+03   0.314846E+03
   0.884025E-01   0.313856E+03   0.313856E+03   0.310304E+03   0.310304E+03
   0.889655E-01   0.307787E+03   0.307787E+03   0.305819E+03   0.305819E+03
   0.895285E-01   0.302245E+03   0.302245E+03   0.301391E+03   0.301391E+03
   0.900915E-01   0.297930E+03   0.297930E+03   0.297021E+03   0.297021E+03
   0.906545E-01   0.293600E+03   0.293600E+03   0.292707E+03   0.292707E+03
   0.912180E-01   0.289123E+03   0.289123E+03   0.288445E+03   0.288445E+03
   0.917815E-01   0.285657E+03   0.285657E+03   0.284240E+03   0.284240E+03
   0.923445E-01   0.282324E+03   0.282324E+03   0.280095E+03   0.280095E+03
   0.929075E-01   0.278221E+03   0.278221E+03   0.276005E+03   0.276005E+03
   0.934705E-01   0.273603E+03   0.273603E+03   0.271970E+03   0.271970E+03
   0.940335E-01   0.269332E+03   0.269332E+03   0.267990E+03   0.267990E+03
   0.945965E-01   0.265842E+03   0.265842E+03   0.264064E+03   0.264064E+03
   0.951595E-01   0.263310E+03   0.263310E+03   0.260193E+03   0.260193E+03
   0.957225E-01   0.260712E+03   0.260712E+03   0.256375E+03   0.256375E+03
   0.962855E-01   0.256504E+03   0.256504E+03   0.252610E+03   0.252610E+03
   0.968485E-01   0.253765E+03   0.253765E+03   0.248898E+03   0.248898E+03
   0.974115E-01   0.249530E+03   0.249530E+03   0.245238E+03   0.245238E+03
   0.979745E-01   0.246031E+03   0.246031E+03   0.241631E+03   0.241631E+03
   0.985375E-01   0.240996E+03   0.240996E+03   0.238074E+03   0.238074E+03
   0.991005E-01   0.236671E+03   0.236671E+03   0.234569E+03   0.234569E+03
   0.996635E-01   0.234402E+03   0.234402E+03   0.231114E+03   0.231114E+03
   0.100226E+00   0.230577E+03   0.230577E+03   0.227709E+03   0.227709E+03
   0.100790E+00   0.227448E+03   0.227448E+03   0.224350E+03   0.224350E+03
   0.101353E+00   0.223622E+03   0.223622E+03   0.221041E+03   0.221041E+03
   0.101916E+00   0.220379E+03   0.220379E+03   0.217782E+03   0.217782E+03
   0.102480E+00   0.218347E+03   0.218347E+03   0.214572E+03   0.214572E+03
   0.103042E+00   0.213756E+03   0.213756E+03   0.211408E+03   0.211408E+03
   0.103606E+00   0.211424E+03   0.211424E+03   0.208291E+03   0.208291E+03
   0.104168E+00   0.207949E+03   0.207949E+03   0.205221E+03   0.205221E+03
   0.104732E+00   0.205299E+03   0.205299E+03   0.202196E+03   0.202196E+03
   0.105294E+00   0.201437E+03   0.201437E+03   0.199216E+03   0.199216E+03
   0.105857E+00   0.197055E+03   0.197055E+03   0.196280E+03   0.196280E+03
   0.106421E+00   0.194799E+03   0.194799E+03   0.193388E+03   0.193388E+03
   0.106983E+00   0.192399E+03   0.192399E+03   0.190539E+03   0.190539E+03
   0.107547E+00   0.190009E+03   0.190009E+03   0.187733E+03   0.187733E+03
   0.108109E+00   0.188446E+03   0.188446E+03   0.184969E+03   0.184969E+03
   0.108673E+00   0.185994E+03   0.185994E+03   0.182246E+03   0.182246E+03
   0.109235E+00   0.184137E+03   0.184137E+03   0.179564E+03   0.179564E+03
   0.109798E+00   0.181483E+03   0.181483E+03   0.176923E+03   0.176923E+03
   0.110362E+00   0.178253E+03   0.178253E+03   0.174321E+03   0.174321E+03
   0.110925E+00   0.175513E+03   0.175513E+03   0.171756E+03   0.171756E+03
   0.111489E+00   0.171242E+03   0.171242E+03   0.169229E+03   0.169229E+03
   0.112051E+00   0.168946E+03   0.168946E+03   0.166742E+03   0.166742E+03
   0.112615E+00   0.165824E+03   0.165824E+03   0.164293E+03   0.164293E+03
   0.113178E+00   0.163479E+03   0.163479E+03   0.161880E+03   0.161880E+03
   0.113740E+00   0.161076E+03   0.161076E+03   0.159503E+03   0.159503E+03
   0.114304E+00   0.159160E+03   0.159160E+03   0.157162E+03   0.157162E+03
   0.114866E+00   0.156280E+03   0.156280E+03   0.154855E+03   0.154855E+03
   0.115430E+00   0.153220E+03   0.153220E+03   0.152583E+03   0.152583E+03
   0.115992E+00   0.150791E+03   0.150791E+03   0.150344E+03   0.150344E+03
   0.116556E+00   0.147246E+03   0.147246E+03   0.148139E+03   0.148139E+03
   0.117119E+00   0.144643E+03   0.144643E+03   0.145966E+03   0.145966E+03
   0.117681E+00   0.141879E+03   0.141879E+03   0.143825E+03   0.143825E+03
   0.118245E+00   0.140424E+03   0.140424E+03   0.141716E+03   0.141716E+03
   0.118807E+00   0.138734E+03   0.138734E+03   0.139637E+03   0.139637E+03
   0.119371E+00   0.136315E+03   0.136315E+03   0.137589E+03   0.137589E+03
   0.119933E+00   0.135025E+03   0.135025E+03   0.135570E+03   0.135570E+03
   0.120497E+00   0.133040E+03   0.133040E+03   0.133580E+03   0.133580E+03
   0.121060E+00   0.130008E+03   0.130008E+03   0.131619E+03   0.131619E+03
   0.121622E+00   0.127869E+03   0.127869E+03   0.129687E+03   0.129687E+03
   0.122186E+00   0.126198E+03   0.126198E+03   0.127780E+03   0.127780E+03
   0.122749E+00   0.124591E+03   0.124591E+03   0.125900E+03   0.125900E+03
   0.123313E+00   0.123073E+03   0.123073E+03   0.124049E+03   0.124049E+03
   0.123875E+00   0.121954E+03   0.121954E+03   0.122224E+03   0.122224E+03
   0.124438E+00   0.121007E+03   0.121007E+03   0.120424E+03   0.120424E+03
   0.125001E+00   0.119416E+03   0.119416E+03   0.118649E+03   0.118649E+03
   0.125564E+00   0.117706E+03   0.117706E+03   0.116900E+03   0.116900E+03
   0.126128E+00   0.116819E+03   0.116819E+03   0.115174E+03   0.115174E+03
   0.126691E+00   0.114908E+03   0.114908E+03   0.113472E+03   0.113472E+03
   0.127253E+00   0.111954E+03   0.111954E+03   0.111793E+03   0.111793E+03
   0.127816E+00   0.110429E+03   0.110429E+03   0.110137E+03   0.110137E+03
   0.128380E+00   0.108594E+03   0.108594E+03   0.108503E+03   0.108503E+03
   0.128942E+00   0.105877E+03   0.105877E+03   0.106892E+03   0.106892E+03
   0.129505E+00   0.103171E+03   0.103171E+03   0.105302E+03   0.105302E+03
   0.130069E+00   0.101053E+03   0.101053E+03   0.103733E+03   0.103733E+03
   0.130632E+00   0.100808E+03   0.100808E+03   0.102184E+03   0.102184E+03
   0.131194E+00   0.997618E+02   0.997618E+02   0.100657E+03   0.100657E+03
   0.131757E+00   0.989656E+02   0.989656E+02   0.991486E+02   0.991486E+02
   0.132321E+00   0.997418E+02   0.997418E+02   0.976603E+02   0.976603E+02
   0.132883E+00   0.996352E+02   0.996352E+02   0.961911E+02   0.961911E+02
   0.133446E+00   0.987017E+02   0.987017E+02   0.947409E+02   0.947409E+02
   0.134010E+00   0.959767E+02   0.959767E+02   0.933092E+02   0.933092E+02
   0.134573E+00   0.941437E+02   0.941437E+02   0.918957E+02   0.918957E+02
   0.135135E+00   0.914238E+02   0.914238E+02   0.905001E+02   0.905001E+02
   0.135699E+00   0.880270E+02   0.880270E+02   0.891208E+02   0.891208E+02
   0.136263E+00   0.848801E+02   0.848801E+02   0.877588E+02   0.877588E+02
   0.136825E+00   0.827868E+02   0.827868E+02   0.864150E+02   0.864150E+02
   0.137388E+00   0.816222E+02   0.816222E+02   0.850878E+02   0.850878E+02
   0.137952E+00   0.805325E+02   0.805325E+02   0.837770E+02   0.837770E+02
   0.138515E+00   0.798474E+02   0.798474E+02   0.824822E+02   0.824822E+02
   0.139077E+00   0.795038E+02   0.795038E+02   0.812034E+02   0.812034E+02
   0.139641E+00   0.788786E+02   0.788786E+02   0.799401E+02   0.799401E+02
   0.140204E+00   0.778048E+02   0.778048E+02   0.786921E+02   0.786921E+02
   0.140766E+00   0.772934E+02   0.772934E+02   0.774592E+02   0.774592E+02
   0.141329E+00   0.759345E+02   0.759345E+02   0.762412E+02   0.762412E+02
   0.141893E+00   0.745525E+02   0.745525E+02   0.750377E+02   0.750377E+02
   0.142456E+00   0.741466E+02   0.741466E+02   0.738488E+02   0.738488E+02
   0.143018E+00   0.733428E+02   0.733428E+02   0.726739E+02   0.726739E+02
   0.143582E+00   0.727167E+02   0.727167E+02   0.715132E+02   0.715132E+02
   0.144145E+00   0.709558E+02   0.709558E+02   0.703663E+02   0.703663E+02
   0.144707E+00   0.696254E+02   0.696254E+02   0.692329E+02   0.692329E+02
   0.145270E+00   0.680460E+02   0.680460E+02   0.681131E+02   0.681131E+02
   0.145834E+00   0.657456E+02   0.657456E+02   0.670065E+02   0.670065E+02
   0.146397E+00   0.642163E+02   0.642163E+02   0.659130E+02   0.659130E+02
   0.146959E+00   0.628712E+02   0.628712E+02   0.648325E+02   0.648325E+02
   0.147523E+00   0.619882E+02   0.619882E+02   0.637647E+02   0.637647E+02
   0.148086E+00   0.609552E+02   0.609552E+02   0.627096E+02   0.627096E+02
   0.148648E+00   0.604625E+02   0.604625E+02   0.616671E+02   0.616671E+02
   0.149211E+00   0.594574E+02   0.594574E+02   0.606369E+02   0.606369E+02
   0.149775E+00   0.590099E+02   0.590099E+02   0.596189E+02   0.596189E+02
   0.150338E+00   0.581282E+02   0.581282E+02   0.586131E+02   0.586131E+02
   0.150900E+00   0.570514E+02   0.570514E+02   0.576193E+02   0.576193E+02
   0.151464E+00   0.559268E+02   0.559268E+02   0.566374E+02   0.566374E+02
   0.152027E+00   0.550019E+02   0.550019E+02   0.556665E+02   0.556665E+02
   0.152590E+00   0.543628E+02   0.543628E+02   0.547072E+02   0.547072E+02
   0.153153E+00   0.531719E+02   0.531719E+02   0.537604E+02   0.537604E+02
   0.153717E+00   0.526555E+02   0.526555E+02   0.528251E+02   0.528251E+02
   0.154280E+00   0.521914E+02   0.521914E+02   0.519012E+02   0.519012E+02
   0.154842E+00   0.513874E+02   0.513874E+02   0.509886E+02   0.509886E+02
   0.155406E+00   0.511735E+02   0.511735E+02   0.500873E+02   0.500873E+02
   0.155969E+00   0.498967E+02   0.498967E+02   0.491970E+02   0.491970E+02
   0.156531E+00   0.493113E+02   0.493113E+02   0.483179E+02   0.483179E+02
   0.157094E+00   0.477319E+02   0.477319E+02   0.474499E+02   0.474499E+02
   0.157658E+00   0.467509E+02   0.467509E+02   0.465927E+02   0.465927E+02
   0.158220E+00   0.462853E+02   0.462853E+02   0.457465E+02   0.457465E+02
   0.158783E+00   0.449592E+02   0.449592E+02   0.449110E+02   0.449110E+02
   0.159347E+00   0.439927E+02   0.439927E+02   0.440863E+02   0.440863E+02
   0.159910E+00   0.425363E+02   0.425363E+02   0.432724E+02   0.432724E+02
   0.160472E+00   0.418080E+02   0.418080E+02   0.424690E+02   0.424690E+02
   0.161035E+00   0.413247E+02   0.413247E+02   0.416763E+02   0.416763E+02
   0.161599E+00   0.408187E+02   0.408187E+02   0.408941E+02   0.408941E+02
   0.162161E+00   0.400699E+02   0.400699E+02   0.401224E+02   0.401224E+02
   0.162724E+00   0.402608E+02   0.402608E+02   0.393611E+02   0.393611E+02
   0.163288E+00   0.395682E+02   0.395682E+02   0.386103E+02   0.386103E+02
   0.163851E+00   0.389461E+02   0.389461E+02   0.378697E+02   0.378697E+02
   0.164413E+00   0.379588E+02   0.379588E+02   0.371395E+02   0.371395E+02
   0.164976E+00   0.371450E+02   0.371450E+02   0.364196E+02   0.364196E+02
   0.165540E+00   0.362367E+02   0.362367E+02   0.357098E+02   0.357098E+02
   0.166102E+00   0.350421E+02   0.350421E+02   0.350102E+02   0.350102E+02
   0.166665E+00   0.344484E+02   0.344484E+02   0.343208E+02   0.343208E+02
   0.167229E+00   0.340919E+02   0.340919E+02   0.336420E+02   0.336420E+02
   0.167792E+00   0.335152E+02   0.335152E+02   0.329719E+02   0.329719E+02
   0.168354E+00   0.328483E+02   0.328483E+02   0.323128E+02   0.323128E+02
   0.168917E+00   0.330648E+02   0.330648E+02   0.316634E+02   0.316634E+02
   0.169481E+00   0.327760E+02   0.327760E+02   0.310240E+02   0.310240E+02
   0.170043E+00   0.325325E+02   0.325325E+02   0.303944E+02   0.303944E+02
   0.170606E+00   0.317473E+02   0.317473E+02   0.297747E+02   0.297747E+02
   0.171170E+00   0.309205E+02   0.309205E+02   0.291647E+02   0.291647E+02
   0.171733E+00   0.298221E+02   0.298221E+02   0.285645E+02   0.285645E+02
   0.172295E+00   0.283058E+02   0.283058E+02   0.279740E+02   0.279740E+02
   0.172858E+00   0.273222E+02   0.273222E+02   0.273932E+02   0.273932E+02
   0.173422E+00   0.263593E+02   0.263593E+02   0.268219E+02   0.268219E+02
   0.173984E+00   0.260992E+02   0.260992E+02   0.262602E+02   0.262602E+02
   0.174547E+00   0.254578E+02   0.254578E+02   0.257080E+02   0.257080E+02
   0.175111E+00   0.250690E+02   0.250690E+02   0.251653E+02   0.251653E+02
   0.175674E+00   0.245211E+02   0.245211E+02   0.246320E+02   0.246320E+02
   0.176236E+00   0.239801E+02   0.239801E+02   0.241080E+02   0.241080E+02
   0.176799E+00   0.234872E+02   0.234872E+02   0.235933E+02   0.235933E+02
   0.177363E+00   0.224709E+02   0.224709E+02   0.230879E+02   0.230879E+02
   0.177925E+00   0.218968E+02   0.218968E+02   0.225916E+02   0.225916E+02
   0.178488E+00   0.207639E+02   0.207639E+02   0.221045E+02   0.221045E+02
   0.179052E+00   0.203955E+02   0.203955E+02   0.216264E+02   0.216264E+02
   0.179615E+00   0.199907E+02   0.199907E+02   0.211573E+02   0.211573E+02
   0.180177E+00   0.191452E+02   0.191452E+02   0.206973E+02   0.206973E+02
   0.180740E+00   0.191438E+02   0.191438E+02   0.202461E+02   0.202461E+02
   0.181304E+00   0.187494E+02   0.187494E+02   0.198037E+02   0.198037E+02
   0.181866E+00   0.186560E+02   0.186560E+02   0.193700E+02   0.193700E+02
   0.182429E+00   0.182664E+02   0.182664E+02   0.189450E+02   0.189450E+02
   0.182993E+00   0.177550E+02   0.177550E+02   0.185286E+02   0.185286E+02
   0.183556E+00   0.179140E+02   0.179140E+02   0.181208E+02   0.181208E+02
   0.184118E+00   0.170797E+02   0.170797E+02   0.177214E+02   0.177214E+02
   0.184681E+00   0.170502E+02   0.170502E+02   0.173304E+02   0.173304E+02
   0.185245E+00   0.174256E+02   0.174256E+02   0.169477E+02   0.169477E+02
   0.185807E+00   0.169682E+02   0.169682E+02   0.165732E+02   0.165732E+02
   0.186370E+00   0.165189E+02   0.165189E+02   0.162069E+02   0.162069E+02
   0.186934E+00   0.157712E+02   0.157712E+02   0.158483E+02   0.158483E+02
   0.187498E+00   0.157357E+02   0.157357E+02   0.154977E+02   0.154977E+02
   0.188060E+00   0.155790E+02   0.155790E+02   0.151554E+02   0.151554E+02
   0.188623E+00   0.149696E+02   0.149696E+02   0.148208E+02   0.148208E+02
   0.189187E+00   0.152466E+02   0.152466E+02   0.144940E+02   0.144940E+02
   0.189749E+00   0.150439E+02   0.150439E+02   0.141747E+02   0.141747E+02
   0.190312E+00   0.151334E+02   0.151334E+02   0.138631E+02   0.138631E+02
   0.190876E+00   0.149777E+02   0.149777E+02   0.135587E+02   0.135587E+02
   0.191439E+00   0.140852E+02   0.140852E+02   0.132619E+02   0.132619E+02
   0.192001E+00   0.135100E+02   0.135100E+02   0.129724E+02   0.129724E+02
   0.192564E+00   0.122584E+02   0.122584E+02   0.126902E+02   0.126902E+02
   0.193127E+00   0.117204E+02   0.117204E+02   0.124150E+02   0.124150E+02
   0.193689E+00   0.111441E+02   0.111441E+02   0.121466E+02   0.121466E+02
   0.194252E+00   0.107059E+02   0.107059E+02   0.118851E+02   0.118851E+02
   0.194816E+00   0.105952E+02   0.105952E+02   0.116303E+02   0.116303E+02
   0.195379E+00   0.107114E+02   0.107114E+02   0.113822E+02   0.113822E+02
   0.195941E+00   0.109035E+02   0.109035E+02   0.111406E+02   0.111406E+02
   0.196504E+00   0.109708E+02   0.109708E+02   0.109056E+02   0.109056E+02
   0.197068E+00   0.113456E+02   0.113456E+02   0.106768E+02   0.106768E+02
   0.197630E+00   0.112393E+02   0.112393E+02   0.104544E+02   0.104544E+02
   0.198193E+00   0.113352E+02   0.113352E+02   0.102381E+02   0.102381E+02
   0.198757E+00   0.111145E+02   0.111145E+02   0.100279E+02   0.100279E+02
   0.199320E+00   0.111442E+02   0.111442E+02   0.982351E+01   0.982351E+01
   0.199882E+00   0.110783E+02   0.110783E+02   0.962510E+01   0.962510E+01
   0.200445E+00   0.110556E+02   0.110556E+02   0.943238E+01   0.943238E+01
   0.201009E+00   0.108687E+02   0.108687E+02   0.924527E+01   0.924527E+01
   0.201571E+00   0.106755E+02   0.106755E+02   0.906372E+01   0.906372E+01
   0.202134E+00   0.979747E+01   0.979747E+01   0.888757E+01   0.888757E+01
   0.202698E+00   0.963266E+01   0.963266E+01   0.871673E+01   0.871673E+01
   0.203261E+00   0.931657E+01   0.931657E+01   0.855109E+01   0.855109E+01
   0.203823E+00   0.859566E+01   0.859566E+01   0.839057E+01   0.839057E+01
   0.204386E+00   0.821952E+01   0.821952E+01   0.823503E+01   0.823503E+01
   0.204950E+00   0.790632E+01   0.790632E+01   0.808438E+01   0.808438E+01
   0.205512E+00   0.848367E+01   0.848367E+01   0.793853E+01   0.793853E+01
   0.206075E+00   0.844110E+01   0.844110E+01   0.779735E+01   0.779735E+01
   0.206639E+00   0.871820E+01   0.871820E+01   0.766075E+01   0.766075E+01
   0.207202E+00   0.843354E+01   0.843354E+01   0.752868E+01   0.752868E+01
   0.207764E+00   0.807826E+01   0.807826E+01   0.740087E+01   0.740087E+01
   0.208327E+00   0.777665E+01   0.777665E+01   0.727739E+01   0.727739E+01
   0.208891E+00   0.726472E+01   0.726472E+01   0.715808E+01   0.715808E+01
   0.209453E+00   0.670007E+01   0.670007E+01   0.704283E+01   0.704283E+01
   0.210016E+00   0.605695E+01   0.605695E+01   0.693156E+01   0.693156E+01
   0.210580E+00   0.582700E+01   0.582700E+01   0.682416E+01   0.682416E+01
   0.211143E+00   0.605825E+01   0.605825E+01   0.672054E+01   0.672054E+01
   0.211705E+00   0.601249E+01   0.601249E+01   0.662060E+01   0.662060E+01
   0.212268E+00   0.605926E+01   0.605926E+01   0.652424E+01   0.652424E+01
   0.212832E+00   0.599140E+01   0.599140E+01   0.643136E+01   0.643136E+01
   0.213394E+00   0.620334E+01   0.620334E+01   0.634189E+01   0.634189E+01
   0.213957E+00   0.586676E+01   0.586676E+01   0.625573E+01   0.625573E+01
   0.214521E+00   0.565927E+01   0.565927E+01   0.617279E+01   0.617279E+01
   0.215084E+00   0.523029E+01   0.523029E+01   0.609310E+01   0.609310E+01
   0.215646E+00   0.478185E+01   0.478185E+01   0.601621E+01   0.601621E+01
   0.216209E+00   0.457036E+01   0.457036E+01   0.594237E+01   0.594237E+01
   0.216773E+00   0.475975E+01   0.475975E+01   0.587142E+01   0.587142E+01
   0.217335E+00   0.556697E+01   0.556697E+01   0.580327E+01   0.580327E+01
   0.217898E+00   0.570120E+01   0.570120E+01   0.573782E+01   0.573782E+01
   0.218462E+00   0.608866E+01   0.608866E+01   0.567500E+01   0.567500E+01
   0.219025E+00   0.620119E+01   0.620119E+01   0.561473E+01   0.561473E+01
   0.219587E+00   0.646807E+01   0.646807E+01   0.555694E+01   0.555694E+01
   0.220150E+00   0.595582E+01   0.595582E+01   0.550154E+01   0.550154E+01
   0.220714E+00   0.565815E+01   0.565815E+01   0.544849E+01   0.544849E+01
   0.221276E+00   0.513983E+01   0.513983E+01   0.539769E+01   0.539769E+01
   0.221839E+00   0.502727E+01   0.502727E+01   0.534908E+01   0.534908E+01
   0.222403E+00   0.509653E+01   0.509653E+01   0.530259E+01   0.530259E+01
   0.222966E+00   0.522713E+01   0.522713E+01   0.525816E+01   0.525816E+01
   0.223528E+00   0.562130E+01   0.562130E+01   0.521572E+01   0.521572E+01
   0.224091E+00   0.541383E+01   0.541383E+01   0.517522E+01   0.517522E+01
   0.224655E+00   0.594392E+01   0.594392E+01   0.513658E+01   0.513658E+01
   0.225217E+00   0.563042E+01   0.563042E+01   0.509980E+01   0.509980E+01
   0.225779E+00   0.538229E+01   0.538229E+01   0.506476E+01   0.506476E+01
   0.226343E+00   0.505779E+01   0.505779E+01   0.503139E+01   0.503139E+01
   0.226906E+00   0.449506E+01   0.449506E+01   0.499967E+01   0.499967E+01
   0.227468E+00   0.463224E+01   0.463224E+01   0.496951E+01   0.496951E+01
   0.228031E+00   0.414310E+01   0.414310E+01   0.494100E+01   0.494100E+01
   0.228595E+00   0.455542E+01   0.455542E+01   0.491394E+01   0.491394E+01
   0.229157E+00   0.475344E+01   0.475344E+01   0.488833E+01   0.488833E+01
   0.229720E+00   0.499566E+01   0.499566E+01   0.486413E+01   0.486413E+01
   0.230284E+00   0.522441E+01   0.522441E+01   0.484131E+01   0.484131E+01
   0.230847E+00   0.550812E+01   0.550812E+01   0.481983E+01   0.481983E+01
   0.231409E+00   0.580545E+01   0.580545E+01   0.479962E+01   0.479962E+01
   0.231972E+00   0.551434E+01   0.551434E+01   0.478069E+01   0.478069E+01
   0.232536E+00   0.565501E+01   0.565501E+01   0.476296E+01   0.476296E+01
   0.233098E+00   0.541514E+01   0.541514E+01   0.474642E+01   0.474642E+01
   0.233661E+00   0.586958E+01   0.586958E+01   0.473105E+01   0.473105E+01
   0.234225E+00   0.541276E+01   0.541276E+01   0.471679E+01   0.471679E+01
   0.234788E+00   0.558918E+01   0.558918E+01   0.470363E+01   0.470363E+01
   0.235350E+00   0.561518E+01   0.561518E+01   0.469154E+01   0.469154E+01
   0.235913E+00   0.535661E+01   0.535661E+01   0.468049E+01   0.468049E+01
   0.236477E+00   0.527902E+01   0.527902E+01   0.467046E+01   0.467046E+01
   0.237039E+00   0.518783E+01   0.518783E+01   0.466142E+01   0.466142E+01
   0.237602E+00   0.516538E+01   0.516538E+01   0.465336E+01   0.465336E+01
   0.238166E+00   0.495043E+01   0.495043E+01   0.464624E+01   0.464624E+01
   0.238729E+00   0.491399E+01   0.491399E+01   0.463986E+01   0.463986E+01
   0.239291E+00   0.518928E+01   0.518928E+01   0.463473E+01   0.463473E+01
   0.239853E+00   0.562762E+01   0.562762E+01   0.463044E+01   0.463044E+01
   0.240417E+00   0.519982E+01   0.519982E+01   0.462698E+01   0.462698E+01
   0.240980E+00   0.526784E+01   0.526784E+01   0.462438E+01   0.462438E+01
   0.241542E+00   0.523658E+01   0.523658E+01   0.462263E+01   0.462263E+01
   0.242106E+00   0.560879E+01   0.560879E+01   0.462173E+01   0.462173E+01
   0.242669E+00   0.567773E+01   0.567773E+01   0.462166E+01   0.462166E+01
   0.243231E+00   0.534222E+01   0.534222E+01   0.462243E+01   0.462243E+01
   0.243794E+00   0.521623E+01   0.521623E+01   0.462399E+01   0.462399E+01
   0.244358E+00   0.505796E+01   0.505796E+01   0.462636E+01   0.462636E+01
   0.244921E+00   0.497009E+01   0.497009E+01   0.462954E+01   0.462954E+01
   0.245483E+00   0.471013E+01   0.471013E+01   0.463351E+01   0.463351E+01
   0.246047E+00   0.447390E+01   0.447390E+01   0.463826E+01   0.463826E+01
   0.246610E+00   0.429869E+01   0.429869E+01   0.464379E+01   0.464379E+01
   0.247172E+00   0.418449E+01   0.418449E+01   0.465007E+01   0.465007E+01
   0.247735E+00   0.387667E+01   0.387667E+01   0.465717E+01   0.465717E+01
   0.248299E+00   0.374106E+01   0.374106E+01   0.466502E+01   0.466502E+01
   0.248862E+00   0.352328E+01   0.352328E+01   0.467362E+01   0.467362E+01
   0.249424E+00   0.356915E+01   0.356915E+01   0.468299E+01   0.468299E+01
   0.249987E+00   0.367031E+01   0.367031E+01   0.469310E+01   0.469310E+01
   0.250549E+00   0.378722E+01   0.378722E+01   0.470397E+01   0.470397E+01
   0.251113E+00   0.420340E+01   0.420340E+01   0.471556E+01   0.471556E+01
   0.251675E+00   0.438666E+01   0.438666E+01   0.472798E+01   0.472798E+01
   0.252238E+00   0.435784E+01   0.435784E+01   0.474111E+01   0.474111E+01
   0.252802E+00   0.402837E+01   0.402837E+01   0.475499E+01   0.475499E+01
   0.253364E+00   0.388507E+01   0.388507E+01   0.476960E+01   0.476960E+01
   0.253927E+00   0.413060E+01   0.413060E+01   0.478497E+01   0.478497E+01
   0.254491E+00   0.414566E+01   0.414566E+01   0.480108E+01   0.480108E+01
   0.255053E+00   0.417120E+01   0.417120E+01   0.481793E+01   0.481793E+01
   0.255617E+00   0.442810E+01   0.442810E+01   0.483551E+01   0.483551E+01
   0.256180E+00   0.509122E+01   0.509122E+01   0.485384E+01   0.485384E+01
   0.256742E+00   0.571039E+01   0.571039E+01   0.487290E+01   0.487290E+01
   0.257306E+00   0.600106E+01   0.600106E+01   0.489269E+01   0.489269E+01
   0.257869E+00   0.611641E+01   0.611641E+01   0.491322E+01   0.491322E+01
   0.258431E+00   0.620687E+01   0.620687E+01   0.493446E+01   0.493446E+01
   0.258994E+00   0.640984E+01   0.640984E+01   0.495643E+01   0.495643E+01
   0.259557E+00   0.611864E+01   0.611864E+01   0.497911E+01   0.497911E+01
   0.260120E+00   0.559123E+01   0.559123E+01   0.500252E+01   0.500252E+01
   0.260682E+00   0.559478E+01   0.559478E+01   0.502666E+01   0.502666E+01
   0.261246E+00   0.562278E+01   0.562278E+01   0.505150E+01   0.505150E+01
   0.261808E+00   0.560275E+01   0.560275E+01   0.507705E+01   0.507705E+01
   0.262371E+00   0.559955E+01   0.559955E+01   0.510329E+01   0.510329E+01
   0.262935E+00   0.581905E+01   0.581905E+01   0.513025E+01   0.513025E+01
   0.263497E+00   0.638660E+01   0.638660E+01   0.515822E+01   0.515822E+01
   0.264060E+00   0.609253E+01   0.609253E+01   0.518616E+01   0.518616E+01
   0.264624E+00   0.594814E+01   0.594814E+01   0.521515E+01   0.521515E+01
   0.265186E+00   0.624819E+01   0.624819E+01   0.524479E+01   0.524479E+01
   0.265750E+00   0.607708E+01   0.607708E+01   0.527509E+01   0.527509E+01
   0.266313E+00   0.568139E+01   0.568139E+01   0.530603E+01   0.530603E+01
   0.266875E+00   0.521822E+01   0.521822E+01   0.533759E+01   0.533759E+01
   0.267437E+00   0.497418E+01   0.497418E+01   0.536977E+01   0.536977E+01
   0.268000E+00   0.486474E+01   0.486474E+01   0.540258E+01   0.540258E+01
   0.268564E+00   0.454242E+01   0.454242E+01   0.543601E+01   0.543601E+01
   0.269126E+00   0.441272E+01   0.441272E+01   0.547002E+01   0.547002E+01
   0.269690E+00   0.474576E+01   0.474576E+01   0.550461E+01   0.550461E+01
   0.270253E+00   0.488138E+01   0.488138E+01   0.553977E+01   0.553977E+01
   0.270815E+00   0.536463E+01   0.536463E+01   0.557547E+01   0.557547E+01
   0.271379E+00   0.591124E+01   0.591124E+01   0.561170E+01   0.561170E+01
   0.271942E+00   0.607636E+01   0.607636E+01   0.564845E+01   0.564845E+01
   0.272504E+00   0.657848E+01   0.657848E+01   0.568571E+01   0.568571E+01
   0.273068E+00   0.661794E+01   0.661794E+01   0.572344E+01   0.572344E+01
   0.273630E+00   0.692198E+01   0.692198E+01   0.576161E+01   0.576161E+01
   0.274193E+00   0.675737E+01   0.675737E+01   0.580022E+01   0.580022E+01
   0.274755E+00   0.690137E+01   0.690137E+01   0.583927E+01   0.583927E+01
   0.275319E+00   0.691753E+01   0.691753E+01   0.587874E+01   0.587874E+01
   0.275882E+00   0.644995E+01   0.644995E+01   0.591866E+01   0.591866E+01
   0.276444E+00   0.671133E+01   0.671133E+01   0.595890E+01   0.595890E+01
   0.277008E+00   0.620000E+01   0.620000E+01   0.599948E+01   0.599948E+01
   0.277570E+00   0.635091E+01   0.635091E+01   0.604038E+01   0.604038E+01
   0.278133E+00   0.624994E+01   0.624994E+01   0.608159E+01   0.608159E+01
   0.278697E+00   0.639822E+01   0.639822E+01   0.612308E+01   0.612308E+01
   0.279259E+00   0.672685E+01   0.672685E+01   0.616480E+01   0.616480E+01
   0.279822E+00   0.655392E+01   0.655392E+01   0.620675E+01   0.620675E+01
   0.280384E+00   0.697107E+01   0.697107E+01   0.624888E+01   0.624888E+01
   0.280948E+00   0.714107E+01   0.714107E+01   0.629125E+01   0.629125E+01
   0.281510E+00   0.713494E+01   0.713494E+01   0.633373E+01   0.633373E+01
   0.282073E+00   0.697641E+01   0.697641E+01   0.637637E+01   0.637637E+01
   0.282637E+00   0.707120E+01   0.707120E+01   0.641910E+01   0.641910E+01
   0.283199E+00   0.705228E+01   0.705228E+01   0.646191E+01   0.646191E+01
   0.283762E+00   0.708675E+01   0.708675E+01   0.650476E+01   0.650476E+01
   0.284326E+00   0.692949E+01   0.692949E+01   0.654764E+01   0.654764E+01
   0.284888E+00   0.637167E+01   0.637167E+01   0.659050E+01   0.659050E+01
   0.285451E+00   0.632474E+01   0.632474E+01   0.663329E+01   0.663329E+01
   0.286013E+00   0.591484E+01   0.591484E+01   0.667602E+01   0.667602E+01
   0.286577E+00   0.579552E+01   0.579552E+01   0.671890E+01   0.671890E+01
   0.287139E+00   0.545079E+01   0.545079E+01   0.676118E+01   0.676118E+01
   0.287703E+00   0.533309E+01   0.533309E+01   0.680358E+01   0.680358E+01
   0.288266E+00   0.567058E+01   0.567058E+01   0.684588E+01   0.684588E+01
   0.288828E+00   0.564844E+01   0.564844E+01   0.688790E+01   0.688790E+01
   0.289392E+00   0.602155E+01   0.602155E+01   0.692969E+01   0.692969E+01
   0.289955E+00   0.600019E+01   0.600019E+01   0.697121E+01   0.697121E+01
   0.290517E+00   0.636364E+01   0.636364E+01   0.701244E+01   0.701244E+01
   0.291080E+00   0.646068E+01   0.646068E+01   0.705332E+01   0.705332E+01
   0.291643E+00   0.666192E+01   0.666192E+01   0.709383E+01   0.709383E+01
   0.292206E+00   0.713491E+01   0.713491E+01   0.713401E+01   0.713401E+01
   0.292768E+00   0.733110E+01   0.733110E+01   0.717378E+01   0.717378E+01
   0.293332E+00   0.769367E+01   0.769367E+01   0.721311E+01   0.721311E+01
   0.293895E+00   0.798024E+01   0.798024E+01   0.725199E+01   0.725199E+01
   0.294457E+00   0.835963E+01   0.835963E+01   0.729037E+01   0.729037E+01
   0.295021E+00   0.871262E+01   0.871262E+01   0.732822E+01   0.732822E+01
   0.295583E+00   0.864094E+01   0.864094E+01   0.736555E+01   0.736555E+01
   0.296146E+00   0.863234E+01   0.863234E+01   0.740227E+01   0.740227E+01
   0.296708E+00   0.898565E+01   0.898565E+01   0.743838E+01   0.743838E+01
   0.297272E+00   0.913554E+01   0.913554E+01   0.747391E+01   0.747391E+01
   0.297835E+00   0.901509E+01   0.901509E+01   0.750879E+01   0.750879E+01

           ####      Real Space Data                               ####

           Distance distribution  function of particle  


      R          P(R)      ERROR

  0.0000E+00  0.0000E+00  0.0000E+00
  0.4181E+00  0.2813E-01  0.2508E-01
  0.8362E+00  0.5758E-01  0.4574E-01
  0.1254E+01  0.8836E-01  0.6207E-01
  0.1672E+01  0.1205E+00  0.7419E-01
  0.2090E+01  0.1540E+00  0.8228E-01
  0.2508E+01  0.1890E+00  0.8656E-01
  0.2927E+01  0.2254E+00  0.8732E-01
  0.3345E+01  0.2633E+00  0.8488E-01
  0.3763E+01  0.3029E+00  0.7963E-01
  0.4181E+01  0.3441E+00  0.7204E-01
  0.4599E+01  0.3870E+00  0.6271E-01
  0.5017E+01  0.4317E+00  0.5249E-01
  0.5435E+01  0.4782E+00  0.4280E-01
  0.5853E+01  0.5266E+00  0.3616E-01
  0.6271E+01  0.5769E+00  0.3589E-01
  0.6689E+01  0.6291E+00  0.4281E-01
  0.7107E+01  0.6834E+00  0.5432E-01
  0.7525E+01  0.7396E+00  0.6785E-01
  0.7944E+01  0.7978E+00  0.8192E-01
  0.8362E+01  0.8580E+00  0.9569E-01
  0.8780E+01  0.9200E+00  0.1086E+00
  0.9198E+01  0.9839E+00  0.1204E+00
  0.9616E+01  0.1050E+01  0.1307E+00
  0.1003E+02  0.1117E+01  0.1394E+00
  0.1045E+02  0.1186E+01  0.1465E+00
  0.1087E+02  0.1256E+01  0.1518E+00
  0.1129E+02  0.1328E+01  0.1555E+00
  0.1171E+02  0.1400E+01  0.1576E+00
  0.1212E+02  0.1474E+01  0.1584E+00
  0.1254E+02  0.1548E+01  0.1581E+00
  0.1296E+02  0.1622E+01  0.1572E+00
  0.1338E+02  0.1696E+01  0.1561E+00
  0.1380E+02  0.1771E+01  0.1552E+00
  0.1421E+02  0.1844E+01  0.1550E+00
  0.1463E+02  0.1917E+01  0.1561E+00
  0.1505E+02  0.1989E+01  0.1588E+00
  0.1547E+02  0.2060E+01  0.1634E+00
  0.1589E+02  0.2129E+01  0.1698E+00
  0.1631E+02  0.2196E+01  0.1779E+00
  0.1672E+02  0.2260E+01  0.1875E+00
  0.1714E+02  0.2322E+01  0.1981E+00
  0.1756E+02  0.2381E+01  0.2094E+00
  0.1798E+02  0.2437E+01  0.2210E+00
  0.1840E+02  0.2490E+01  0.2324E+00
  0.1881E+02  0.2539E+01  0.2433E+00
  0.1923E+02  0.2584E+01  0.2535E+00
  0.1965E+02  0.2625E+01  0.2626E+00
  0.2007E+02  0.2661E+01  0.2706E+00
  0.2049E+02  0.2694E+01  0.2774E+00
  0.2090E+02  0.2722E+01  0.2827E+00
  0.2132E+02  0.2745E+01  0.2868E+00
  0.2174E+02  0.2764E+01  0.2895E+00
  0.2216E+02  0.2778E+01  0.2910E+00
  0.2258E+02  0.2787E+01  0.2914E+00
  0.2299E+02  0.2792E+01  0.2910E+00
  0.2341E+02  0.2793E+01  0.2899E+00
  0.2383E+02  0.2789E+01  0.2884E+00
  0.2425E+02  0.2781E+01  0.2868E+00
  0.2467E+02  0.2768E+01  0.2852E+00
  0.2508E+02  0.2752E+01  0.2840E+00
  0.2550E+02  0.2732E+01  0.2834E+00
  0.2592E+02  0.2708E+01  0.2834E+00
  0.2634E+02  0.2682E+01  0.2843E+00
  0.2676E+02  0.2652E+01  0.2859E+00
  0.2718E+02  0.2620E+01  0.2883E+00
  0.2759E+02  0.2585E+01  0.2913E+00
  0.2801E+02  0.2548E+01  0.2948E+00
  0.2843E+02  0.2509E+01  0.2987E+00
  0.2885E+02  0.2469E+01  0.3027E+00
  0.2927E+02  0.2427E+01  0.3067E+00
  0.2968E+02  0.2384E+01  0.3105E+00
  0.3010E+02  0.2341E+01  0.3140E+00
  0.3052E+02  0.2298E+01  0.3171E+00
  0.3094E+02  0.2254E+01  0.3198E+00
  0.3136E+02  0.2210E+01  0.3222E+00
  0.3177E+02  0.2167E+01  0.3242E+00
  0.3219E+02  0.2124E+01  0.3260E+00
  0.3261E+02  0.2082E+01  0.3277E+00
  0.3303E+02  0.2041E+01  0.3295E+00
  0.3345E+02  0.2001E+01  0.3315E+00
  0.3386E+02  0.1962E+01  0.3341E+00
  0.3428E+02  0.1924E+01  0.3372E+00
  0.3470E+02  0.1887E+01  0.3410E+00
  0.3512E+02  0.1852E+01  0.3457E+00
  0.3554E+02  0.1819E+01  0.3512E+00
  0.3595E+02  0.1786E+01  0.3576E+00
  0.3637E+02  0.1755E+01  0.3646E+00
  0.3679E+02  0.1726E+01  0.3722E+00
  0.3721E+02  0.1697E+01  0.3801E+00
  0.3763E+02  0.1670E+01  0.3883E+00
  0.3805E+02  0.1644E+01  0.3963E+00
  0.3846E+02  0.1619E+01  0.4041E+00
  0.3888E+02  0.1594E+01  0.4114E+00
  0.3930E+02  0.1571E+01  0.4180E+00
  0.3972E+02  0.1548E+01  0.4238E+00
  0.4014E+02  0.1526E+01  0.4286E+00
  0.4055E+02  0.1504E+01  0.4324E+00
  0.4097E+02  0.1483E+01  0.4351E+00
  0.4139E+02  0.1461E+01  0.4368E+00
  0.4181E+02  0.1440E+01  0.4375E+00
  0.4223E+02  0.1418E+01  0.4374E+00
  0.4264E+02  0.1397E+01  0.4365E+00
  0.4306E+02  0.1375E+01  0.4350E+00
  0.4348E+02  0.1353E+01  0.4333E+00
  0.4390E+02  0.1330E+01  0.4314E+00
  0.4432E+02  0.1307E+01  0.4297E+00
  0.4473E+02  0.1284E+01  0.4282E+00
  0.4515E+02  0.1260E+01  0.4274E+00
  0.4557E+02  0.1235E+01  0.4272E+00
  0.4599E+02  0.1210E+01  0.4278E+00
  0.4641E+02  0.1184E+01  0.4293E+00
  0.4682E+02  0.1158E+01  0.4316E+00
  0.4724E+02  0.1132E+01  0.4347E+00
  0.4766E+02  0.1105E+01  0.4385E+00
  0.4808E+02  0.1078E+01  0.4427E+00
  0.4850E+02  0.1050E+01  0.4473E+00
  0.4892E+02  0.1023E+01  0.4519E+00
  0.4933E+02  0.9951E+00  0.4564E+00
  0.4975E+02  0.9674E+00  0.4606E+00
  0.5017E+02  0.9400E+00  0.4643E+00
  0.5059E+02  0.9127E+00  0.4673E+00
  0.5101E+02  0.8857E+00  0.4696E+00
  0.5142E+02  0.8591E+00  0.4710E+00
  0.5184E+02  0.8330E+00  0.4715E+00
  0.5226E+02  0.8075E+00  0.4712E+00
  0.5268E+02  0.7827E+00  0.4699E+00
  0.5310E+02  0.7585E+00  0.4677E+00
  0.5351E+02  0.7351E+00  0.4649E+00
  0.5393E+02  0.7125E+00  0.4613E+00
  0.5435E+02  0.6908E+00  0.4572E+00
  0.5477E+02  0.6699E+00  0.4526E+00
  0.5519E+02  0.6499E+00  0.4477E+00
  0.5560E+02  0.6307E+00  0.4427E+00
  0.5602E+02  0.6124E+00  0.4374E+00
  0.5644E+02  0.5950E+00  0.4322E+00
  0.5686E+02  0.5783E+00  0.4269E+00
  0.5728E+02  0.5623E+00  0.4218E+00
  0.5769E+02  0.5470E+00  0.4166E+00
  0.5811E+02  0.5323E+00  0.4116E+00
  0.5853E+02  0.5182E+00  0.4065E+00
  0.5895E+02  0.5044E+00  0.4015E+00
  0.5937E+02  0.4910E+00  0.3965E+00
  0.5979E+02  0.4778E+00  0.3914E+00
  0.6020E+02  0.4648E+00  0.3863E+00
  0.6062E+02  0.4518E+00  0.3811E+00
  0.6104E+02  0.4388E+00  0.3759E+00
  0.6146E+02  0.4256E+00  0.3707E+00
  0.6188E+02  0.4123E+00  0.3655E+00
  0.6229E+02  0.3986E+00  0.3606E+00
  0.6271E+02  0.3845E+00  0.3558E+00
  0.6313E+02  0.3701E+00  0.3515E+00
  0.6355E+02  0.3551E+00  0.3478E+00
  0.6397E+02  0.3397E+00  0.3447E+00
  0.6438E+02  0.3237E+00  0.3423E+00
  0.6480E+02  0.3073E+00  0.3410E+00
  0.6522E+02  0.2903E+00  0.3405E+00
  0.6564E+02  0.2728E+00  0.3411E+00
  0.6606E+02  0.2549E+00  0.3427E+00
  0.6647E+02  0.2366E+00  0.3451E+00
  0.6689E+02  0.2181E+00  0.3483E+00
  0.6731E+02  0.1993E+00  0.3520E+00
  0.6773E+02  0.1805E+00  0.3558E+00
  0.6815E+02  0.1618E+00  0.3594E+00
  0.6856E+02  0.1432E+00  0.3624E+00
  0.6898E+02  0.1251E+00  0.3642E+00
  0.6940E+02  0.1074E+00  0.3642E+00
  0.6982E+02  0.9047E-01  0.3617E+00
  0.7024E+02  0.7441E-01  0.3559E+00
  0.7066E+02  0.5943E-01  0.3462E+00
  0.7107E+02  0.4570E-01  0.3314E+00
  0.7149E+02  0.3343E-01  0.3108E+00
  0.7191E+02  0.2279E-01  0.2831E+00
  0.7233E+02  0.1396E-01  0.2474E+00
  0.7275E+02  0.7120E-02  0.2025E+00
  0.7316E+02  0.2418E-02  0.1471E+00
  0.7358E+02  0.1886E-05  0.8004E-01
  0.7400E+02  0.0000E+00  0.0000E+00
