
           ####      G N O M              Version 5.0 (r8972)      ####
                                               Tue Sep 15 12:39:31 2020

           ####      Configuration                                 ####

    System Type:                   arbitrary monodisperse (job = 0)
    Minimum characteristic size:         0.0000
    Maximum characteristic size:       100.0000
    rad56:                               0.0000
    Force 0.0 at r = rmin:                  yes
    Force 0.0 at r = rmax:                  yes
    Initial alpha:                       0.0000
    Initial random seed:    3411646745835039545
    Points in real space:                   180

    Input  1:                      p1787m.dat
    First data point used:                    1
    Last data point used:                   508
    Scaling coefficient:             0.1000E+01
    Experimental setup:            point collimation


           ####      Results                                       ####

    Parameter    DISCRP  OSCILL  STABIL  SYSDEV  POSITV  VALCEN  SMOOTH
    Weight        1.000   3.000   3.000   3.000   1.000   1.000   2.000
    Sigma         0.300   0.600   0.120   0.120   0.120   0.120   0.600
    Ideal         0.700   1.100   0.000   1.000   1.000   0.950   0.000
    Current       0.859   1.258   0.009   0.828   1.000   0.939   4.078
               --------------------------------------------------------
    Estimate      0.755   0.933   0.995   0.129   1.000   0.991   0.000

    Angular range:                       0.0131 to       0.3214
    Reciprocal space Rg:             0.3319E+02
    Reciprocal space I(0):           0.4693E+03

    Real space range:                    0.0000 to     100.0000
    Real space Rg:                   0.3317E+02 +-   0.2732E-01
    Real space I(0):                 0.4693E+03 +-   0.4871E+00

    Highest ALPHA (theor):           0.3064E+07
    Current ALPHA:                   0.3127E+01

    Total Estimate:                      0.6370 (a REASONABLE solution)



           ####      Experimental Data and Fit                     ####

      S          J EXP       ERROR       J REG       I REG

   0.000000E+00                                                0.469251E+03
   0.594545E-03                                                0.469189E+03
   0.118909E-02                                                0.469006E+03
   0.178364E-02                                                0.468702E+03
   0.237818E-02                                                0.468277E+03
   0.297273E-02                                                0.467731E+03
   0.356727E-02                                                0.467064E+03
   0.416182E-02                                                0.466277E+03
   0.475636E-02                                                0.465371E+03
   0.535091E-02                                                0.464346E+03
   0.594545E-02                                                0.463203E+03
   0.654000E-02                                                0.461943E+03
   0.713455E-02                                                0.460566E+03
   0.772909E-02                                                0.459075E+03
   0.832364E-02                                                0.457469E+03
   0.891818E-02                                                0.455750E+03
   0.951273E-02                                                0.453920E+03
   0.101073E-01                                                0.451979E+03
   0.107018E-01                                                0.449930E+03
   0.112964E-01                                                0.447773E+03
   0.118909E-01                                                0.445510E+03
   0.124855E-01                                                0.443143E+03
   0.130800E-01   0.447100E+03   0.532257E+01   0.440674E+03   0.440674E+03
   0.136800E-01   0.456500E+03   0.517459E+01   0.438080E+03   0.438080E+03
   0.142900E-01   0.436200E+03   0.501927E+01   0.435339E+03   0.435339E+03
   0.149000E-01   0.440000E+03   0.485959E+01   0.432497E+03   0.432497E+03
   0.155100E-01   0.430400E+03   0.469612E+01   0.429555E+03   0.429555E+03
   0.161200E-01   0.429800E+03   0.452940E+01   0.426515E+03   0.426515E+03
   0.167200E-01   0.422500E+03   0.436281E+01   0.423433E+03   0.423433E+03
   0.173300E-01   0.417300E+03   0.419132E+01   0.420206E+03   0.420206E+03
   0.179400E-01   0.426200E+03   0.401826E+01   0.416890E+03   0.416890E+03
   0.185500E-01   0.416200E+03   0.384419E+01   0.413484E+03   0.413484E+03
   0.191600E-01   0.420100E+03   0.366965E+01   0.409994E+03   0.409994E+03
   0.197600E-01   0.404200E+03   0.349807E+01   0.406479E+03   0.406479E+03
   0.203700E-01   0.410600E+03   0.332429E+01   0.402826E+03   0.402826E+03
   0.209800E-01   0.397500E+03   0.315170E+01   0.399095E+03   0.399095E+03
   0.215900E-01   0.398600E+03   0.298089E+01   0.395289E+03   0.395289E+03
   0.222000E-01   0.393400E+03   0.281239E+01   0.391411E+03   0.391411E+03
   0.228100E-01   0.390900E+03   0.264678E+01   0.387463E+03   0.387463E+03
   0.234100E-01   0.389000E+03   0.248724E+01   0.383514E+03   0.383514E+03
   0.240200E-01   0.384800E+03   0.232899E+01   0.379435E+03   0.379435E+03
   0.246300E-01   0.376900E+03   0.217530E+01   0.375296E+03   0.375296E+03
   0.252400E-01   0.375800E+03   0.202671E+01   0.371098E+03   0.371098E+03
   0.258500E-01   0.370000E+03   0.188378E+01   0.366844E+03   0.366844E+03
   0.264500E-01   0.366700E+03   0.174926E+01   0.362609E+03   0.362609E+03
   0.270600E-01   0.360900E+03   0.144954E+01   0.358253E+03   0.358253E+03
   0.276700E-01   0.358700E+03   0.159469E+01   0.353851E+03   0.353851E+03
   0.282800E-01   0.349700E+03   0.149315E+01   0.349405E+03   0.349405E+03
   0.288900E-01   0.346800E+03   0.132485E+01   0.344918E+03   0.344918E+03
   0.294900E-01   0.344500E+03   0.123571E+01   0.340467E+03   0.340467E+03
   0.301000E-01   0.335400E+03   0.106336E+01   0.335907E+03   0.335907E+03
   0.307100E-01   0.335000E+03   0.102358E+01   0.331315E+03   0.331315E+03
   0.313200E-01   0.327800E+03   0.107264E+01   0.326693E+03   0.326693E+03
   0.319300E-01   0.323500E+03   0.104907E+01   0.322045E+03   0.322045E+03
   0.325400E-01   0.317900E+03   0.927872E+00   0.317374E+03   0.317374E+03
   0.331400E-01   0.313000E+03   0.957705E+00   0.312759E+03   0.312759E+03
   0.337500E-01   0.306200E+03   0.101111E+01   0.308049E+03   0.308049E+03
   0.343600E-01   0.302500E+03   0.103945E+01   0.303325E+03   0.303325E+03
   0.349700E-01   0.295700E+03   0.109578E+01   0.298588E+03   0.298588E+03
   0.355800E-01   0.293700E+03   0.100884E+01   0.293842E+03   0.293842E+03
   0.361800E-01   0.288200E+03   0.914231E+00   0.289167E+03   0.289167E+03
   0.367900E-01   0.283200E+03   0.805841E+00   0.284410E+03   0.284410E+03
   0.374000E-01   0.280200E+03   0.798047E+00   0.279652E+03   0.279652E+03
   0.380100E-01   0.274000E+03   0.816217E+00   0.274895E+03   0.274895E+03
   0.386200E-01   0.270800E+03   0.791429E+00   0.270142E+03   0.270142E+03
   0.392200E-01   0.266600E+03   0.749777E+00   0.265474E+03   0.265474E+03
   0.398300E-01   0.260300E+03   0.690228E+00   0.260737E+03   0.260737E+03
   0.404400E-01   0.254300E+03   0.679003E+00   0.256011E+03   0.256011E+03
   0.410500E-01   0.250100E+03   0.607725E+00   0.251300E+03   0.251300E+03
   0.416600E-01   0.244400E+03   0.641905E+00   0.246604E+03   0.246604E+03
   0.422700E-01   0.241500E+03   0.666383E+00   0.241928E+03   0.241928E+03
   0.428700E-01   0.236000E+03   0.601642E+00   0.237348E+03   0.237348E+03
   0.434800E-01   0.232000E+03   0.643523E+00   0.232716E+03   0.232716E+03
   0.440900E-01   0.227500E+03   0.684000E+00   0.228108E+03   0.228108E+03
   0.447000E-01   0.222800E+03   0.724246E+00   0.223528E+03   0.223528E+03
   0.453100E-01   0.217700E+03   0.689146E+00   0.218978E+03   0.218978E+03
   0.459100E-01   0.213800E+03   0.666508E+00   0.214533E+03   0.214533E+03
   0.465200E-01   0.209900E+03   0.629242E+00   0.210047E+03   0.210047E+03
   0.471300E-01   0.205600E+03   0.590051E+00   0.205596E+03   0.205596E+03
   0.477400E-01   0.200400E+03   0.630470E+00   0.201183E+03   0.201183E+03
   0.483500E-01   0.195400E+03   0.608823E+00   0.196809E+03   0.196809E+03
   0.489500E-01   0.192500E+03   0.679192E+00   0.192545E+03   0.192545E+03
   0.495600E-01   0.186100E+03   0.671939E+00   0.188253E+03   0.188253E+03
   0.501700E-01   0.185100E+03   0.663179E+00   0.184005E+03   0.184005E+03
   0.507800E-01   0.178600E+03   0.673040E+00   0.179801E+03   0.179801E+03
   0.513900E-01   0.175600E+03   0.692261E+00   0.175645E+03   0.175645E+03
   0.520000E-01   0.171300E+03   0.679989E+00   0.171536E+03   0.171536E+03
   0.526000E-01   0.169100E+03   0.715723E+00   0.167543E+03   0.167543E+03
   0.532100E-01   0.162200E+03   0.771759E+00   0.163534E+03   0.163534E+03
   0.538200E-01   0.160200E+03   0.769017E+00   0.159576E+03   0.159576E+03
   0.544300E-01   0.154200E+03   0.786065E+00   0.155671E+03   0.155671E+03
   0.550400E-01   0.152400E+03   0.784556E+00   0.151820E+03   0.151820E+03
   0.556400E-01   0.147900E+03   0.805241E+00   0.148086E+03   0.148086E+03
   0.562500E-01   0.145400E+03   0.799277E+00   0.144345E+03   0.144345E+03
   0.568600E-01   0.140400E+03   0.801490E+00   0.140660E+03   0.140660E+03
   0.574700E-01   0.136900E+03   0.783249E+00   0.137032E+03   0.137032E+03
   0.580800E-01   0.132800E+03   0.755962E+00   0.133463E+03   0.133463E+03
   0.586800E-01   0.129300E+03   0.724383E+00   0.130009E+03   0.130009E+03
   0.592900E-01   0.127300E+03   0.710803E+00   0.126557E+03   0.126557E+03
   0.599000E-01   0.122400E+03   0.673432E+00   0.123164E+03   0.123164E+03
   0.605100E-01   0.120700E+03   0.638238E+00   0.119832E+03   0.119832E+03
   0.611200E-01   0.117000E+03   0.604306E+00   0.116560E+03   0.116560E+03
   0.617300E-01   0.114600E+03   0.552168E+00   0.113349E+03   0.113349E+03
   0.623300E-01   0.109600E+03   0.530339E+00   0.110251E+03   0.110251E+03
   0.629400E-01   0.107500E+03   0.485069E+00   0.107162E+03   0.107162E+03
   0.635500E-01   0.103300E+03   0.480062E+00   0.104134E+03   0.104134E+03
   0.641600E-01   0.100800E+03   0.476792E+00   0.101168E+03   0.101168E+03
   0.647700E-01   0.986900E+02   0.458621E+00   0.982643E+02   0.982643E+02
   0.653700E-01   0.958400E+02   0.425114E+00   0.954682E+02   0.954682E+02
   0.659800E-01   0.924900E+02   0.372265E+00   0.926867E+02   0.926867E+02
   0.665900E-01   0.901200E+02   0.384131E+00   0.899668E+02   0.899668E+02
   0.672000E-01   0.877800E+02   0.380284E+00   0.873084E+02   0.873084E+02
   0.678100E-01   0.848300E+02   0.361162E+00   0.847114E+02   0.847114E+02
   0.684100E-01   0.822400E+02   0.364089E+00   0.822164E+02   0.822164E+02
   0.690200E-01   0.792600E+02   0.343117E+00   0.797401E+02   0.797401E+02
   0.696300E-01   0.768000E+02   0.313909E+00   0.773243E+02   0.773243E+02
   0.702400E-01   0.748300E+02   0.307655E+00   0.749685E+02   0.749685E+02
   0.708500E-01   0.728600E+02   0.285673E+00   0.726724E+02   0.726724E+02
   0.714600E-01   0.708400E+02   0.245518E+00   0.704355E+02   0.704355E+02
   0.720600E-01   0.680100E+02   0.234202E+00   0.682924E+02   0.682924E+02
   0.726700E-01   0.661500E+02   0.217856E+00   0.661714E+02   0.661714E+02
   0.732800E-01   0.640800E+02   0.206879E+00   0.641080E+02   0.641080E+02
   0.738900E-01   0.618200E+02   0.199624E+00   0.621016E+02   0.621016E+02
   0.745000E-01   0.598700E+02   0.201883E+00   0.601516E+02   0.601516E+02
   0.751000E-01   0.579900E+02   0.192162E+00   0.582880E+02   0.582880E+02
   0.757100E-01   0.565700E+02   0.211882E+00   0.564479E+02   0.564479E+02
   0.763200E-01   0.550000E+02   0.209097E+00   0.546622E+02   0.546622E+02
   0.769300E-01   0.533900E+02   0.203798E+00   0.529300E+02   0.529300E+02
   0.775400E-01   0.516900E+02   0.215426E+00   0.512508E+02   0.512508E+02
   0.781400E-01   0.496000E+02   0.214919E+00   0.496499E+02   0.496499E+02
   0.787500E-01   0.481500E+02   0.211056E+00   0.480731E+02   0.480731E+02
   0.793600E-01   0.469400E+02   0.213162E+00   0.465468E+02   0.465468E+02
   0.799700E-01   0.451000E+02   0.206372E+00   0.450702E+02   0.450702E+02
   0.805800E-01   0.437600E+02   0.199715E+00   0.436423E+02   0.436423E+02
   0.811900E-01   0.426400E+02   0.202431E+00   0.422623E+02   0.422623E+02
   0.817900E-01   0.408900E+02   0.192984E+00   0.409508E+02   0.409508E+02
   0.824000E-01   0.402200E+02   0.182260E+00   0.396631E+02   0.396631E+02
   0.830100E-01   0.385400E+02   0.183065E+00   0.384207E+02   0.384207E+02
   0.836200E-01   0.377500E+02   0.185296E+00   0.372225E+02   0.372225E+02
   0.842300E-01   0.362200E+02   0.175889E+00   0.360677E+02   0.360677E+02
   0.848300E-01   0.355200E+02   0.171040E+00   0.349733E+02   0.349733E+02
   0.854400E-01   0.341200E+02   0.172948E+00   0.339017E+02   0.339017E+02
   0.860500E-01   0.327100E+02   0.165702E+00   0.328707E+02   0.328707E+02
   0.866600E-01   0.318400E+02   0.149101E+00   0.318793E+02   0.318793E+02
   0.872700E-01   0.308200E+02   0.137487E+00   0.309265E+02   0.309265E+02
   0.878700E-01   0.302200E+02   0.134649E+00   0.300262E+02   0.300262E+02
   0.884800E-01   0.292300E+02   0.129723E+00   0.291473E+02   0.291473E+02
   0.890900E-01   0.283700E+02   0.127331E+00   0.283041E+02   0.283041E+02
   0.897000E-01   0.273200E+02   0.115807E+00   0.274957E+02   0.274957E+02
   0.903100E-01   0.267400E+02   0.106683E+00   0.267215E+02   0.267215E+02
   0.909100E-01   0.261300E+02   0.108574E+00   0.259919E+02   0.259919E+02
   0.915200E-01   0.253300E+02   0.109903E+00   0.252820E+02   0.252820E+02
   0.921300E-01   0.248700E+02   0.107378E+00   0.246032E+02   0.246032E+02
   0.927400E-01   0.240200E+02   0.102488E+00   0.239545E+02   0.239545E+02
   0.933500E-01   0.233200E+02   0.992991E-01   0.233350E+02   0.233350E+02
   0.939600E-01   0.226900E+02   0.954208E-01   0.227439E+02   0.227439E+02
   0.945600E-01   0.222900E+02   0.859472E-01   0.221892E+02   0.221892E+02
   0.951700E-01   0.217900E+02   0.867311E-01   0.216516E+02   0.216516E+02
   0.957800E-01   0.210300E+02   0.833615E-01   0.211396E+02   0.211396E+02
   0.963900E-01   0.205800E+02   0.855345E-01   0.206524E+02   0.206524E+02
   0.970000E-01   0.200700E+02   0.834889E-01   0.201890E+02   0.201890E+02
   0.976000E-01   0.196600E+02   0.900904E-01   0.197558E+02   0.197558E+02
   0.982100E-01   0.192500E+02   0.879727E-01   0.193373E+02   0.193373E+02
   0.988200E-01   0.188400E+02   0.957982E-01   0.189403E+02   0.189403E+02
   0.994300E-01   0.183200E+02   0.914606E-01   0.185638E+02   0.185638E+02
   0.100000E+00   0.179400E+02   0.980129E-01   0.182298E+02   0.182298E+02
   0.100600E+00   0.178700E+02   0.103572E+00   0.178962E+02   0.178962E+02
   0.101300E+00   0.174000E+02   0.107891E+00   0.175292E+02   0.175292E+02
   0.101900E+00   0.173000E+02   0.110783E+00   0.172330E+02   0.172330E+02
   0.102500E+00   0.167200E+02   0.110492E+00   0.169528E+02   0.169528E+02
   0.103100E+00   0.167300E+02   0.109400E+00   0.166880E+02   0.166880E+02
   0.103700E+00   0.160900E+02   0.115290E+00   0.164379E+02   0.164379E+02
   0.104300E+00   0.162200E+02   0.116702E+00   0.162019E+02   0.162019E+02
   0.104900E+00   0.157900E+02   0.116506E+00   0.159793E+02   0.159793E+02
   0.105500E+00   0.156000E+02   0.112458E+00   0.157694E+02   0.157694E+02
   0.106100E+00   0.155400E+02   0.118670E+00   0.155716E+02   0.155716E+02
   0.106700E+00   0.151400E+02   0.116879E+00   0.153854E+02   0.153854E+02
   0.107300E+00   0.150800E+02   0.114681E+00   0.152102E+02   0.152102E+02
   0.107900E+00   0.148500E+02   0.111278E+00   0.150451E+02   0.150451E+02
   0.108600E+00   0.148600E+02   0.109946E+00   0.148649E+02   0.148649E+02
   0.109200E+00   0.148500E+02   0.110489E+00   0.147204E+02   0.147204E+02
   0.109800E+00   0.147900E+02   0.109290E+00   0.145845E+02   0.145845E+02
   0.110400E+00   0.144100E+02   0.104368E+00   0.144567E+02   0.144567E+02
   0.111000E+00   0.142300E+02   0.991344E-01   0.143365E+02   0.143365E+02
   0.111600E+00   0.142200E+02   0.927230E-01   0.142234E+02   0.142234E+02
   0.112200E+00   0.142000E+02   0.847012E-01   0.141169E+02   0.141169E+02
   0.112800E+00   0.138600E+02   0.761508E-01   0.140165E+02   0.140165E+02
   0.113400E+00   0.140200E+02   0.715782E-01   0.139219E+02   0.139219E+02
   0.114000E+00   0.138200E+02   0.738796E-01   0.138326E+02   0.138326E+02
   0.114600E+00   0.139100E+02   0.687486E-01   0.137482E+02   0.137482E+02
   0.115200E+00   0.136600E+02   0.616213E-01   0.136682E+02   0.136682E+02
   0.115800E+00   0.136600E+02   0.618940E-01   0.135924E+02   0.135924E+02
   0.116500E+00   0.135800E+02   0.608826E-01   0.135086E+02   0.135086E+02
   0.117100E+00   0.133800E+02   0.562583E-01   0.134404E+02   0.134404E+02
   0.117700E+00   0.133800E+02   0.596830E-01   0.133751E+02   0.133751E+02
   0.118300E+00   0.132700E+02   0.548518E-01   0.133125E+02   0.133125E+02
   0.118900E+00   0.133500E+02   0.526703E-01   0.132523E+02   0.132523E+02
   0.119500E+00   0.132100E+02   0.530425E-01   0.131940E+02   0.131940E+02
   0.120100E+00   0.132000E+02   0.517093E-01   0.131376E+02   0.131376E+02
   0.120700E+00   0.130700E+02   0.549705E-01   0.130826E+02   0.130826E+02
   0.121300E+00   0.129700E+02   0.556004E-01   0.130288E+02   0.130288E+02
   0.121900E+00   0.130100E+02   0.599954E-01   0.129760E+02   0.129760E+02
   0.122500E+00   0.128800E+02   0.565810E-01   0.129239E+02   0.129239E+02
   0.123100E+00   0.128600E+02   0.577170E-01   0.128723E+02   0.128723E+02
   0.123800E+00   0.127500E+02   0.675400E-01   0.128125E+02   0.128125E+02
   0.124400E+00   0.128300E+02   0.649250E-01   0.127613E+02   0.127613E+02
   0.125000E+00   0.126100E+02   0.702810E-01   0.127099E+02   0.127099E+02
   0.125600E+00   0.127500E+02   0.722558E-01   0.126582E+02   0.126582E+02
   0.126200E+00   0.124700E+02   0.766628E-01   0.126062E+02   0.126062E+02
   0.126800E+00   0.127000E+02   0.794610E-01   0.125535E+02   0.125535E+02
   0.127400E+00   0.125100E+02   0.804421E-01   0.125000E+02   0.125000E+02
   0.128000E+00   0.125200E+02   0.823967E-01   0.124455E+02   0.124455E+02
   0.128600E+00   0.125200E+02   0.890233E-01   0.123901E+02   0.123901E+02
   0.129200E+00   0.123300E+02   0.915891E-01   0.123335E+02   0.123335E+02
   0.129800E+00   0.122400E+02   0.940664E-01   0.122757E+02   0.122757E+02
   0.130400E+00   0.120800E+02   0.955109E-01   0.122165E+02   0.122165E+02
   0.131000E+00   0.120900E+02   0.955290E-01   0.121559E+02   0.121559E+02
   0.131700E+00   0.119100E+02   0.928670E-01   0.120833E+02   0.120833E+02
   0.132300E+00   0.118800E+02   0.948584E-01   0.120193E+02   0.120193E+02
   0.132900E+00   0.120700E+02   0.967606E-01   0.119537E+02   0.119537E+02
   0.133500E+00   0.118500E+02   0.967084E-01   0.118863E+02   0.118863E+02
   0.134100E+00   0.119400E+02   0.979130E-01   0.118172E+02   0.118172E+02
   0.134700E+00   0.118500E+02   0.946258E-01   0.117464E+02   0.117464E+02
   0.135300E+00   0.117400E+02   0.917424E-01   0.116737E+02   0.116737E+02
   0.135900E+00   0.117900E+02   0.903376E-01   0.115992E+02   0.115992E+02
   0.136500E+00   0.117300E+02   0.898416E-01   0.115228E+02   0.115228E+02
   0.137100E+00   0.114700E+02   0.832361E-01   0.114446E+02   0.114446E+02
   0.137700E+00   0.116000E+02   0.784247E-01   0.113645E+02   0.113645E+02
   0.138300E+00   0.113500E+02   0.778501E-01   0.112825E+02   0.112825E+02
   0.139000E+00   0.112500E+02   0.773576E-01   0.111845E+02   0.111845E+02
   0.139600E+00   0.111500E+02   0.751870E-01   0.110985E+02   0.110985E+02
   0.140200E+00   0.109300E+02   0.759162E-01   0.110107E+02   0.110107E+02
   0.140800E+00   0.108200E+02   0.734343E-01   0.109212E+02   0.109212E+02
   0.141400E+00   0.108300E+02   0.709737E-01   0.108298E+02   0.108298E+02
   0.142000E+00   0.108100E+02   0.706888E-01   0.107367E+02   0.107367E+02
   0.142600E+00   0.106700E+02   0.700996E-01   0.106420E+02   0.106420E+02
   0.143200E+00   0.106100E+02   0.650467E-01   0.105455E+02   0.105455E+02
   0.143800E+00   0.105300E+02   0.604070E-01   0.104476E+02   0.104476E+02
   0.144400E+00   0.102600E+02   0.603844E-01   0.103480E+02   0.103480E+02
   0.145000E+00   0.104100E+02   0.555356E-01   0.102470E+02   0.102470E+02
   0.145600E+00   0.102000E+02   0.570593E-01   0.101445E+02   0.101445E+02
   0.146300E+00   0.100900E+02   0.611560E-01   0.100233E+02   0.100233E+02
   0.146900E+00   0.990400E+01   0.602706E-01   0.991795E+01   0.991795E+01
   0.147500E+00   0.980300E+01   0.612623E-01   0.981138E+01   0.981138E+01
   0.148100E+00   0.960300E+01   0.638326E-01   0.970366E+01   0.970366E+01
   0.148700E+00   0.945600E+01   0.628618E-01   0.959486E+01   0.959486E+01
   0.149300E+00   0.940900E+01   0.597624E-01   0.948505E+01   0.948505E+01
   0.149900E+00   0.934300E+01   0.610070E-01   0.937431E+01   0.937431E+01
   0.150500E+00   0.935700E+01   0.650760E-01   0.926271E+01   0.926271E+01
   0.151100E+00   0.923000E+01   0.650526E-01   0.915033E+01   0.915033E+01
   0.151700E+00   0.901400E+01   0.694779E-01   0.903726E+01   0.903726E+01
   0.152300E+00   0.886900E+01   0.673407E-01   0.892356E+01   0.892356E+01
   0.152900E+00   0.883000E+01   0.668839E-01   0.880937E+01   0.880937E+01
   0.153500E+00   0.864300E+01   0.667512E-01   0.869470E+01   0.869470E+01
   0.154200E+00   0.864800E+01   0.692194E-01   0.856047E+01   0.856047E+01
   0.154800E+00   0.833300E+01   0.731359E-01   0.844512E+01   0.844512E+01
   0.155400E+00   0.824000E+01   0.761684E-01   0.832959E+01   0.832959E+01
   0.156000E+00   0.806500E+01   0.749750E-01   0.821395E+01   0.821395E+01
   0.156600E+00   0.794200E+01   0.751288E-01   0.809830E+01   0.809830E+01
   0.157200E+00   0.781500E+01   0.749372E-01   0.798271E+01   0.798271E+01
   0.157800E+00   0.773000E+01   0.734321E-01   0.786727E+01   0.786727E+01
   0.158400E+00   0.784600E+01   0.761309E-01   0.775206E+01   0.775206E+01
   0.159000E+00   0.746000E+01   0.793215E-01   0.763716E+01   0.763716E+01
   0.159600E+00   0.743900E+01   0.781251E-01   0.752265E+01   0.752265E+01
   0.160200E+00   0.724100E+01   0.790276E-01   0.740861E+01   0.740861E+01
   0.160800E+00   0.720500E+01   0.761346E-01   0.729504E+01   0.729504E+01
   0.161500E+00   0.711300E+01   0.728089E-01   0.716348E+01   0.716348E+01
   0.162100E+00   0.709000E+01   0.724487E-01   0.705144E+01   0.705144E+01
   0.162700E+00   0.679800E+01   0.740688E-01   0.694016E+01   0.694016E+01
   0.163300E+00   0.668700E+01   0.744788E-01   0.682973E+01   0.682973E+01
   0.163900E+00   0.662700E+01   0.705195E-01   0.672022E+01   0.672022E+01
   0.164500E+00   0.662500E+01   0.730173E-01   0.661170E+01   0.661170E+01
   0.165100E+00   0.657700E+01   0.755987E-01   0.650423E+01   0.650423E+01
   0.165700E+00   0.651700E+01   0.738260E-01   0.639786E+01   0.639786E+01
   0.166300E+00   0.635800E+01   0.715211E-01   0.629266E+01   0.629266E+01
   0.166900E+00   0.621600E+01   0.682962E-01   0.618869E+01   0.618869E+01
   0.167500E+00   0.616600E+01   0.637415E-01   0.608601E+01   0.608601E+01
   0.168100E+00   0.605200E+01   0.667878E-01   0.598466E+01   0.598466E+01
   0.168800E+00   0.586600E+01   0.629300E-01   0.586817E+01   0.586817E+01
   0.169400E+00   0.586700E+01   0.588900E-01   0.576987E+01   0.576987E+01
   0.170000E+00   0.564400E+01   0.568210E-01   0.567305E+01   0.567305E+01
   0.170600E+00   0.561400E+01   0.554424E-01   0.557776E+01   0.557776E+01
   0.171200E+00   0.540200E+01   0.553298E-01   0.548403E+01   0.548403E+01
   0.171800E+00   0.536400E+01   0.553127E-01   0.539189E+01   0.539189E+01
   0.172400E+00   0.534800E+01   0.579094E-01   0.530138E+01   0.530138E+01
   0.173000E+00   0.514200E+01   0.593445E-01   0.521252E+01   0.521252E+01
   0.173600E+00   0.511000E+01   0.572219E-01   0.512535E+01   0.512535E+01
   0.174200E+00   0.495200E+01   0.596294E-01   0.503988E+01   0.503988E+01
   0.174800E+00   0.504000E+01   0.589091E-01   0.495614E+01   0.495614E+01
   0.175400E+00   0.480300E+01   0.558675E-01   0.487414E+01   0.487414E+01
   0.176000E+00   0.474600E+01   0.559690E-01   0.479390E+01   0.479390E+01
   0.176700E+00   0.472200E+01   0.566993E-01   0.470252E+01   0.470252E+01
   0.177300E+00   0.471400E+01   0.562100E-01   0.462613E+01   0.462613E+01
   0.177900E+00   0.457700E+01   0.534966E-01   0.455152E+01   0.455152E+01
   0.178500E+00   0.447200E+01   0.527967E-01   0.447869E+01   0.447869E+01
   0.179100E+00   0.437400E+01   0.531913E-01   0.440766E+01   0.440766E+01
   0.179700E+00   0.433600E+01   0.565635E-01   0.433842E+01   0.433842E+01
   0.180300E+00   0.416400E+01   0.530228E-01   0.427096E+01   0.427096E+01
   0.180900E+00   0.412500E+01   0.513854E-01   0.420527E+01   0.420527E+01
   0.181500E+00   0.418100E+01   0.535965E-01   0.414133E+01   0.414133E+01
   0.182100E+00   0.419800E+01   0.558242E-01   0.407915E+01   0.407915E+01
   0.182700E+00   0.413000E+01   0.521856E-01   0.401870E+01   0.401870E+01
   0.183300E+00   0.390200E+01   0.547673E-01   0.395997E+01   0.395997E+01
   0.184000E+00   0.400000E+01   0.517804E-01   0.389359E+01   0.389359E+01
   0.184600E+00   0.392600E+01   0.532128E-01   0.383850E+01   0.383850E+01
   0.185200E+00   0.378700E+01   0.544644E-01   0.378506E+01   0.378506E+01
   0.185800E+00   0.380900E+01   0.539936E-01   0.373323E+01   0.373323E+01
   0.186400E+00   0.366500E+01   0.530249E-01   0.368300E+01   0.368300E+01
   0.187000E+00   0.372600E+01   0.546363E-01   0.363432E+01   0.363432E+01
   0.187600E+00   0.360200E+01   0.559362E-01   0.358718E+01   0.358718E+01
   0.188200E+00   0.354300E+01   0.594949E-01   0.354152E+01   0.354152E+01
   0.188800E+00   0.356900E+01   0.632104E-01   0.349733E+01   0.349733E+01
   0.189400E+00   0.349800E+01   0.658320E-01   0.345456E+01   0.345456E+01
   0.190000E+00   0.346700E+01   0.666155E-01   0.341318E+01   0.341318E+01
   0.190600E+00   0.331700E+01   0.671004E-01   0.337314E+01   0.337314E+01
   0.191200E+00   0.324100E+01   0.697276E-01   0.333441E+01   0.333441E+01
   0.191900E+00   0.334400E+01   0.697076E-01   0.329083E+01   0.329083E+01
   0.192500E+00   0.332700E+01   0.666915E-01   0.325480E+01   0.325480E+01
   0.193100E+00   0.325400E+01   0.637530E-01   0.321993E+01   0.321993E+01
   0.193700E+00   0.339200E+01   0.630841E-01   0.318620E+01   0.318620E+01
   0.194300E+00   0.307500E+01   0.651318E-01   0.315356E+01   0.315356E+01
   0.194900E+00   0.310400E+01   0.670392E-01   0.312197E+01   0.312197E+01
   0.195500E+00   0.308900E+01   0.628428E-01   0.309138E+01   0.309138E+01
   0.196100E+00   0.295600E+01   0.656601E-01   0.306174E+01   0.306174E+01
   0.196700E+00   0.301200E+01   0.624442E-01   0.303304E+01   0.303304E+01
   0.197300E+00   0.287600E+01   0.632010E-01   0.300509E+01   0.300509E+01
   0.197900E+00   0.303600E+01   0.661449E-01   0.297814E+01   0.297814E+01
   0.198500E+00   0.289000E+01   0.686515E-01   0.295189E+01   0.295189E+01
   0.199200E+00   0.303700E+01   0.678842E-01   0.292220E+01   0.292220E+01
   0.199800E+00   0.304100E+01   0.677146E-01   0.289749E+01   0.289749E+01
   0.200400E+00   0.297500E+01   0.685819E-01   0.287343E+01   0.287343E+01
   0.201000E+00   0.289700E+01   0.691755E-01   0.284997E+01   0.284997E+01
   0.201600E+00   0.286500E+01   0.647184E-01   0.282708E+01   0.282708E+01
   0.202200E+00   0.281900E+01   0.635582E-01   0.280470E+01   0.280470E+01
   0.202800E+00   0.281400E+01   0.612273E-01   0.278281E+01   0.278281E+01
   0.203400E+00   0.281800E+01   0.593393E-01   0.276136E+01   0.276136E+01
   0.204000E+00   0.271700E+01   0.547278E-01   0.274032E+01   0.274032E+01
   0.204600E+00   0.272700E+01   0.552445E-01   0.271963E+01   0.271963E+01
   0.205200E+00   0.266500E+01   0.580404E-01   0.269929E+01   0.269929E+01
   0.205800E+00   0.276200E+01   0.577652E-01   0.267925E+01   0.267925E+01
   0.206500E+00   0.276200E+01   0.564467E-01   0.265620E+01   0.265620E+01
   0.207100E+00   0.260200E+01   0.532857E-01   0.263669E+01   0.263669E+01
   0.207700E+00   0.256100E+01   0.561259E-01   0.261739E+01   0.261739E+01
   0.208300E+00   0.255300E+01   0.584361E-01   0.259825E+01   0.259825E+01
   0.208900E+00   0.242300E+01   0.558012E-01   0.257926E+01   0.257926E+01
   0.209500E+00   0.253300E+01   0.528928E-01   0.256039E+01   0.256039E+01
   0.210100E+00   0.232200E+01   0.549934E-01   0.254161E+01   0.254161E+01
   0.210700E+00   0.258200E+01   0.543275E-01   0.252290E+01   0.252290E+01
   0.211300E+00   0.244900E+01   0.558230E-01   0.250423E+01   0.250423E+01
   0.211900E+00   0.245100E+01   0.565760E-01   0.248560E+01   0.248560E+01
   0.212500E+00   0.237100E+01   0.530710E-01   0.246698E+01   0.246698E+01
   0.213100E+00   0.234800E+01   0.576120E-01   0.244835E+01   0.244835E+01
   0.213700E+00   0.236500E+01   0.619367E-01   0.242970E+01   0.242970E+01
   0.214400E+00   0.232400E+01   0.654433E-01   0.240781E+01   0.240781E+01
   0.215000E+00   0.247300E+01   0.651593E-01   0.238912E+01   0.238912E+01
   0.215600E+00   0.227200E+01   0.656362E-01   0.237033E+01   0.237033E+01
   0.216200E+00   0.240200E+01   0.651175E-01   0.235145E+01   0.235145E+01
   0.216800E+00   0.234100E+01   0.661233E-01   0.233249E+01   0.233249E+01
   0.217400E+00   0.241800E+01   0.672019E-01   0.231345E+01   0.231345E+01
   0.218000E+00   0.229700E+01   0.675026E-01   0.229431E+01   0.229431E+01
   0.218600E+00   0.221500E+01   0.655711E-01   0.227508E+01   0.227508E+01
   0.219200E+00   0.220100E+01   0.653068E-01   0.225576E+01   0.225576E+01
   0.219800E+00   0.214100E+01   0.672346E-01   0.223632E+01   0.223632E+01
   0.220400E+00   0.224300E+01   0.697718E-01   0.221679E+01   0.221679E+01
   0.221000E+00   0.210200E+01   0.686480E-01   0.219717E+01   0.219717E+01
   0.221700E+00   0.212900E+01   0.668323E-01   0.217415E+01   0.217415E+01
   0.222300E+00   0.202300E+01   0.645341E-01   0.215432E+01   0.215432E+01
   0.222900E+00   0.200900E+01   0.636528E-01   0.213440E+01   0.213440E+01
   0.223500E+00   0.203100E+01   0.618210E-01   0.211440E+01   0.211440E+01
   0.224100E+00   0.201000E+01   0.650208E-01   0.209432E+01   0.209432E+01
   0.224700E+00   0.216800E+01   0.653409E-01   0.207417E+01   0.207417E+01
   0.225300E+00   0.200900E+01   0.643306E-01   0.205396E+01   0.205396E+01
   0.225900E+00   0.223900E+01   0.625891E-01   0.203369E+01   0.203369E+01
   0.226500E+00   0.199800E+01   0.605849E-01   0.201338E+01   0.201338E+01
   0.227100E+00   0.202200E+01   0.594614E-01   0.199303E+01   0.199303E+01
   0.227700E+00   0.193100E+01   0.561921E-01   0.197265E+01   0.197265E+01
   0.228300E+00   0.185200E+01   0.545044E-01   0.195227E+01   0.195227E+01
   0.228900E+00   0.186500E+01   0.556346E-01   0.193187E+01   0.193187E+01
   0.229600E+00   0.184300E+01   0.525709E-01   0.190808E+01   0.190808E+01
   0.230200E+00   0.192800E+01   0.527026E-01   0.188772E+01   0.188772E+01
   0.230800E+00   0.192900E+01   0.516619E-01   0.186738E+01   0.186738E+01
   0.231400E+00   0.188800E+01   0.512341E-01   0.184709E+01   0.184709E+01
   0.232000E+00   0.177900E+01   0.492176E-01   0.182686E+01   0.182686E+01
   0.232600E+00   0.184900E+01   0.484074E-01   0.180667E+01   0.180667E+01
   0.233200E+00   0.180600E+01   0.467017E-01   0.178658E+01   0.178658E+01
   0.233800E+00   0.178000E+01   0.450782E-01   0.176661E+01   0.176661E+01
   0.234400E+00   0.179600E+01   0.432906E-01   0.174672E+01   0.174672E+01
   0.235000E+00   0.180800E+01   0.390231E-01   0.172694E+01   0.172694E+01
   0.235600E+00   0.169600E+01   0.371560E-01   0.170729E+01   0.170729E+01
   0.236200E+00   0.182500E+01   0.357872E-01   0.168778E+01   0.168778E+01
   0.236900E+00   0.167800E+01   0.359343E-01   0.166520E+01   0.166520E+01
   0.237500E+00   0.171800E+01   0.355880E-01   0.164603E+01   0.164603E+01
   0.238100E+00   0.170500E+01   0.359848E-01   0.162702E+01   0.162702E+01
   0.238700E+00   0.164800E+01   0.360960E-01   0.160819E+01   0.160819E+01
   0.239300E+00   0.161400E+01   0.316651E-01   0.158956E+01   0.158956E+01
   0.239900E+00   0.152100E+01   0.378069E-01   0.157112E+01   0.157112E+01
   0.240500E+00   0.152600E+01   0.382861E-01   0.155289E+01   0.155289E+01
   0.241100E+00   0.158800E+01   0.383013E-01   0.153487E+01   0.153487E+01
   0.241700E+00   0.151000E+01   0.390249E-01   0.151707E+01   0.151707E+01
   0.242300E+00   0.152000E+01   0.412463E-01   0.149950E+01   0.149950E+01
   0.242900E+00   0.141900E+01   0.427708E-01   0.148216E+01   0.148216E+01
   0.243500E+00   0.148600E+01   0.442588E-01   0.146507E+01   0.146507E+01
   0.244100E+00   0.142300E+01   0.429994E-01   0.144821E+01   0.144821E+01
   0.244800E+00   0.152600E+01   0.439638E-01   0.142885E+01   0.142885E+01
   0.245400E+00   0.133100E+01   0.444539E-01   0.141254E+01   0.141254E+01
   0.246000E+00   0.138600E+01   0.443031E-01   0.139648E+01   0.139648E+01
   0.246600E+00   0.137500E+01   0.456622E-01   0.138068E+01   0.138068E+01
   0.247200E+00   0.131900E+01   0.433571E-01   0.136513E+01   0.136513E+01
   0.247800E+00   0.128800E+01   0.444920E-01   0.134985E+01   0.134985E+01
   0.248400E+00   0.119200E+01   0.445386E-01   0.133482E+01   0.133482E+01
   0.249000E+00   0.130000E+01   0.454918E-01   0.132005E+01   0.132005E+01
   0.249600E+00   0.120900E+01   0.456458E-01   0.130554E+01   0.130554E+01
   0.250200E+00   0.132200E+01   0.492217E-01   0.129132E+01   0.129132E+01
   0.250800E+00   0.123800E+01   0.485741E-01   0.127729E+01   0.127729E+01
   0.251400E+00   0.125300E+01   0.474569E-01   0.126353E+01   0.126353E+01
   0.252100E+00   0.130900E+01   0.476486E-01   0.124781E+01   0.124781E+01
   0.252700E+00   0.135800E+01   0.476902E-01   0.123460E+01   0.123460E+01
   0.253300E+00   0.125700E+01   0.475711E-01   0.122164E+01   0.122164E+01
   0.253900E+00   0.120300E+01   0.484762E-01   0.120891E+01   0.120891E+01
   0.254500E+00   0.123700E+01   0.486568E-01   0.119642E+01   0.119642E+01
   0.255100E+00   0.119000E+01   0.476604E-01   0.118415E+01   0.118415E+01
   0.255700E+00   0.113600E+01   0.463919E-01   0.117211E+01   0.117211E+01
   0.256300E+00   0.112900E+01   0.452787E-01   0.116029E+01   0.116029E+01
   0.256900E+00   0.118300E+01   0.461048E-01   0.114868E+01   0.114868E+01
   0.257500E+00   0.122600E+01   0.445311E-01   0.113727E+01   0.113727E+01
   0.258100E+00   0.108200E+01   0.427978E-01   0.112607E+01   0.112607E+01
   0.258700E+00   0.108700E+01   0.446714E-01   0.111507E+01   0.111507E+01
   0.259300E+00   0.100900E+01   0.435994E-01   0.110424E+01   0.110424E+01
   0.260000E+00   0.110500E+01   0.409800E-01   0.109186E+01   0.109186E+01
   0.260600E+00   0.984200E+00   0.368816E-01   0.108144E+01   0.108144E+01
   0.261200E+00   0.107300E+01   0.360519E-01   0.107118E+01   0.107118E+01
   0.261800E+00   0.109000E+01   0.340761E-01   0.106109E+01   0.106109E+01
   0.262400E+00   0.107700E+01   0.352343E-01   0.105116E+01   0.105116E+01
   0.263000E+00   0.101000E+01   0.335448E-01   0.104137E+01   0.104137E+01
   0.263600E+00   0.103500E+01   0.349715E-01   0.103173E+01   0.103173E+01
   0.264200E+00   0.989500E+00   0.332015E-01   0.102224E+01   0.102224E+01
   0.264800E+00   0.109100E+01   0.314433E-01   0.101288E+01   0.101288E+01
   0.265400E+00   0.105500E+01   0.303446E-01   0.100365E+01   0.100365E+01
   0.266000E+00   0.101500E+01   0.327483E-01   0.994541E+00   0.994541E+00
   0.266600E+00   0.963900E+00   0.373873E-01   0.985554E+00   0.985554E+00
   0.267300E+00   0.942200E+00   0.357963E-01   0.975219E+00   0.975219E+00
   0.267900E+00   0.965700E+00   0.361336E-01   0.966474E+00   0.966474E+00
   0.268500E+00   0.100700E+01   0.378367E-01   0.957815E+00   0.957815E+00
   0.269100E+00   0.907600E+00   0.379732E-01   0.949320E+00   0.949320E+00
   0.269700E+00   0.897300E+00   0.375358E-01   0.940905E+00   0.940905E+00
   0.270300E+00   0.916700E+00   0.338799E-01   0.932583E+00   0.932583E+00
   0.270900E+00   0.940600E+00   0.355711E-01   0.924359E+00   0.924359E+00
   0.271500E+00   0.921400E+00   0.362662E-01   0.916231E+00   0.916231E+00
   0.272100E+00   0.888300E+00   0.368036E-01   0.908197E+00   0.908197E+00
   0.272700E+00   0.949300E+00   0.368319E-01   0.900259E+00   0.900259E+00
   0.273300E+00   0.909900E+00   0.398072E-01   0.892414E+00   0.892414E+00
   0.273900E+00   0.774200E+00   0.415183E-01   0.884662E+00   0.884662E+00
   0.274500E+00   0.877000E+00   0.429404E-01   0.877002E+00   0.877002E+00
   0.275200E+00   0.778900E+00   0.432377E-01   0.868189E+00   0.868189E+00
   0.275800E+00   0.768700E+00   0.454306E-01   0.860738E+00   0.860738E+00
   0.276400E+00   0.788100E+00   0.457420E-01   0.853385E+00   0.853385E+00
   0.277000E+00   0.860000E+00   0.475088E-01   0.846133E+00   0.846133E+00
   0.277600E+00   0.728500E+00   0.487296E-01   0.838984E+00   0.838984E+00
   0.278200E+00   0.909400E+00   0.497768E-01   0.831936E+00   0.831936E+00
   0.278800E+00   0.778700E+00   0.514789E-01   0.824996E+00   0.824996E+00
   0.279400E+00   0.816200E+00   0.544945E-01   0.818171E+00   0.818171E+00
   0.280000E+00   0.814400E+00   0.559675E-01   0.811458E+00   0.811458E+00
   0.280600E+00   0.924300E+00   0.544964E-01   0.804858E+00   0.804858E+00
   0.281200E+00   0.825500E+00   0.532511E-01   0.798393E+00   0.798393E+00
   0.281800E+00   0.817000E+00   0.534144E-01   0.792045E+00   0.792045E+00
   0.282500E+00   0.817000E+00   0.533526E-01   0.784813E+00   0.784813E+00
   0.283100E+00   0.750500E+00   0.520527E-01   0.778759E+00   0.778759E+00
   0.283700E+00   0.644300E+00   0.529959E-01   0.772846E+00   0.772846E+00
   0.284300E+00   0.788500E+00   0.523373E-01   0.767079E+00   0.767079E+00
   0.284900E+00   0.871200E+00   0.511138E-01   0.761462E+00   0.761462E+00
   0.285500E+00   0.712100E+00   0.480296E-01   0.756001E+00   0.756001E+00
   0.286100E+00   0.836300E+00   0.470524E-01   0.750704E+00   0.750704E+00
   0.286700E+00   0.821500E+00   0.476947E-01   0.745568E+00   0.745568E+00
   0.287300E+00   0.752600E+00   0.479537E-01   0.740599E+00   0.740599E+00
   0.287900E+00   0.864600E+00   0.481274E-01   0.735808E+00   0.735808E+00
   0.288500E+00   0.806400E+00   0.462057E-01   0.731195E+00   0.731195E+00
   0.289100E+00   0.718100E+00   0.473286E-01   0.726765E+00   0.726765E+00
   0.289700E+00   0.799100E+00   0.472843E-01   0.722522E+00   0.722522E+00
   0.290400E+00   0.756300E+00   0.478056E-01   0.717813E+00   0.717813E+00
   0.291000E+00   0.712100E+00   0.480998E-01   0.713984E+00   0.713984E+00
   0.291600E+00   0.740900E+00   0.488827E-01   0.710358E+00   0.710358E+00
   0.292200E+00   0.650400E+00   0.483420E-01   0.706926E+00   0.706926E+00
   0.292800E+00   0.706900E+00   0.501916E-01   0.703705E+00   0.703705E+00
   0.293400E+00   0.694200E+00   0.479321E-01   0.700684E+00   0.700684E+00
   0.294000E+00   0.623400E+00   0.457060E-01   0.697869E+00   0.697869E+00
   0.294600E+00   0.616200E+00   0.473948E-01   0.695262E+00   0.695262E+00
   0.295200E+00   0.712600E+00   0.470310E-01   0.692862E+00   0.692862E+00
   0.295800E+00   0.613100E+00   0.469955E-01   0.690670E+00   0.690670E+00
   0.296400E+00   0.601400E+00   0.470639E-01   0.688685E+00   0.688685E+00
   0.297000E+00   0.667900E+00   0.475547E-01   0.686907E+00   0.686907E+00
   0.297600E+00   0.657300E+00   0.498580E-01   0.685334E+00   0.685334E+00
   0.298300E+00   0.613800E+00   0.489630E-01   0.683753E+00   0.683753E+00
   0.298900E+00   0.793900E+00   0.513552E-01   0.682617E+00   0.682617E+00
   0.299500E+00   0.706500E+00   0.523791E-01   0.681675E+00   0.681675E+00
   0.300100E+00   0.717400E+00   0.525594E-01   0.680926E+00   0.680926E+00
   0.300700E+00   0.661800E+00   0.529445E-01   0.680364E+00   0.680364E+00
   0.301300E+00   0.752700E+00   0.516118E-01   0.679985E+00   0.679985E+00
   0.301900E+00   0.751200E+00   0.541951E-01   0.679783E+00   0.679783E+00
   0.302500E+00   0.709900E+00   0.548658E-01   0.679750E+00   0.679750E+00
   0.303100E+00   0.756500E+00   0.544562E-01   0.679881E+00   0.679881E+00
   0.303700E+00   0.654400E+00   0.513069E-01   0.680139E+00   0.680139E+00
   0.304300E+00   0.703500E+00   0.491900E-01   0.680576E+00   0.680576E+00
   0.304900E+00   0.756000E+00   0.475214E-01   0.681146E+00   0.681146E+00
   0.305600E+00   0.576400E+00   0.460712E-01   0.682008E+00   0.682008E+00
   0.306200E+00   0.687200E+00   0.469539E-01   0.682850E+00   0.682850E+00
   0.306800E+00   0.611900E+00   0.462723E-01   0.683800E+00   0.683800E+00
   0.307400E+00   0.616700E+00   0.447461E-01   0.684845E+00   0.684845E+00
   0.308000E+00   0.772800E+00   0.447195E-01   0.685976E+00   0.685976E+00
   0.308600E+00   0.742200E+00   0.439949E-01   0.687182E+00   0.687182E+00
   0.309200E+00   0.668300E+00   0.432871E-01   0.688449E+00   0.688449E+00
   0.309800E+00   0.697200E+00   0.426002E-01   0.689764E+00   0.689764E+00
   0.310400E+00   0.697800E+00   0.419382E-01   0.691123E+00   0.691123E+00
   0.311000E+00   0.754300E+00   0.413053E-01   0.692490E+00   0.692490E+00
   0.311600E+00   0.713300E+00   0.407056E-01   0.693872E+00   0.693872E+00
   0.312200E+00   0.686800E+00   0.401433E-01   0.695251E+00   0.695251E+00
   0.312800E+00   0.666400E+00   0.396224E-01   0.696610E+00   0.696610E+00
   0.313500E+00   0.639200E+00   0.390727E-01   0.698160E+00   0.698160E+00
   0.314100E+00   0.713400E+00   0.386558E-01   0.699423E+00   0.699423E+00
   0.314700E+00   0.703600E+00   0.382934E-01   0.700628E+00   0.700628E+00
   0.315300E+00   0.671400E+00   0.379896E-01   0.701755E+00   0.701755E+00
   0.315900E+00   0.662900E+00   0.377486E-01   0.702789E+00   0.702789E+00
   0.316500E+00   0.684600E+00   0.375745E-01   0.703715E+00   0.703715E+00
   0.317100E+00   0.838800E+00   0.374714E-01   0.704519E+00   0.704519E+00
   0.317700E+00   0.600800E+00   0.374434E-01   0.705188E+00   0.705188E+00
   0.318300E+00   0.643300E+00   0.374946E-01   0.705707E+00   0.705707E+00
   0.318900E+00   0.758800E+00   0.376292E-01   0.706063E+00   0.706063E+00
   0.319500E+00   0.686500E+00   0.378512E-01   0.706241E+00   0.706241E+00
   0.320100E+00   0.716800E+00   0.381649E-01   0.706229E+00   0.706229E+00
   0.320800E+00   0.710100E+00   0.386521E-01   0.705958E+00   0.705958E+00
   0.321400E+00   0.775900E+00   0.391784E-01   0.705488E+00   0.705488E+00

           ####      Real Space Data                               ####

           Distance distribution  function of particle  


      R          P(R)      ERROR

  0.0000E+00  0.0000E+00  0.0000E+00
  0.5587E+00  0.2586E-02  0.5490E-03
  0.1117E+01  0.6493E-02  0.9528E-03
  0.1676E+01  0.1170E-01  0.1216E-02
  0.2235E+01  0.1818E-01  0.1348E-02
  0.2793E+01  0.2587E-01  0.1359E-02
  0.3352E+01  0.3473E-01  0.1262E-02
  0.3911E+01  0.4468E-01  0.1074E-02
  0.4469E+01  0.5565E-01  0.8125E-03
  0.5028E+01  0.6756E-01  0.4963E-03
  0.5587E+01  0.8030E-01  0.1516E-03
  0.6145E+01  0.9379E-01  0.2411E-03
  0.6704E+01  0.1079E+00  0.6061E-03
  0.7263E+01  0.1226E+00  0.9560E-03
  0.7821E+01  0.1378E+00  0.1272E-02
  0.8380E+01  0.1533E+00  0.1540E-02
  0.8939E+01  0.1690E+00  0.1748E-02
  0.9497E+01  0.1849E+00  0.1888E-02
  0.1006E+02  0.2010E+00  0.1955E-02
  0.1061E+02  0.2170E+00  0.1945E-02
  0.1117E+02  0.2330E+00  0.1860E-02
  0.1173E+02  0.2489E+00  0.1703E-02
  0.1229E+02  0.2647E+00  0.1480E-02
  0.1285E+02  0.2802E+00  0.1201E-02
  0.1341E+02  0.2955E+00  0.8771E-03
  0.1397E+02  0.3106E+00  0.5270E-03
  0.1453E+02  0.3254E+00  0.2091E-03
  0.1508E+02  0.3399E+00  0.3257E-03
  0.1564E+02  0.3541E+00  0.6781E-03
  0.1620E+02  0.3681E+00  0.1028E-02
  0.1676E+02  0.3817E+00  0.1346E-02
  0.1732E+02  0.3951E+00  0.1618E-02
  0.1788E+02  0.4082E+00  0.1834E-02
  0.1844E+02  0.4210E+00  0.1983E-02
  0.1899E+02  0.4336E+00  0.2062E-02
  0.1955E+02  0.4460E+00  0.2067E-02
  0.2011E+02  0.4581E+00  0.1998E-02
  0.2067E+02  0.4700E+00  0.1857E-02
  0.2123E+02  0.4817E+00  0.1651E-02
  0.2179E+02  0.4932E+00  0.1387E-02
  0.2235E+02  0.5045E+00  0.1078E-02
  0.2291E+02  0.5155E+00  0.7432E-03
  0.2346E+02  0.5264E+00  0.4286E-03
  0.2402E+02  0.5370E+00  0.3363E-03
  0.2458E+02  0.5473E+00  0.5958E-03
  0.2514E+02  0.5575E+00  0.9376E-03
  0.2570E+02  0.5674E+00  0.1271E-02
  0.2626E+02  0.5770E+00  0.1569E-02
  0.2682E+02  0.5864E+00  0.1817E-02
  0.2737E+02  0.5955E+00  0.2005E-02
  0.2793E+02  0.6044E+00  0.2125E-02
  0.2849E+02  0.6129E+00  0.2171E-02
  0.2905E+02  0.6212E+00  0.2143E-02
  0.2961E+02  0.6293E+00  0.2042E-02
  0.3017E+02  0.6370E+00  0.1871E-02
  0.3073E+02  0.6446E+00  0.1638E-02
  0.3128E+02  0.6518E+00  0.1353E-02
  0.3184E+02  0.6588E+00  0.1034E-02
  0.3240E+02  0.6656E+00  0.7116E-03
  0.3296E+02  0.6721E+00  0.4757E-03
  0.3352E+02  0.6785E+00  0.5215E-03
  0.3408E+02  0.6846E+00  0.8009E-03
  0.3464E+02  0.6906E+00  0.1135E-02
  0.3520E+02  0.6963E+00  0.1457E-02
  0.3575E+02  0.7019E+00  0.1741E-02
  0.3631E+02  0.7072E+00  0.1973E-02
  0.3687E+02  0.7124E+00  0.2141E-02
  0.3743E+02  0.7174E+00  0.2238E-02
  0.3799E+02  0.7221E+00  0.2260E-02
  0.3855E+02  0.7266E+00  0.2206E-02
  0.3911E+02  0.7309E+00  0.2079E-02
  0.3966E+02  0.7348E+00  0.1884E-02
  0.4022E+02  0.7385E+00  0.1631E-02
  0.4078E+02  0.7418E+00  0.1334E-02
  0.4134E+02  0.7447E+00  0.1018E-02
  0.4190E+02  0.7472E+00  0.7362E-03
  0.4246E+02  0.7493E+00  0.6095E-03
  0.4302E+02  0.7508E+00  0.7457E-03
  0.4358E+02  0.7519E+00  0.1038E-02
  0.4413E+02  0.7523E+00  0.1367E-02
  0.4469E+02  0.7522E+00  0.1682E-02
  0.4525E+02  0.7514E+00  0.1956E-02
  0.4581E+02  0.7501E+00  0.2174E-02
  0.4637E+02  0.7480E+00  0.2324E-02
  0.4693E+02  0.7453E+00  0.2402E-02
  0.4749E+02  0.7420E+00  0.2402E-02
  0.4804E+02  0.7379E+00  0.2326E-02
  0.4860E+02  0.7333E+00  0.2176E-02
  0.4916E+02  0.7280E+00  0.1961E-02
  0.4972E+02  0.7221E+00  0.1692E-02
  0.5028E+02  0.7157E+00  0.1388E-02
  0.5084E+02  0.7087E+00  0.1082E-02
  0.5140E+02  0.7012E+00  0.8378E-03
  0.5196E+02  0.6933E+00  0.7650E-03
  0.5251E+02  0.6849E+00  0.9153E-03
  0.5307E+02  0.6762E+00  0.1193E-02
  0.5363E+02  0.6672E+00  0.1501E-02
  0.5419E+02  0.6578E+00  0.1792E-02
  0.5475E+02  0.6482E+00  0.2038E-02
  0.5531E+02  0.6383E+00  0.2224E-02
  0.5587E+02  0.6282E+00  0.2339E-02
  0.5642E+02  0.6179E+00  0.2376E-02
  0.5698E+02  0.6074E+00  0.2334E-02
  0.5754E+02  0.5968E+00  0.2215E-02
  0.5810E+02  0.5859E+00  0.2025E-02
  0.5866E+02  0.5748E+00  0.1777E-02
  0.5922E+02  0.5634E+00  0.1491E-02
  0.5978E+02  0.5518E+00  0.1203E-02
  0.6034E+02  0.5399E+00  0.9805E-03
  0.6089E+02  0.5277E+00  0.9280E-03
  0.6145E+02  0.5152E+00  0.1089E-02
  0.6201E+02  0.5023E+00  0.1383E-02
  0.6257E+02  0.4890E+00  0.1721E-02
  0.6313E+02  0.4753E+00  0.2051E-02
  0.6369E+02  0.4612E+00  0.2343E-02
  0.6425E+02  0.4467E+00  0.2575E-02
  0.6480E+02  0.4317E+00  0.2735E-02
  0.6536E+02  0.4164E+00  0.2815E-02
  0.6592E+02  0.4008E+00  0.2810E-02
  0.6648E+02  0.3848E+00  0.2720E-02
  0.6704E+02  0.3686E+00  0.2550E-02
  0.6760E+02  0.3522E+00  0.2310E-02
  0.6816E+02  0.3357E+00  0.2016E-02
  0.6872E+02  0.3191E+00  0.1693E-02
  0.6927E+02  0.3027E+00  0.1385E-02
  0.6983E+02  0.2864E+00  0.1163E-02
  0.7039E+02  0.2705E+00  0.1120E-02
  0.7095E+02  0.2549E+00  0.1276E-02
  0.7151E+02  0.2399E+00  0.1554E-02
  0.7207E+02  0.2255E+00  0.1868E-02
  0.7263E+02  0.2117E+00  0.2164E-02
  0.7318E+02  0.1988E+00  0.2408E-02
  0.7374E+02  0.1866E+00  0.2580E-02
  0.7430E+02  0.1754E+00  0.2669E-02
  0.7486E+02  0.1651E+00  0.2666E-02
  0.7542E+02  0.1558E+00  0.2570E-02
  0.7598E+02  0.1474E+00  0.2388E-02
  0.7654E+02  0.1399E+00  0.2132E-02
  0.7709E+02  0.1332E+00  0.1827E-02
  0.7765E+02  0.1274E+00  0.1515E-02
  0.7821E+02  0.1222E+00  0.1278E-02
  0.7877E+02  0.1176E+00  0.1229E-02
  0.7933E+02  0.1135E+00  0.1418E-02
  0.7989E+02  0.1098E+00  0.1768E-02
  0.8045E+02  0.1063E+00  0.2179E-02
  0.8101E+02  0.1028E+00  0.2584E-02
  0.8156E+02  0.9931E-01  0.2942E-02
  0.8212E+02  0.9565E-01  0.3225E-02
  0.8268E+02  0.9172E-01  0.3414E-02
  0.8324E+02  0.8745E-01  0.3495E-02
  0.8380E+02  0.8278E-01  0.3460E-02
  0.8436E+02  0.7766E-01  0.3310E-02
  0.8492E+02  0.7211E-01  0.3050E-02
  0.8547E+02  0.6614E-01  0.2697E-02
  0.8603E+02  0.5983E-01  0.2278E-02
  0.8659E+02  0.5327E-01  0.1843E-02
  0.8715E+02  0.4659E-01  0.1489E-02
  0.8771E+02  0.3996E-01  0.1367E-02
  0.8827E+02  0.3354E-01  0.1560E-02
  0.8883E+02  0.2755E-01  0.1957E-02
  0.8939E+02  0.2219E-01  0.2413E-02
  0.8994E+02  0.1767E-01  0.2836E-02
  0.9050E+02  0.1419E-01  0.3171E-02
  0.9106E+02  0.1193E-01  0.3382E-02
  0.9162E+02  0.1103E-01  0.3444E-02
  0.9218E+02  0.1160E-01  0.3345E-02
  0.9274E+02  0.1366E-01  0.3086E-02
  0.9330E+02  0.1717E-01  0.2686E-02
  0.9385E+02  0.2201E-01  0.2197E-02
  0.9441E+02  0.2795E-01  0.1743E-02
  0.9497E+02  0.3461E-01  0.1578E-02
  0.9553E+02  0.4154E-01  0.1896E-02
  0.9609E+02  0.4811E-01  0.2522E-02
  0.9665E+02  0.5354E-01  0.3201E-02
  0.9721E+02  0.5693E-01  0.3759E-02
  0.9777E+02  0.5720E-01  0.4059E-02
  0.9832E+02  0.5311E-01  0.3971E-02
  0.9888E+02  0.4326E-01  0.3361E-02
  0.9944E+02  0.2612E-01  0.2087E-02
  0.1000E+03  0.0000E+00  0.0000E+00
