
           ####      G N O M              Version 5.0 (r8972)      ####
                                               Tue Sep 15 11:50:49 2020

           ####      Configuration                                 ####

    System Type:                   arbitrary monodisperse (job = 0)
    Minimum characteristic size:         0.0000
    Maximum characteristic size:        96.0000
    rad56:                               0.0000
    Force 0.0 at r = rmin:                  yes
    Force 0.0 at r = rmax:                  yes
    Initial alpha:                       0.0000
    Initial random seed:    3411455071409166918
    Points in real space:                   128

    Input  1:                      ../iofq_data_file.dat
    First data point used:                    1
    Last data point used:                   257
    Scaling coefficient:             0.1000E+01
    Experimental setup:            point collimation


           ####      Results                                       ####

    Parameter    DISCRP  OSCILL  STABIL  SYSDEV  POSITV  VALCEN  SMOOTH
    Weight        1.000   3.000   3.000   3.000   1.000   1.000   2.000
    Sigma         0.300   0.600   0.120   0.120   0.120   0.120   0.600
    Ideal         0.700   1.100   0.000   1.000   1.000   0.950   0.000
    Current       0.620   1.773   0.042   0.531   1.000   0.836   0.402
               --------------------------------------------------------
    Estimate      0.931   0.285   0.884   0.000   1.000   0.404   0.638

    Angular range:                       0.0152 to       0.3035
    Reciprocal space Rg:             0.2467E+02
    Reciprocal space I(0):           0.7134E+03

    Real space range:                    0.0000 to      96.0000
    Real space Rg:                   0.2472E+02 +-   0.3406E+00
    Real space I(0):                 0.7134E+03 +-   0.6494E+01

    Highest ALPHA (theor):           0.1410E+07
    Current ALPHA:                   0.6352E+01

    Total Estimate:                      0.5084 (a REASONABLE solution)



           ####      Experimental Data and Fit                     ####

      S          J EXP       ERROR       J REG       I REG

   0.000000E+00                                                0.713380E+03
   0.108571E-02                                                0.713207E+03
   0.217143E-02                                                0.712693E+03
   0.325714E-02                                                0.711838E+03
   0.434286E-02                                                0.710644E+03
   0.542857E-02                                                0.709111E+03
   0.651429E-02                                                0.707243E+03
   0.760000E-02                                                0.705044E+03
   0.868571E-02                                                0.702516E+03
   0.977143E-02                                                0.699666E+03
   0.108571E-01                                                0.696496E+03
   0.119429E-01                                                0.693014E+03
   0.130286E-01                                                0.689224E+03
   0.141143E-01                                                0.685134E+03
   0.152000E-01   0.653400E+03   0.196020E+02   0.680750E+03   0.680750E+03
   0.163300E-01   0.651400E+03   0.195420E+02   0.675884E+03   0.675884E+03
   0.174600E-01   0.662100E+03   0.198630E+02   0.670716E+03   0.670716E+03
   0.185800E-01   0.656000E+03   0.196800E+02   0.665306E+03   0.665306E+03
   0.197100E-01   0.654400E+03   0.196320E+02   0.659566E+03   0.659566E+03
   0.208300E-01   0.651200E+03   0.195360E+02   0.653608E+03   0.653608E+03
   0.219600E-01   0.642500E+03   0.192750E+02   0.647337E+03   0.647337E+03
   0.230900E-01   0.642400E+03   0.192720E+02   0.640814E+03   0.640814E+03
   0.242100E-01   0.629700E+03   0.188910E+02   0.634112E+03   0.634112E+03
   0.253400E-01   0.619800E+03   0.185940E+02   0.627123E+03   0.627123E+03
   0.264600E-01   0.620300E+03   0.186090E+02   0.619983E+03   0.619983E+03
   0.275900E-01   0.615900E+03   0.184770E+02   0.612571E+03   0.612571E+03
   0.287200E-01   0.609200E+03   0.182760E+02   0.604967E+03   0.604967E+03
   0.298400E-01   0.599400E+03   0.179820E+02   0.597250E+03   0.597250E+03
   0.309700E-01   0.586800E+03   0.176040E+02   0.589296E+03   0.589296E+03
   0.321000E-01   0.582700E+03   0.174810E+02   0.581185E+03   0.581185E+03
   0.332200E-01   0.579700E+03   0.173910E+02   0.573001E+03   0.573001E+03
   0.343500E-01   0.574900E+03   0.172470E+02   0.564611E+03   0.564611E+03
   0.354700E-01   0.558800E+03   0.167640E+02   0.556176E+03   0.556176E+03
   0.366000E-01   0.547500E+03   0.164250E+02   0.547555E+03   0.547555E+03
   0.377300E-01   0.537300E+03   0.161190E+02   0.538837E+03   0.538837E+03
   0.388500E-01   0.532400E+03   0.159720E+02   0.530111E+03   0.530111E+03
   0.399800E-01   0.525400E+03   0.157620E+02   0.521232E+03   0.521232E+03
   0.411000E-01   0.520900E+03   0.156270E+02   0.512369E+03   0.512369E+03
   0.422300E-01   0.510700E+03   0.153210E+02   0.503374E+03   0.503374E+03
   0.433600E-01   0.504700E+03   0.151410E+02   0.494337E+03   0.494337E+03
   0.444800E-01   0.494900E+03   0.148470E+02   0.485348E+03   0.485348E+03
   0.456100E-01   0.486400E+03   0.145920E+02   0.476258E+03   0.476258E+03
   0.467400E-01   0.476100E+03   0.142830E+02   0.467156E+03   0.467156E+03
   0.478600E-01   0.468100E+03   0.140430E+02   0.458133E+03   0.458133E+03
   0.489900E-01   0.460600E+03   0.138180E+02   0.449035E+03   0.449035E+03
   0.501100E-01   0.451000E+03   0.135300E+02   0.440034E+03   0.440034E+03
   0.512400E-01   0.441900E+03   0.132570E+02   0.430976E+03   0.430976E+03
   0.523700E-01   0.432400E+03   0.129720E+02   0.421950E+03   0.421950E+03
   0.534900E-01   0.423200E+03   0.126960E+02   0.413043E+03   0.413043E+03
   0.546200E-01   0.415400E+03   0.124620E+02   0.404104E+03   0.404104E+03
   0.557400E-01   0.407800E+03   0.122340E+02   0.395297E+03   0.395297E+03
   0.568700E-01   0.397900E+03   0.119370E+02   0.386471E+03   0.386471E+03
   0.580000E-01   0.387900E+03   0.116370E+02   0.377712E+03   0.377712E+03
   0.591200E-01   0.381600E+03   0.114480E+02   0.369101E+03   0.369101E+03
   0.602500E-01   0.372300E+03   0.111690E+02   0.360491E+03   0.360491E+03
   0.613800E-01   0.364500E+03   0.109350E+02   0.351963E+03   0.351963E+03
   0.625000E-01   0.355000E+03   0.106500E+02   0.343597E+03   0.343597E+03
   0.636300E-01   0.346900E+03   0.104070E+02   0.335247E+03   0.335247E+03
   0.647500E-01   0.339300E+03   0.101790E+02   0.327064E+03   0.327064E+03
   0.658800E-01   0.329900E+03   0.989700E+01   0.318907E+03   0.318907E+03
   0.670100E-01   0.320800E+03   0.962400E+01   0.310852E+03   0.310852E+03
   0.681300E-01   0.312800E+03   0.938400E+01   0.302971E+03   0.302971E+03
   0.692600E-01   0.305100E+03   0.915300E+01   0.295126E+03   0.295126E+03
   0.703800E-01   0.297700E+03   0.893100E+01   0.287460E+03   0.287460E+03
   0.715100E-01   0.290700E+03   0.872100E+01   0.279835E+03   0.279835E+03
   0.726400E-01   0.284200E+03   0.852600E+01   0.272324E+03   0.272324E+03
   0.737600E-01   0.274800E+03   0.824400E+01   0.264993E+03   0.264993E+03
   0.748900E-01   0.267300E+03   0.801900E+01   0.257712E+03   0.257712E+03
   0.760200E-01   0.260200E+03   0.780600E+01   0.250547E+03   0.250547E+03
   0.771400E-01   0.251600E+03   0.754800E+01   0.243563E+03   0.243563E+03
   0.782700E-01   0.244200E+03   0.732600E+01   0.236634E+03   0.236634E+03
   0.793900E-01   0.237700E+03   0.713100E+01   0.229883E+03   0.229883E+03
   0.805200E-01   0.232300E+03   0.696900E+01   0.223191E+03   0.223191E+03
   0.816500E-01   0.225300E+03   0.675900E+01   0.216618E+03   0.216618E+03
   0.827700E-01   0.218100E+03   0.654300E+01   0.210221E+03   0.210221E+03
   0.839000E-01   0.210800E+03   0.632400E+01   0.203886E+03   0.203886E+03
   0.850200E-01   0.203900E+03   0.611700E+01   0.197724E+03   0.197724E+03
   0.861500E-01   0.198700E+03   0.596100E+01   0.191625E+03   0.191625E+03
   0.872800E-01   0.191200E+03   0.573600E+01   0.185644E+03   0.185644E+03
   0.884000E-01   0.186200E+03   0.558600E+01   0.179833E+03   0.179833E+03
   0.895300E-01   0.181200E+03   0.543600E+01   0.174086E+03   0.174086E+03
   0.906500E-01   0.175500E+03   0.526500E+01   0.168505E+03   0.168505E+03
   0.917800E-01   0.169600E+03   0.508800E+01   0.162989E+03   0.162989E+03
   0.929100E-01   0.163500E+03   0.490500E+01   0.157589E+03   0.157589E+03
   0.940300E-01   0.156900E+03   0.470700E+01   0.152350E+03   0.152350E+03
   0.951600E-01   0.151100E+03   0.453300E+01   0.147176E+03   0.147176E+03
   0.962900E-01   0.146200E+03   0.438600E+01   0.142116E+03   0.142116E+03
   0.974100E-01   0.141100E+03   0.423300E+01   0.137212E+03   0.137212E+03
   0.985400E-01   0.136900E+03   0.410700E+01   0.132374E+03   0.132374E+03
   0.996600E-01   0.131400E+03   0.394200E+01   0.127689E+03   0.127689E+03
   0.100800E+00   0.125100E+03   0.375300E+01   0.123030E+03   0.123030E+03
   0.101900E+00   0.121400E+03   0.364200E+01   0.118640E+03   0.118640E+03
   0.103000E+00   0.117500E+03   0.352500E+01   0.114353E+03   0.114353E+03
   0.104200E+00   0.112800E+03   0.338400E+01   0.109791E+03   0.109791E+03
   0.105300E+00   0.107700E+03   0.323100E+01   0.105716E+03   0.105716E+03
   0.106400E+00   0.103200E+03   0.309600E+01   0.101740E+03   0.101740E+03
   0.107500E+00   0.990000E+02   0.297000E+01   0.978638E+02   0.978638E+02
   0.108700E+00   0.950300E+02   0.285090E+01   0.937474E+02   0.937474E+02
   0.109800E+00   0.912500E+02   0.273750E+01   0.900762E+02   0.900762E+02
   0.110900E+00   0.875100E+02   0.262530E+01   0.865019E+02   0.865019E+02
   0.112100E+00   0.845400E+02   0.253620E+01   0.827122E+02   0.827122E+02
   0.113200E+00   0.799400E+02   0.239820E+01   0.793379E+02   0.793379E+02
   0.114300E+00   0.764000E+02   0.229200E+01   0.760578E+02   0.760578E+02
   0.115400E+00   0.728000E+02   0.218400E+01   0.728713E+02   0.728713E+02
   0.116600E+00   0.698600E+02   0.209580E+01   0.695006E+02   0.695006E+02
   0.117700E+00   0.667800E+02   0.200340E+01   0.665066E+02   0.665066E+02
   0.118800E+00   0.642400E+02   0.192720E+01   0.636032E+02   0.636032E+02
   0.119900E+00   0.609300E+02   0.182790E+01   0.607898E+02   0.607898E+02
   0.121100E+00   0.578800E+02   0.173640E+01   0.578217E+02   0.578217E+02
   0.122200E+00   0.551300E+02   0.165390E+01   0.551927E+02   0.551927E+02
   0.123300E+00   0.525800E+02   0.157740E+01   0.526502E+02   0.526502E+02
   0.124400E+00   0.504300E+02   0.151290E+01   0.501932E+02   0.501932E+02
   0.125600E+00   0.479000E+02   0.143700E+01   0.476092E+02   0.476092E+02
   0.126700E+00   0.457000E+02   0.137100E+01   0.453273E+02   0.453273E+02
   0.127800E+00   0.436500E+02   0.130950E+01   0.431274E+02   0.431274E+02
   0.128900E+00   0.407900E+02   0.122370E+01   0.410082E+02   0.410082E+02
   0.130100E+00   0.383100E+02   0.114930E+01   0.387869E+02   0.387869E+02
   0.131200E+00   0.359400E+02   0.107820E+01   0.368322E+02   0.368322E+02
   0.132300E+00   0.343000E+02   0.102900E+01   0.349536E+02   0.349536E+02
   0.133400E+00   0.322000E+02   0.966000E+00   0.331513E+02   0.331513E+02
   0.134600E+00   0.306700E+02   0.920100E+00   0.312686E+02   0.312686E+02
   0.135700E+00   0.295100E+02   0.885300E+00   0.296182E+02   0.296182E+02
   0.136800E+00   0.277500E+02   0.832500E+00   0.280385E+02   0.280385E+02
   0.138000E+00   0.262000E+02   0.786000E+00   0.263940E+02   0.263940E+02
   0.139100E+00   0.245800E+02   0.737400E+00   0.249569E+02   0.249569E+02
   0.140200E+00   0.231000E+02   0.693000E+00   0.235856E+02   0.235856E+02
   0.141300E+00   0.214900E+02   0.644700E+00   0.222783E+02   0.222783E+02
   0.142500E+00   0.204700E+02   0.614100E+00   0.209234E+02   0.209234E+02
   0.143600E+00   0.194100E+02   0.582300E+00   0.197447E+02   0.197447E+02
   0.144700E+00   0.187100E+02   0.561300E+00   0.186249E+02   0.186249E+02
   0.145800E+00   0.174000E+02   0.522000E+00   0.175622E+02   0.175622E+02
   0.147000E+00   0.167800E+02   0.503400E+00   0.164661E+02   0.164661E+02
   0.148100E+00   0.158000E+02   0.474000E+00   0.155173E+02   0.155173E+02
   0.149200E+00   0.146900E+02   0.440700E+00   0.146203E+02   0.146203E+02
   0.150300E+00   0.137200E+02   0.411600E+00   0.137732E+02   0.137732E+02
   0.151500E+00   0.128900E+02   0.386700E+00   0.129040E+02   0.129040E+02
   0.152600E+00   0.122100E+02   0.366300E+00   0.121557E+02   0.121557E+02
   0.153700E+00   0.115600E+02   0.346800E+00   0.114520E+02   0.114520E+02
   0.154800E+00   0.108100E+02   0.324300E+00   0.107911E+02   0.107911E+02
   0.156000E+00   0.102300E+02   0.306900E+00   0.101169E+02   0.101169E+02
   0.157100E+00   0.954500E+01   0.286350E+00   0.954005E+01   0.954005E+01
   0.158200E+00   0.889800E+01   0.266940E+00   0.900074E+01   0.900074E+01
   0.159300E+00   0.834300E+01   0.250290E+00   0.849734E+01   0.849734E+01
   0.160500E+00   0.788800E+01   0.236640E+00   0.798722E+01   0.798722E+01
   0.161600E+00   0.762200E+01   0.228660E+00   0.755368E+01   0.755368E+01
   0.162700E+00   0.729200E+01   0.218760E+00   0.715112E+01   0.715112E+01
   0.163900E+00   0.676100E+01   0.202830E+00   0.674548E+01   0.674548E+01
   0.165000E+00   0.652100E+01   0.195630E+00   0.640278E+01   0.640278E+01
   0.166100E+00   0.605700E+01   0.181710E+00   0.608645E+01   0.608645E+01
   0.167200E+00   0.576400E+01   0.172920E+00   0.579506E+01   0.579506E+01
   0.168400E+00   0.551500E+01   0.165450E+00   0.550404E+01   0.550404E+01
   0.169500E+00   0.502400E+01   0.150720E+00   0.526044E+01   0.526044E+01
   0.170600E+00   0.487600E+01   0.146280E+00   0.503770E+01   0.503770E+01
   0.171700E+00   0.481900E+01   0.144570E+00   0.483475E+01   0.483475E+01
   0.172900E+00   0.458100E+01   0.137430E+00   0.463396E+01   0.463396E+01
   0.174000E+00   0.442900E+01   0.132870E+00   0.446807E+01   0.446807E+01
   0.175100E+00   0.438400E+01   0.131520E+00   0.431826E+01   0.431826E+01
   0.176200E+00   0.422100E+01   0.126630E+00   0.418349E+01   0.418349E+01
   0.177400E+00   0.417000E+01   0.125100E+00   0.405245E+01   0.405245E+01
   0.178500E+00   0.416200E+01   0.124860E+00   0.394601E+01   0.394601E+01
   0.179600E+00   0.396100E+01   0.118830E+00   0.385155E+01   0.385155E+01
   0.180700E+00   0.374000E+01   0.112200E+00   0.376840E+01   0.376840E+01
   0.181900E+00   0.361600E+01   0.108480E+00   0.368950E+01   0.368950E+01
   0.183000E+00   0.357600E+01   0.107280E+00   0.362726E+01   0.362726E+01
   0.184100E+00   0.356600E+01   0.106980E+00   0.357386E+01   0.357386E+01
   0.185200E+00   0.347900E+01   0.104370E+00   0.352833E+01   0.352833E+01
   0.186400E+00   0.341400E+01   0.102420E+00   0.348783E+01   0.348783E+01
   0.187500E+00   0.337500E+01   0.101250E+00   0.345763E+01   0.345763E+01
   0.188600E+00   0.352200E+01   0.105660E+00   0.343372E+01   0.343372E+01
   0.189700E+00   0.342100E+01   0.102630E+00   0.341562E+01   0.341562E+01
   0.190900E+00   0.330100E+01   0.990300E-01   0.340178E+01   0.340178E+01
   0.192000E+00   0.337200E+01   0.101160E+00   0.339410E+01   0.339410E+01
   0.193100E+00   0.354500E+01   0.106350E+00   0.339081E+01   0.339081E+01
   0.194300E+00   0.342600E+01   0.102780E+00   0.339164E+01   0.339164E+01
   0.195400E+00   0.330100E+01   0.990300E-01   0.339612E+01   0.339612E+01
   0.196500E+00   0.343600E+01   0.103080E+00   0.340378E+01   0.340378E+01
   0.197600E+00   0.341600E+01   0.102480E+00   0.341431E+01   0.341431E+01
   0.198800E+00   0.338900E+01   0.101670E+00   0.342867E+01   0.342867E+01
   0.199900E+00   0.344500E+01   0.103350E+00   0.344433E+01   0.344433E+01
   0.201000E+00   0.341900E+01   0.102570E+00   0.346196E+01   0.346196E+01
   0.202100E+00   0.340900E+01   0.102270E+00   0.348141E+01   0.348141E+01
   0.203300E+00   0.343800E+01   0.103140E+00   0.350443E+01   0.350443E+01
   0.204400E+00   0.356700E+01   0.107010E+00   0.352697E+01   0.352697E+01
   0.205500E+00   0.363000E+01   0.108900E+00   0.355071E+01   0.355071E+01
   0.206600E+00   0.360900E+01   0.108270E+00   0.357550E+01   0.357550E+01
   0.207800E+00   0.361100E+01   0.108330E+00   0.360354E+01   0.360354E+01
   0.208900E+00   0.371200E+01   0.111360E+00   0.363003E+01   0.363003E+01
   0.210000E+00   0.373000E+01   0.111900E+00   0.365713E+01   0.365713E+01
   0.211100E+00   0.376500E+01   0.112950E+00   0.368471E+01   0.368471E+01
   0.212300E+00   0.373600E+01   0.112080E+00   0.371529E+01   0.371529E+01
   0.213400E+00   0.375000E+01   0.112500E+00   0.374361E+01   0.374361E+01
   0.214500E+00   0.377100E+01   0.113130E+00   0.377214E+01   0.377214E+01
   0.215600E+00   0.378600E+01   0.113580E+00   0.380080E+01   0.380080E+01
   0.216800E+00   0.380600E+01   0.114180E+00   0.383213E+01   0.383213E+01
   0.217900E+00   0.380100E+01   0.114030E+00   0.386083E+01   0.386083E+01
   0.219000E+00   0.388600E+01   0.116580E+00   0.388946E+01   0.388946E+01
   0.220200E+00   0.384200E+01   0.115260E+00   0.392055E+01   0.392055E+01
   0.221300E+00   0.395100E+01   0.118530E+00   0.394886E+01   0.394886E+01
   0.222400E+00   0.397200E+01   0.119160E+00   0.397694E+01   0.397694E+01
   0.223500E+00   0.400100E+01   0.120030E+00   0.400476E+01   0.400476E+01
   0.224700E+00   0.414000E+01   0.124200E+00   0.403482E+01   0.403482E+01
   0.225800E+00   0.401500E+01   0.120450E+00   0.406193E+01   0.406193E+01
   0.226900E+00   0.399000E+01   0.119700E+00   0.408873E+01   0.408873E+01
   0.228000E+00   0.415700E+01   0.124710E+00   0.411513E+01   0.411513E+01
   0.229200E+00   0.414400E+01   0.124320E+00   0.414350E+01   0.414350E+01
   0.230300E+00   0.423500E+01   0.127050E+00   0.416899E+01   0.416899E+01
   0.231400E+00   0.426500E+01   0.127950E+00   0.419407E+01   0.419407E+01
   0.232500E+00   0.420300E+01   0.126090E+00   0.421865E+01   0.421865E+01
   0.233700E+00   0.421900E+01   0.126570E+00   0.424490E+01   0.424490E+01
   0.234800E+00   0.431600E+01   0.129480E+00   0.426847E+01   0.426847E+01
   0.235900E+00   0.428100E+01   0.128430E+00   0.429151E+01   0.429151E+01
   0.237000E+00   0.438800E+01   0.131640E+00   0.431402E+01   0.431402E+01
   0.238200E+00   0.436100E+01   0.130830E+00   0.433788E+01   0.433788E+01
   0.239300E+00   0.428800E+01   0.128640E+00   0.435933E+01   0.435933E+01
   0.240400E+00   0.426000E+01   0.127800E+00   0.438014E+01   0.438014E+01
   0.241500E+00   0.439800E+01   0.131940E+00   0.440038E+01   0.440038E+01
   0.242700E+00   0.443800E+01   0.133140E+00   0.442176E+01   0.442176E+01
   0.243800E+00   0.444400E+01   0.133320E+00   0.444077E+01   0.444077E+01
   0.244900E+00   0.434100E+01   0.130230E+00   0.445923E+01   0.445923E+01
   0.246000E+00   0.437400E+01   0.131220E+00   0.447694E+01   0.447694E+01
   0.247200E+00   0.453800E+01   0.136140E+00   0.449559E+01   0.449559E+01
   0.248300E+00   0.451500E+01   0.135450E+00   0.451202E+01   0.451202E+01
   0.249400E+00   0.453500E+01   0.136050E+00   0.452778E+01   0.452778E+01
   0.250500E+00   0.444600E+01   0.133380E+00   0.454287E+01   0.454287E+01
   0.251700E+00   0.452700E+01   0.135810E+00   0.455879E+01   0.455879E+01
   0.252800E+00   0.459900E+01   0.137970E+00   0.457213E+01   0.457213E+01
   0.253900E+00   0.460900E+01   0.138270E+00   0.458499E+01   0.458499E+01
   0.255100E+00   0.475000E+01   0.142500E+00   0.459817E+01   0.459817E+01
   0.256200E+00   0.469200E+01   0.140760E+00   0.460942E+01   0.460942E+01
   0.257300E+00   0.464600E+01   0.139380E+00   0.461987E+01   0.461987E+01
   0.258400E+00   0.464100E+01   0.139230E+00   0.462948E+01   0.462948E+01
   0.259600E+00   0.461000E+01   0.138300E+00   0.463899E+01   0.463899E+01
   0.260700E+00   0.465300E+01   0.139590E+00   0.464678E+01   0.464678E+01
   0.261800E+00   0.465300E+01   0.139590E+00   0.465365E+01   0.465365E+01
   0.262900E+00   0.472200E+01   0.141660E+00   0.465958E+01   0.465958E+01
   0.264100E+00   0.469400E+01   0.140820E+00   0.466483E+01   0.466483E+01
   0.265200E+00   0.466300E+01   0.139890E+00   0.466875E+01   0.466875E+01
   0.266300E+00   0.458800E+01   0.137640E+00   0.467163E+01   0.467163E+01
   0.267400E+00   0.467800E+01   0.140340E+00   0.467339E+01   0.467339E+01
   0.268600E+00   0.477600E+01   0.143280E+00   0.467407E+01   0.467407E+01
   0.269700E+00   0.467700E+01   0.140310E+00   0.467353E+01   0.467353E+01
   0.270800E+00   0.475500E+01   0.142650E+00   0.467183E+01   0.467183E+01
   0.271900E+00   0.473200E+01   0.141960E+00   0.466896E+01   0.466896E+01
   0.273100E+00   0.467900E+01   0.140370E+00   0.466447E+01   0.466447E+01
   0.274200E+00   0.463800E+01   0.139140E+00   0.465907E+01   0.465907E+01
   0.275300E+00   0.462200E+01   0.138660E+00   0.465244E+01   0.465244E+01
   0.276400E+00   0.450400E+01   0.135120E+00   0.464455E+01   0.464455E+01
   0.277600E+00   0.462000E+01   0.138600E+00   0.463450E+01   0.463450E+01
   0.278700E+00   0.466900E+01   0.140070E+00   0.462395E+01   0.462395E+01
   0.279800E+00   0.460400E+01   0.138120E+00   0.461211E+01   0.461211E+01
   0.280900E+00   0.456900E+01   0.137070E+00   0.459898E+01   0.459898E+01
   0.282100E+00   0.459800E+01   0.137940E+00   0.458321E+01   0.458321E+01
   0.283200E+00   0.447100E+01   0.134130E+00   0.456736E+01   0.456736E+01
   0.284300E+00   0.454500E+01   0.136350E+00   0.455025E+01   0.455025E+01
   0.285500E+00   0.454200E+01   0.136260E+00   0.453016E+01   0.453016E+01
   0.286600E+00   0.459700E+01   0.137910E+00   0.451043E+01   0.451043E+01
   0.287700E+00   0.463000E+01   0.138900E+00   0.448949E+01   0.448949E+01
   0.288800E+00   0.455100E+01   0.136530E+00   0.446736E+01   0.446736E+01
   0.290000E+00   0.442600E+01   0.132780E+00   0.444188E+01   0.444188E+01
   0.291100E+00   0.443900E+01   0.133170E+00   0.441730E+01   0.441730E+01
   0.292200E+00   0.434000E+01   0.130200E+00   0.439174E+01   0.439174E+01
   0.293300E+00   0.441100E+01   0.132330E+00   0.436509E+01   0.436509E+01
   0.294500E+00   0.429400E+01   0.128820E+00   0.433489E+01   0.433489E+01
   0.295600E+00   0.415200E+01   0.124560E+00   0.430626E+01   0.430626E+01
   0.296700E+00   0.421400E+01   0.126420E+00   0.427671E+01   0.427671E+01
   0.297800E+00   0.427200E+01   0.128160E+00   0.424637E+01   0.424637E+01
   0.299000E+00   0.438300E+01   0.131490E+00   0.421242E+01   0.421242E+01
   0.300100E+00   0.425800E+01   0.127740E+00   0.418059E+01   0.418059E+01
   0.301200E+00   0.410400E+01   0.123120E+00   0.414816E+01   0.414816E+01
   0.302300E+00   0.408400E+01   0.122520E+00   0.411520E+01   0.411520E+01
   0.303500E+00   0.402600E+01   0.120780E+00   0.407872E+01   0.407872E+01

           ####      Real Space Data                               ####

           Distance distribution  function of particle  


      R          P(R)      ERROR

  0.0000E+00  0.0000E+00  0.0000E+00
  0.7559E+00  0.2374E-01  0.5934E-03
  0.1512E+01  0.5062E-01  0.9905E-03
  0.2268E+01  0.8067E-01  0.1204E-02
  0.3024E+01  0.1139E+00  0.1254E-02
  0.3780E+01  0.1504E+00  0.1170E-02
  0.4535E+01  0.1901E+00  0.9978E-03
  0.5291E+01  0.2332E+00  0.8122E-03
  0.6047E+01  0.2796E+00  0.7429E-03
  0.6803E+01  0.3293E+00  0.8910E-03
  0.7559E+01  0.3824E+00  0.1189E-02
  0.8315E+01  0.4386E+00  0.1532E-02
  0.9071E+01  0.4981E+00  0.1862E-02
  0.9827E+01  0.5604E+00  0.2151E-02
  0.1058E+02  0.6256E+00  0.2386E-02
  0.1134E+02  0.6933E+00  0.2569E-02
  0.1209E+02  0.7631E+00  0.2714E-02
  0.1285E+02  0.8347E+00  0.2841E-02
  0.1361E+02  0.9077E+00  0.2979E-02
  0.1436E+02  0.9814E+00  0.3155E-02
  0.1512E+02  0.1055E+01  0.3387E-02
  0.1587E+02  0.1129E+01  0.3678E-02
  0.1663E+02  0.1201E+01  0.4017E-02
  0.1739E+02  0.1272E+01  0.4383E-02
  0.1814E+02  0.1341E+01  0.4753E-02
  0.1890E+02  0.1406E+01  0.5102E-02
  0.1965E+02  0.1468E+01  0.5413E-02
  0.2041E+02  0.1525E+01  0.5673E-02
  0.2117E+02  0.1577E+01  0.5875E-02
  0.2192E+02  0.1624E+01  0.6021E-02
  0.2268E+02  0.1664E+01  0.6119E-02
  0.2343E+02  0.1699E+01  0.6180E-02
  0.2419E+02  0.1726E+01  0.6222E-02
  0.2494E+02  0.1746E+01  0.6262E-02
  0.2570E+02  0.1759E+01  0.6316E-02
  0.2646E+02  0.1765E+01  0.6395E-02
  0.2721E+02  0.1763E+01  0.6502E-02
  0.2797E+02  0.1755E+01  0.6636E-02
  0.2872E+02  0.1740E+01  0.6791E-02
  0.2948E+02  0.1718E+01  0.6958E-02
  0.3024E+02  0.1690E+01  0.7130E-02
  0.3099E+02  0.1656E+01  0.7301E-02
  0.3175E+02  0.1617E+01  0.7470E-02
  0.3250E+02  0.1574E+01  0.7641E-02
  0.3326E+02  0.1526E+01  0.7820E-02
  0.3402E+02  0.1475E+01  0.8015E-02
  0.3477E+02  0.1422E+01  0.8230E-02
  0.3553E+02  0.1366E+01  0.8469E-02
  0.3628E+02  0.1309E+01  0.8730E-02
  0.3704E+02  0.1250E+01  0.9005E-02
  0.3780E+02  0.1192E+01  0.9284E-02
  0.3855E+02  0.1133E+01  0.9553E-02
  0.3931E+02  0.1075E+01  0.9801E-02
  0.4006E+02  0.1018E+01  0.1002E-01
  0.4082E+02  0.9618E+00  0.1019E-01
  0.4157E+02  0.9073E+00  0.1033E-01
  0.4233E+02  0.8546E+00  0.1042E-01
  0.4309E+02  0.8038E+00  0.1050E-01
  0.4384E+02  0.7551E+00  0.1055E-01
  0.4460E+02  0.7085E+00  0.1060E-01
  0.4535E+02  0.6641E+00  0.1067E-01
  0.4611E+02  0.6219E+00  0.1077E-01
  0.4687E+02  0.5819E+00  0.1089E-01
  0.4762E+02  0.5440E+00  0.1105E-01
  0.4838E+02  0.5083E+00  0.1123E-01
  0.4913E+02  0.4746E+00  0.1144E-01
  0.4989E+02  0.4429E+00  0.1165E-01
  0.5065E+02  0.4131E+00  0.1186E-01
  0.5140E+02  0.3852E+00  0.1206E-01
  0.5216E+02  0.3591E+00  0.1224E-01
  0.5291E+02  0.3348E+00  0.1240E-01
  0.5367E+02  0.3122E+00  0.1254E-01
  0.5443E+02  0.2913E+00  0.1267E-01
  0.5518E+02  0.2721E+00  0.1278E-01
  0.5594E+02  0.2545E+00  0.1290E-01
  0.5669E+02  0.2384E+00  0.1301E-01
  0.5745E+02  0.2240E+00  0.1312E-01
  0.5820E+02  0.2111E+00  0.1324E-01
  0.5896E+02  0.1997E+00  0.1335E-01
  0.5972E+02  0.1896E+00  0.1347E-01
  0.6047E+02  0.1810E+00  0.1358E-01
  0.6123E+02  0.1736E+00  0.1369E-01
  0.6198E+02  0.1673E+00  0.1379E-01
  0.6274E+02  0.1621E+00  0.1390E-01
  0.6350E+02  0.1579E+00  0.1402E-01
  0.6425E+02  0.1544E+00  0.1415E-01
  0.6501E+02  0.1516E+00  0.1429E-01
  0.6576E+02  0.1493E+00  0.1445E-01
  0.6652E+02  0.1474E+00  0.1463E-01
  0.6728E+02  0.1456E+00  0.1482E-01
  0.6803E+02  0.1439E+00  0.1500E-01
  0.6879E+02  0.1420E+00  0.1516E-01
  0.6954E+02  0.1400E+00  0.1529E-01
  0.7030E+02  0.1377E+00  0.1537E-01
  0.7106E+02  0.1349E+00  0.1538E-01
  0.7181E+02  0.1317E+00  0.1531E-01
  0.7257E+02  0.1279E+00  0.1516E-01
  0.7332E+02  0.1237E+00  0.1493E-01
  0.7408E+02  0.1189E+00  0.1462E-01
  0.7483E+02  0.1136E+00  0.1423E-01
  0.7559E+02  0.1080E+00  0.1379E-01
  0.7635E+02  0.1019E+00  0.1331E-01
  0.7710E+02  0.9568E-01  0.1280E-01
  0.7786E+02  0.8927E-01  0.1228E-01
  0.7861E+02  0.8283E-01  0.1178E-01
  0.7937E+02  0.7648E-01  0.1130E-01
  0.8013E+02  0.7032E-01  0.1086E-01
  0.8088E+02  0.6446E-01  0.1048E-01
  0.8164E+02  0.5899E-01  0.1015E-01
  0.8239E+02  0.5399E-01  0.9880E-02
  0.8315E+02  0.4951E-01  0.9671E-02
  0.8391E+02  0.4558E-01  0.9520E-02
  0.8466E+02  0.4221E-01  0.9425E-02
  0.8542E+02  0.3939E-01  0.9381E-02
  0.8617E+02  0.3705E-01  0.9380E-02
  0.8693E+02  0.3514E-01  0.9411E-02
  0.8769E+02  0.3356E-01  0.9459E-02
  0.8844E+02  0.3219E-01  0.9503E-02
  0.8920E+02  0.3091E-01  0.9514E-02
  0.8995E+02  0.2956E-01  0.9458E-02
  0.9071E+02  0.2801E-01  0.9290E-02
  0.9146E+02  0.2609E-01  0.8959E-02
  0.9222E+02  0.2368E-01  0.8408E-02
  0.9298E+02  0.2062E-01  0.7573E-02
  0.9373E+02  0.1681E-01  0.6385E-02
  0.9449E+02  0.1215E-01  0.4774E-02
  0.9524E+02  0.6559E-02  0.2668E-02
  0.9600E+02  0.0000E+00  0.0000E+00
